<?xml version="1.0" encoding="UTF-8"?>
<testng-results ignored="0" total="87" passed="53" failed="34" skipped="0">
  <reporter-output>
  </reporter-output>
  <suite started-at="2025-08-15T05:56:33 MYT" name="Surefire suite" finished-at="2025-08-15T05:56:35 MYT" duration-ms="1649">
    <groups>
      <group name="exception">
        <method signature="ComputerGettersAndSettersTest.ramSetGetHandlesValues(int)[pri:0, instance:computerstore_test.unit.ComputerGettersAndSettersTest@534df152]" name="ramSetGetHandlesValues" class="computerstore_test.unit.ComputerGettersAndSettersTest"/>
      </group> <!-- exception -->
      <group name="boundary">
        <method signature="ComputerConstructorsTest.constructor_setsAllFields_correctly(int,java.lang.String,java.lang.String,java.lang.String,java.lang.String,java.lang.String,int,java.lang.String,java.lang.String,java.lang.String,int,int,double)[pri:0, instance:computerstore_test.unit.ComputerConstructorsTest@4c6e276e]" name="constructor_setsAllFields_correctly" class="computerstore_test.unit.ComputerConstructorsTest"/>
        <method signature="ComputerGettersAndSettersTest.ramSetGetHandlesValues(int)[pri:0, instance:computerstore_test.unit.ComputerGettersAndSettersTest@534df152]" name="ramSetGetHandlesValues" class="computerstore_test.unit.ComputerGettersAndSettersTest"/>
        <method signature="ComputerGettersAndSettersTest.storageSetGet(int)[pri:0, instance:computerstore_test.unit.ComputerGettersAndSettersTest@534df152]" name="storageSetGet" class="computerstore_test.unit.ComputerGettersAndSettersTest"/>
      </group> <!-- boundary -->
      <group name="functional">
        <method signature="ComputerConstructorsTest.constructor_setsAllFields_correctly(int,java.lang.String,java.lang.String,java.lang.String,java.lang.String,java.lang.String,int,java.lang.String,java.lang.String,java.lang.String,int,int,double)[pri:0, instance:computerstore_test.unit.ComputerConstructorsTest@4c6e276e]" name="constructor_setsAllFields_correctly" class="computerstore_test.unit.ComputerConstructorsTest"/>
        <method signature="ComputerGettersAndSettersTest.cpuSetGet(java.lang.String)[pri:0, instance:computerstore_test.unit.ComputerGettersAndSettersTest@534df152]" name="cpuSetGet" class="computerstore_test.unit.ComputerGettersAndSettersTest"/>
        <method signature="ComputerGettersAndSettersTest.gpuSetGet(java.lang.String)[pri:0, instance:computerstore_test.unit.ComputerGettersAndSettersTest@534df152]" name="gpuSetGet" class="computerstore_test.unit.ComputerGettersAndSettersTest"/>
        <method signature="ComputerGettersAndSettersTest.motherboardSetGet(java.lang.String)[pri:0, instance:computerstore_test.unit.ComputerGettersAndSettersTest@534df152]" name="motherboardSetGet" class="computerstore_test.unit.ComputerGettersAndSettersTest"/>
      </group> <!-- functional -->
      <group name="unit">
        <method signature="ComputerConstructorsTest.constructor_setsAllFields_correctly(int,java.lang.String,java.lang.String,java.lang.String,java.lang.String,java.lang.String,int,java.lang.String,java.lang.String,java.lang.String,int,int,double)[pri:0, instance:computerstore_test.unit.ComputerConstructorsTest@4c6e276e]" name="constructor_setsAllFields_correctly" class="computerstore_test.unit.ComputerConstructorsTest"/>
        <method signature="ComputerGettersAndSettersTest.cpuSetGet(java.lang.String)[pri:0, instance:computerstore_test.unit.ComputerGettersAndSettersTest@534df152]" name="cpuSetGet" class="computerstore_test.unit.ComputerGettersAndSettersTest"/>
        <method signature="ComputerGettersAndSettersTest.gpuSetGet(java.lang.String)[pri:0, instance:computerstore_test.unit.ComputerGettersAndSettersTest@534df152]" name="gpuSetGet" class="computerstore_test.unit.ComputerGettersAndSettersTest"/>
        <method signature="ComputerGettersAndSettersTest.motherboardSetGet(java.lang.String)[pri:0, instance:computerstore_test.unit.ComputerGettersAndSettersTest@534df152]" name="motherboardSetGet" class="computerstore_test.unit.ComputerGettersAndSettersTest"/>
        <method signature="ComputerGettersAndSettersTest.ramSetGetHandlesValues(int)[pri:0, instance:computerstore_test.unit.ComputerGettersAndSettersTest@534df152]" name="ramSetGetHandlesValues" class="computerstore_test.unit.ComputerGettersAndSettersTest"/>
        <method signature="ComputerGettersAndSettersTest.storageSetGet(int)[pri:0, instance:computerstore_test.unit.ComputerGettersAndSettersTest@534df152]" name="storageSetGet" class="computerstore_test.unit.ComputerGettersAndSettersTest"/>
      </group> <!-- unit -->
    </groups>
    <test started-at="2025-08-15T05:56:33 MYT" name="Surefire test" finished-at="2025-08-15T05:56:35 MYT" duration-ms="1649">
      <class name="computerstore_test.unit.ComputerConstructorsTest">
        <test-method signature="constructor_setsAllFields_correctly(int,java.lang.String,java.lang.String,java.lang.String,java.lang.String,java.lang.String,int,java.lang.String,java.lang.String,java.lang.String,int,int,double)[pri:0, instance:computerstore_test.unit.ComputerConstructorsTest@4c6e276e]" started-at="2025-08-15T05:56:35 MYT" name="constructor_setsAllFields_correctly" data-provider="tenComputers" finished-at="2025-08-15T05:56:35 MYT" duration-ms="57" status="PASS">
          <params>
            <param index="0">
              <value>
                <![CDATA[100]]>
              </value>
            </param>
            <param index="1">
              <value>
                <![CDATA[Asus]]>
              </value>
            </param>
            <param index="2">
              <value>
                <![CDATA[ROG1]]>
              </value>
            </param>
            <param index="3">
              <value>
                <![CDATA[Desktop]]>
              </value>
            </param>
            <param index="4">
              <value>
                <![CDATA[30x20x2]]>
              </value>
            </param>
            <param index="5">
              <value>
                <![CDATA[Black]]>
              </value>
            </param>
            <param index="6">
              <value>
                <![CDATA[2020]]>
              </value>
            </param>
            <param index="7">
              <value>
                <![CDATA[Intel i5]]>
              </value>
            </param>
            <param index="8">
              <value>
                <![CDATA[RTX 4060]]>
              </value>
            </param>
            <param index="9">
              <value>
                <![CDATA[ATX]]>
              </value>
            </param>
            <param index="10">
              <value>
                <![CDATA[256]]>
              </value>
            </param>
            <param index="11">
              <value>
                <![CDATA[8]]>
              </value>
            </param>
            <param index="12">
              <value>
                <![CDATA[1200.0]]>
              </value>
            </param>
          </params>
          <reporter-output>
          </reporter-output>
        </test-method> <!-- constructor_setsAllFields_correctly -->
        <test-method signature="constructor_setsAllFields_correctly(int,java.lang.String,java.lang.String,java.lang.String,java.lang.String,java.lang.String,int,java.lang.String,java.lang.String,java.lang.String,int,int,double)[pri:0, instance:computerstore_test.unit.ComputerConstructorsTest@4c6e276e]" started-at="2025-08-15T05:56:35 MYT" name="constructor_setsAllFields_correctly" data-provider="tenComputers" finished-at="2025-08-15T05:56:35 MYT" duration-ms="0" status="PASS">
          <params>
            <param index="0">
              <value>
                <![CDATA[101]]>
              </value>
            </param>
            <param index="1">
              <value>
                <![CDATA[Dell]]>
              </value>
            </param>
            <param index="2">
              <value>
                <![CDATA[XPS2]]>
              </value>
            </param>
            <param index="3">
              <value>
                <![CDATA[Laptop]]>
              </value>
            </param>
            <param index="4">
              <value>
                <![CDATA[31x21x3]]>
              </value>
            </param>
            <param index="5">
              <value>
                <![CDATA[White]]>
              </value>
            </param>
            <param index="6">
              <value>
                <![CDATA[2021]]>
              </value>
            </param>
            <param index="7">
              <value>
                <![CDATA[Intel i7]]>
              </value>
            </param>
            <param index="8">
              <value>
                <![CDATA[Radeon RX 7800 XT]]>
              </value>
            </param>
            <param index="9">
              <value>
                <![CDATA[Micro-ATX]]>
              </value>
            </param>
            <param index="10">
              <value>
                <![CDATA[512]]>
              </value>
            </param>
            <param index="11">
              <value>
                <![CDATA[16]]>
              </value>
            </param>
            <param index="12">
              <value>
                <![CDATA[1275.0]]>
              </value>
            </param>
          </params>
          <reporter-output>
          </reporter-output>
        </test-method> <!-- constructor_setsAllFields_correctly -->
        <test-method signature="constructor_setsAllFields_correctly(int,java.lang.String,java.lang.String,java.lang.String,java.lang.String,java.lang.String,int,java.lang.String,java.lang.String,java.lang.String,int,int,double)[pri:0, instance:computerstore_test.unit.ComputerConstructorsTest@4c6e276e]" started-at="2025-08-15T05:56:35 MYT" name="constructor_setsAllFields_correctly" data-provider="tenComputers" finished-at="2025-08-15T05:56:35 MYT" duration-ms="0" status="PASS">
          <params>
            <param index="0">
              <value>
                <![CDATA[102]]>
              </value>
            </param>
            <param index="1">
              <value>
                <![CDATA[HP]]>
              </value>
            </param>
            <param index="2">
              <value>
                <![CDATA[Omen3]]>
              </value>
            </param>
            <param index="3">
              <value>
                <![CDATA[Desktop]]>
              </value>
            </param>
            <param index="4">
              <value>
                <![CDATA[32x22x4]]>
              </value>
            </param>
            <param index="5">
              <value>
                <![CDATA[Red]]>
              </value>
            </param>
            <param index="6">
              <value>
                <![CDATA[2022]]>
              </value>
            </param>
            <param index="7">
              <value>
                <![CDATA[Ryzen 5]]>
              </value>
            </param>
            <param index="8">
              <value>
                <![CDATA[Arc A770]]>
              </value>
            </param>
            <param index="9">
              <value>
                <![CDATA[Mini-ITX]]>
              </value>
            </param>
            <param index="10">
              <value>
                <![CDATA[1024]]>
              </value>
            </param>
            <param index="11">
              <value>
                <![CDATA[32]]>
              </value>
            </param>
            <param index="12">
              <value>
                <![CDATA[1350.0]]>
              </value>
            </param>
          </params>
          <reporter-output>
          </reporter-output>
        </test-method> <!-- constructor_setsAllFields_correctly -->
        <test-method signature="constructor_setsAllFields_correctly(int,java.lang.String,java.lang.String,java.lang.String,java.lang.String,java.lang.String,int,java.lang.String,java.lang.String,java.lang.String,int,int,double)[pri:0, instance:computerstore_test.unit.ComputerConstructorsTest@4c6e276e]" started-at="2025-08-15T05:56:35 MYT" name="constructor_setsAllFields_correctly" data-provider="tenComputers" finished-at="2025-08-15T05:56:35 MYT" duration-ms="0" status="PASS">
          <params>
            <param index="0">
              <value>
                <![CDATA[103]]>
              </value>
            </param>
            <param index="1">
              <value>
                <![CDATA[Acer]]>
              </value>
            </param>
            <param index="2">
              <value>
                <![CDATA[Nitro4]]>
              </value>
            </param>
            <param index="3">
              <value>
                <![CDATA[Laptop]]>
              </value>
            </param>
            <param index="4">
              <value>
                <![CDATA[33x23x5]]>
              </value>
            </param>
            <param index="5">
              <value>
                <![CDATA[Gray]]>
              </value>
            </param>
            <param index="6">
              <value>
                <![CDATA[2023]]>
              </value>
            </param>
            <param index="7">
              <value>
                <![CDATA[Ryzen 7]]>
              </value>
            </param>
            <param index="8">
              <value>
                <![CDATA[UHD Graphics]]>
              </value>
            </param>
            <param index="9">
              <value>
                <![CDATA[ATX]]>
              </value>
            </param>
            <param index="10">
              <value>
                <![CDATA[2048]]>
              </value>
            </param>
            <param index="11">
              <value>
                <![CDATA[64]]>
              </value>
            </param>
            <param index="12">
              <value>
                <![CDATA[1425.0]]>
              </value>
            </param>
          </params>
          <reporter-output>
          </reporter-output>
        </test-method> <!-- constructor_setsAllFields_correctly -->
        <test-method signature="constructor_setsAllFields_correctly(int,java.lang.String,java.lang.String,java.lang.String,java.lang.String,java.lang.String,int,java.lang.String,java.lang.String,java.lang.String,int,int,double)[pri:0, instance:computerstore_test.unit.ComputerConstructorsTest@4c6e276e]" started-at="2025-08-15T05:56:35 MYT" name="constructor_setsAllFields_correctly" data-provider="tenComputers" finished-at="2025-08-15T05:56:35 MYT" duration-ms="1" status="PASS">
          <params>
            <param index="0">
              <value>
                <![CDATA[104]]>
              </value>
            </param>
            <param index="1">
              <value>
                <![CDATA[Lenovo]]>
              </value>
            </param>
            <param index="2">
              <value>
                <![CDATA[Legion5]]>
              </value>
            </param>
            <param index="3">
              <value>
                <![CDATA[Desktop]]>
              </value>
            </param>
            <param index="4">
              <value>
                <![CDATA[34x24x6]]>
              </value>
            </param>
            <param index="5">
              <value>
                <![CDATA[Blue]]>
              </value>
            </param>
            <param index="6">
              <value>
                <![CDATA[2024]]>
              </value>
            </param>
            <param index="7">
              <value>
                <![CDATA[Apple M2]]>
              </value>
            </param>
            <param index="8">
              <value>
                <![CDATA[Iris Xe]]>
              </value>
            </param>
            <param index="9">
              <value>
                <![CDATA[Micro-ATX]]>
              </value>
            </param>
            <param index="10">
              <value>
                <![CDATA[256]]>
              </value>
            </param>
            <param index="11">
              <value>
                <![CDATA[8]]>
              </value>
            </param>
            <param index="12">
              <value>
                <![CDATA[1500.0]]>
              </value>
            </param>
          </params>
          <reporter-output>
          </reporter-output>
        </test-method> <!-- constructor_setsAllFields_correctly -->
        <test-method signature="constructor_setsAllFields_correctly(int,java.lang.String,java.lang.String,java.lang.String,java.lang.String,java.lang.String,int,java.lang.String,java.lang.String,java.lang.String,int,int,double)[pri:0, instance:computerstore_test.unit.ComputerConstructorsTest@4c6e276e]" started-at="2025-08-15T05:56:35 MYT" name="constructor_setsAllFields_correctly" data-provider="tenComputers" finished-at="2025-08-15T05:56:35 MYT" duration-ms="0" status="PASS">
          <params>
            <param index="0">
              <value>
                <![CDATA[105]]>
              </value>
            </param>
            <param index="1">
              <value>
                <![CDATA[MSI]]>
              </value>
            </param>
            <param index="2">
              <value>
                <![CDATA[Prestige6]]>
              </value>
            </param>
            <param index="3">
              <value>
                <![CDATA[Laptop]]>
              </value>
            </param>
            <param index="4">
              <value>
                <![CDATA[35x25x2]]>
              </value>
            </param>
            <param index="5">
              <value>
                <![CDATA[Black]]>
              </value>
            </param>
            <param index="6">
              <value>
                <![CDATA[2025]]>
              </value>
            </param>
            <param index="7">
              <value>
                <![CDATA[Intel i5]]>
              </value>
            </param>
            <param index="8">
              <value>
                <![CDATA[RTX 4070]]>
              </value>
            </param>
            <param index="9">
              <value>
                <![CDATA[Mini-ITX]]>
              </value>
            </param>
            <param index="10">
              <value>
                <![CDATA[512]]>
              </value>
            </param>
            <param index="11">
              <value>
                <![CDATA[16]]>
              </value>
            </param>
            <param index="12">
              <value>
                <![CDATA[1575.0]]>
              </value>
            </param>
          </params>
          <reporter-output>
          </reporter-output>
        </test-method> <!-- constructor_setsAllFields_correctly -->
        <test-method signature="constructor_setsAllFields_correctly(int,java.lang.String,java.lang.String,java.lang.String,java.lang.String,java.lang.String,int,java.lang.String,java.lang.String,java.lang.String,int,int,double)[pri:0, instance:computerstore_test.unit.ComputerConstructorsTest@4c6e276e]" started-at="2025-08-15T05:56:35 MYT" name="constructor_setsAllFields_correctly" data-provider="tenComputers" finished-at="2025-08-15T05:56:35 MYT" duration-ms="0" status="PASS">
          <params>
            <param index="0">
              <value>
                <![CDATA[106]]>
              </value>
            </param>
            <param index="1">
              <value>
                <![CDATA[Gigabyte]]>
              </value>
            </param>
            <param index="2">
              <value>
                <![CDATA[Aero7]]>
              </value>
            </param>
            <param index="3">
              <value>
                <![CDATA[Desktop]]>
              </value>
            </param>
            <param index="4">
              <value>
                <![CDATA[36x26x3]]>
              </value>
            </param>
            <param index="5">
              <value>
                <![CDATA[White]]>
              </value>
            </param>
            <param index="6">
              <value>
                <![CDATA[2020]]>
              </value>
            </param>
            <param index="7">
              <value>
                <![CDATA[Intel i7]]>
              </value>
            </param>
            <param index="8">
              <value>
                <![CDATA[Radeon RX 6600]]>
              </value>
            </param>
            <param index="9">
              <value>
                <![CDATA[ATX]]>
              </value>
            </param>
            <param index="10">
              <value>
                <![CDATA[1024]]>
              </value>
            </param>
            <param index="11">
              <value>
                <![CDATA[32]]>
              </value>
            </param>
            <param index="12">
              <value>
                <![CDATA[1650.0]]>
              </value>
            </param>
          </params>
          <reporter-output>
          </reporter-output>
        </test-method> <!-- constructor_setsAllFields_correctly -->
        <test-method signature="constructor_setsAllFields_correctly(int,java.lang.String,java.lang.String,java.lang.String,java.lang.String,java.lang.String,int,java.lang.String,java.lang.String,java.lang.String,int,int,double)[pri:0, instance:computerstore_test.unit.ComputerConstructorsTest@4c6e276e]" started-at="2025-08-15T05:56:35 MYT" name="constructor_setsAllFields_correctly" data-provider="tenComputers" finished-at="2025-08-15T05:56:35 MYT" duration-ms="0" status="PASS">
          <params>
            <param index="0">
              <value>
                <![CDATA[107]]>
              </value>
            </param>
            <param index="1">
              <value>
                <![CDATA[Apple]]>
              </value>
            </param>
            <param index="2">
              <value>
                <![CDATA[Mac8]]>
              </value>
            </param>
            <param index="3">
              <value>
                <![CDATA[Laptop]]>
              </value>
            </param>
            <param index="4">
              <value>
                <![CDATA[37x27x4]]>
              </value>
            </param>
            <param index="5">
              <value>
                <![CDATA[Red]]>
              </value>
            </param>
            <param index="6">
              <value>
                <![CDATA[2021]]>
              </value>
            </param>
            <param index="7">
              <value>
                <![CDATA[Ryzen 5]]>
              </value>
            </param>
            <param index="8">
              <value>
                <![CDATA[Arc A380]]>
              </value>
            </param>
            <param index="9">
              <value>
                <![CDATA[Micro-ATX]]>
              </value>
            </param>
            <param index="10">
              <value>
                <![CDATA[2048]]>
              </value>
            </param>
            <param index="11">
              <value>
                <![CDATA[64]]>
              </value>
            </param>
            <param index="12">
              <value>
                <![CDATA[1725.0]]>
              </value>
            </param>
          </params>
          <reporter-output>
          </reporter-output>
        </test-method> <!-- constructor_setsAllFields_correctly -->
        <test-method signature="constructor_setsAllFields_correctly(int,java.lang.String,java.lang.String,java.lang.String,java.lang.String,java.lang.String,int,java.lang.String,java.lang.String,java.lang.String,int,int,double)[pri:0, instance:computerstore_test.unit.ComputerConstructorsTest@4c6e276e]" started-at="2025-08-15T05:56:35 MYT" name="constructor_setsAllFields_correctly" data-provider="tenComputers" finished-at="2025-08-15T05:56:35 MYT" duration-ms="0" status="PASS">
          <params>
            <param index="0">
              <value>
                <![CDATA[108]]>
              </value>
            </param>
            <param index="1">
              <value>
                <![CDATA[Asus]]>
              </value>
            </param>
            <param index="2">
              <value>
                <![CDATA[ROG9]]>
              </value>
            </param>
            <param index="3">
              <value>
                <![CDATA[Desktop]]>
              </value>
            </param>
            <param index="4">
              <value>
                <![CDATA[38x28x5]]>
              </value>
            </param>
            <param index="5">
              <value>
                <![CDATA[Gray]]>
              </value>
            </param>
            <param index="6">
              <value>
                <![CDATA[2022]]>
              </value>
            </param>
            <param index="7">
              <value>
                <![CDATA[Ryzen 7]]>
              </value>
            </param>
            <param index="8">
              <value>
                <![CDATA[Integrated Graphics]]>
              </value>
            </param>
            <param index="9">
              <value>
                <![CDATA[Mini-ITX]]>
              </value>
            </param>
            <param index="10">
              <value>
                <![CDATA[256]]>
              </value>
            </param>
            <param index="11">
              <value>
                <![CDATA[8]]>
              </value>
            </param>
            <param index="12">
              <value>
                <![CDATA[1800.0]]>
              </value>
            </param>
          </params>
          <reporter-output>
          </reporter-output>
        </test-method> <!-- constructor_setsAllFields_correctly -->
        <test-method signature="constructor_setsAllFields_correctly(int,java.lang.String,java.lang.String,java.lang.String,java.lang.String,java.lang.String,int,java.lang.String,java.lang.String,java.lang.String,int,int,double)[pri:0, instance:computerstore_test.unit.ComputerConstructorsTest@4c6e276e]" started-at="2025-08-15T05:56:35 MYT" name="constructor_setsAllFields_correctly" data-provider="tenComputers" finished-at="2025-08-15T05:56:35 MYT" duration-ms="1" status="PASS">
          <params>
            <param index="0">
              <value>
                <![CDATA[109]]>
              </value>
            </param>
            <param index="1">
              <value>
                <![CDATA[Dell]]>
              </value>
            </param>
            <param index="2">
              <value>
                <![CDATA[XPS10]]>
              </value>
            </param>
            <param index="3">
              <value>
                <![CDATA[Laptop]]>
              </value>
            </param>
            <param index="4">
              <value>
                <![CDATA[39x29x6]]>
              </value>
            </param>
            <param index="5">
              <value>
                <![CDATA[Blue]]>
              </value>
            </param>
            <param index="6">
              <value>
                <![CDATA[2023]]>
              </value>
            </param>
            <param index="7">
              <value>
                <![CDATA[Apple M2]]>
              </value>
            </param>
            <param index="8">
              <value>
                <![CDATA[RTX 3050]]>
              </value>
            </param>
            <param index="9">
              <value>
                <![CDATA[ATX]]>
              </value>
            </param>
            <param index="10">
              <value>
                <![CDATA[512]]>
              </value>
            </param>
            <param index="11">
              <value>
                <![CDATA[16]]>
              </value>
            </param>
            <param index="12">
              <value>
                <![CDATA[1875.0]]>
              </value>
            </param>
          </params>
          <reporter-output>
          </reporter-output>
        </test-method> <!-- constructor_setsAllFields_correctly -->
      </class> <!-- computerstore_test.unit.ComputerConstructorsTest -->
      <class name="com.alphatechsz.computerstore.unit.LoginMenuTest">
        <test-method is-config="true" signature="beforeEach()[pri:0, instance:com.alphatechsz.computerstore.unit.LoginMenuTest@c8e4bb0]" started-at="2025-08-15T05:56:33 MYT" name="beforeEach" finished-at="2025-08-15T05:56:34 MYT" duration-ms="21" status="PASS">
          <reporter-output>
          </reporter-output>
        </test-method> <!-- beforeEach -->
        <test-method signature="testEmailFieldActionListenerNoOp()[pri:0, instance:com.alphatechsz.computerstore.unit.LoginMenuTest@c8e4bb0]" started-at="2025-08-15T05:56:34 MYT" name="testEmailFieldActionListenerNoOp" finished-at="2025-08-15T05:56:34 MYT" duration-ms="41" status="FAIL">
          <exception class="java.util.concurrent.ExecutionException">
            <message>
              <![CDATA[java.awt.HeadlessException]]>
            </message>
            <full-stacktrace>
              <![CDATA[java.util.concurrent.ExecutionException: java.awt.HeadlessException
at java.base/java.util.concurrent.FutureTask.report(FutureTask.java:124)
at java.base/java.util.concurrent.FutureTask.get(FutureTask.java:207)
at computerstore_test.support.SwingEdt.callAndWait(SwingEdt.java:26)
at computerstore_test.support.BaseSwingTest.onEdt(BaseSwingTest.java:71)
at com.alphatechsz.computerstore.unit.LoginMenuTest.testEmailFieldActionListenerNoOp(LoginMenuTest.java:138)
at java.base/jdk.internal.reflect.DirectMethodHandleAccessor.invoke(DirectMethodHandleAccessor.java:104)
at java.base/java.lang.reflect.Method.invoke(Method.java:565)
at org.testng.internal.invokers.MethodInvocationHelper.invokeMethod(MethodInvocationHelper.java:141)
at org.testng.internal.invokers.TestInvoker.invokeMethod(TestInvoker.java:686)
at org.testng.internal.invokers.TestInvoker.invokeTestMethod(TestInvoker.java:230)
at org.testng.internal.invokers.MethodRunner.runInSequence(MethodRunner.java:63)
at org.testng.internal.invokers.TestInvoker$MethodInvocationAgent.invoke(TestInvoker.java:992)
at org.testng.internal.invokers.TestInvoker.invokeTestMethods(TestInvoker.java:203)
at org.testng.internal.invokers.TestMethodWorker.invokeTestMethods(TestMethodWorker.java:154)
at org.testng.internal.invokers.TestMethodWorker.run(TestMethodWorker.java:134)
at java.base/java.util.ArrayList.forEach(ArrayList.java:1604)
at org.testng.TestRunner.privateRun(TestRunner.java:739)
at org.testng.TestRunner.run(TestRunner.java:614)
at org.testng.SuiteRunner.runTest(SuiteRunner.java:421)
at org.testng.SuiteRunner.runSequentially(SuiteRunner.java:413)
at org.testng.SuiteRunner.privateRun(SuiteRunner.java:373)
at org.testng.SuiteRunner.run(SuiteRunner.java:312)
at org.testng.SuiteRunnerWorker.runSuite(SuiteRunnerWorker.java:52)
at org.testng.SuiteRunnerWorker.run(SuiteRunnerWorker.java:95)
at org.testng.TestNG.runSuitesSequentially(TestNG.java:1274)
at org.testng.TestNG.runSuitesLocally(TestNG.java:1208)
at org.testng.TestNG.runSuites(TestNG.java:1112)
at org.testng.TestNG.run(TestNG.java:1079)
at org.apache.maven.surefire.testng.TestNGExecutor.run(TestNGExecutor.java:155)
at org.apache.maven.surefire.testng.TestNGDirectoryTestSuite.executeMulti(TestNGDirectoryTestSuite.java:169)
at org.apache.maven.surefire.testng.TestNGDirectoryTestSuite.execute(TestNGDirectoryTestSuite.java:88)
at org.apache.maven.surefire.testng.TestNGProvider.invoke(TestNGProvider.java:137)
at org.apache.maven.surefire.booter.ForkedBooter.runSuitesInProcess(ForkedBooter.java:385)
at org.apache.maven.surefire.booter.ForkedBooter.execute(ForkedBooter.java:162)
at org.apache.maven.surefire.booter.ForkedBooter.run(ForkedBooter.java:507)
at org.apache.maven.surefire.booter.ForkedBooter.main(ForkedBooter.java:495)
Caused by: java.awt.HeadlessException
at java.desktop/java.awt.GraphicsEnvironment.checkHeadless(GraphicsEnvironment.java:158)
at java.desktop/java.awt.Window.<init>(Window.java:518)
at java.desktop/java.awt.Frame.<init>(Frame.java:428)
at java.desktop/java.awt.Frame.<init>(Frame.java:393)
at java.desktop/javax.swing.JFrame.<init>(JFrame.java:180)
at com.alphatechsz.computerstore.LoginMenu.<init>(LoginMenu.java:19)
at com.alphatechsz.computerstore.unit.LoginMenuTest.lambda$testEmailFieldActionListenerNoOp$0(LoginMenuTest.java:138)
at java.base/java.util.concurrent.FutureTask.run(FutureTask.java:328)
at java.desktop/java.awt.event.InvocationEvent.dispatch(InvocationEvent.java:318)
at java.desktop/java.awt.EventQueue.dispatchEventImpl(EventQueue.java:723)
at java.desktop/java.awt.EventQueue.dispatchEvent(EventQueue.java:702)
at java.desktop/java.awt.EventDispatchThread.pumpOneEventForFilters(EventDispatchThread.java:203)
at java.desktop/java.awt.EventDispatchThread.pumpEventsForFilter(EventDispatchThread.java:124)
at java.desktop/java.awt.EventDispatchThread.pumpEventsForHierarchy(EventDispatchThread.java:113)
at java.desktop/java.awt.EventDispatchThread.pumpEvents(EventDispatchThread.java:109)
at java.desktop/java.awt.EventDispatchThread.pumpEvents(EventDispatchThread.java:101)
at java.desktop/java.awt.EventDispatchThread.run(EventDispatchThread.java:90)
]]>
            </full-stacktrace>
          </exception> <!-- java.util.concurrent.ExecutionException -->
          <reporter-output>
          </reporter-output>
        </test-method> <!-- testEmailFieldActionListenerNoOp -->
        <test-method is-config="true" signature="afterEach()[pri:0, instance:com.alphatechsz.computerstore.unit.LoginMenuTest@c8e4bb0]" started-at="2025-08-15T05:56:34 MYT" name="afterEach" finished-at="2025-08-15T05:56:34 MYT" duration-ms="0" status="PASS">
          <reporter-output>
          </reporter-output>
        </test-method> <!-- afterEach -->
        <test-method is-config="true" signature="beforeEach()[pri:0, instance:com.alphatechsz.computerstore.unit.LoginMenuTest@c8e4bb0]" started-at="2025-08-15T05:56:34 MYT" name="beforeEach" finished-at="2025-08-15T05:56:34 MYT" duration-ms="1" status="PASS">
          <reporter-output>
          </reporter-output>
        </test-method> <!-- beforeEach -->
        <test-method signature="testEmptyBothFieldsShowsError()[pri:0, instance:com.alphatechsz.computerstore.unit.LoginMenuTest@c8e4bb0]" started-at="2025-08-15T05:56:34 MYT" name="testEmptyBothFieldsShowsError" finished-at="2025-08-15T05:56:34 MYT" duration-ms="621" status="FAIL">
          <exception class="org.mockito.exceptions.base.MockitoException">
            <message>
              <![CDATA[Could not modify all classes [class javax.swing.JOptionPane]]]>
            </message>
            <full-stacktrace>
              <![CDATA[org.mockito.exceptions.base.MockitoException: Could not modify all classes [class javax.swing.JOptionPane]
at computerstore_test.support.JOptionPaneMock.<init>(JOptionPaneMock.java:16)
at computerstore_test.support.JOptionPaneMock.install(JOptionPaneMock.java:25)
at com.alphatechsz.computerstore.unit.LoginMenuTest.testEmptyBothFieldsShowsError(LoginMenuTest.java:124)
at java.base/jdk.internal.reflect.DirectMethodHandleAccessor.invoke(DirectMethodHandleAccessor.java:104)
at java.base/java.lang.reflect.Method.invoke(Method.java:565)
at org.testng.internal.invokers.MethodInvocationHelper.invokeMethod(MethodInvocationHelper.java:141)
at org.testng.internal.invokers.TestInvoker.invokeMethod(TestInvoker.java:686)
at org.testng.internal.invokers.TestInvoker.invokeTestMethod(TestInvoker.java:230)
at org.testng.internal.invokers.MethodRunner.runInSequence(MethodRunner.java:63)
at org.testng.internal.invokers.TestInvoker$MethodInvocationAgent.invoke(TestInvoker.java:992)
at org.testng.internal.invokers.TestInvoker.invokeTestMethods(TestInvoker.java:203)
at org.testng.internal.invokers.TestMethodWorker.invokeTestMethods(TestMethodWorker.java:154)
at org.testng.internal.invokers.TestMethodWorker.run(TestMethodWorker.java:134)
at java.base/java.util.ArrayList.forEach(ArrayList.java:1604)
at org.testng.TestRunner.privateRun(TestRunner.java:739)
at org.testng.TestRunner.run(TestRunner.java:614)
at org.testng.SuiteRunner.runTest(SuiteRunner.java:421)
at org.testng.SuiteRunner.runSequentially(SuiteRunner.java:413)
at org.testng.SuiteRunner.privateRun(SuiteRunner.java:373)
at org.testng.SuiteRunner.run(SuiteRunner.java:312)
at org.testng.SuiteRunnerWorker.runSuite(SuiteRunnerWorker.java:52)
at org.testng.SuiteRunnerWorker.run(SuiteRunnerWorker.java:95)
at org.testng.TestNG.runSuitesSequentially(TestNG.java:1274)
at org.testng.TestNG.runSuitesLocally(TestNG.java:1208)
at org.testng.TestNG.runSuites(TestNG.java:1112)
at org.testng.TestNG.run(TestNG.java:1079)
at org.apache.maven.surefire.testng.TestNGExecutor.run(TestNGExecutor.java:155)
at org.apache.maven.surefire.testng.TestNGDirectoryTestSuite.executeMulti(TestNGDirectoryTestSuite.java:169)
at org.apache.maven.surefire.testng.TestNGDirectoryTestSuite.execute(TestNGDirectoryTestSuite.java:88)
at org.apache.maven.surefire.testng.TestNGProvider.invoke(TestNGProvider.java:137)
at org.apache.maven.surefire.booter.ForkedBooter.runSuitesInProcess(ForkedBooter.java:385)
at org.apache.maven.surefire.booter.ForkedBooter.execute(ForkedBooter.java:162)
at org.apache.maven.surefire.booter.ForkedBooter.run(ForkedBooter.java:507)
at org.apache.maven.surefire.booter.ForkedBooter.main(ForkedBooter.java:495)
Caused by: java.lang.IllegalStateException: 
Byte Buddy could not instrument all classes within the mock's type hierarchy

This problem should never occur for javac-compiled classes. This problem has been observed for classes that are:
 - Compiled by older versions of scalac
 - Classes that are part of the Android distribution
at org.mockito.internal.creation.bytebuddy.InlineBytecodeGenerator.triggerRetransformation(InlineBytecodeGenerator.java:285)
at org.mockito.internal.creation.bytebuddy.InlineBytecodeGenerator.mockClassStatic(InlineBytecodeGenerator.java:226)
at org.mockito.internal.creation.bytebuddy.TypeCachingBytecodeGenerator.mockClassStatic(TypeCachingBytecodeGenerator.java:63)
at org.mockito.internal.creation.bytebuddy.InlineDelegateByteBuddyMockMaker.createStaticMock(InlineDelegateByteBuddyMockMaker.java:566)
at org.mockito.internal.creation.bytebuddy.InlineByteBuddyMockMaker.createStaticMock(InlineByteBuddyMockMaker.java:83)
at org.mockito.internal.util.MockUtil.createStaticMock(MockUtil.java:202)
at org.mockito.internal.MockitoCore.mockStatic(MockitoCore.java:134)
at org.mockito.Mockito.mockStatic(Mockito.java:2307)
at org.mockito.Mockito.mockStatic(Mockito.java:2244)
... 34 more
Caused by: java.lang.IllegalArgumentException: Java 24 (68) is not supported by the current version of Byte Buddy which officially supports Java 20 (64) - update Byte Buddy or set net.bytebuddy.experimental as a VM property
at net.bytebuddy.utility.OpenedClassReader.of(OpenedClassReader.java:96)
at net.bytebuddy.dynamic.scaffold.TypeWriter$Default$ForInlining.create(TypeWriter.java:4011)
at net.bytebuddy.dynamic.scaffold.TypeWriter$Default.make(TypeWriter.java:2224)
at net.bytebuddy.dynamic.DynamicType$Builder$AbstractBase$UsingTypeWriter.make(DynamicType.java:4050)
at net.bytebuddy.dynamic.DynamicType$Builder$AbstractBase.make(DynamicType.java:3734)
at org.mockito.internal.creation.bytebuddy.InlineBytecodeGenerator.transform(InlineBytecodeGenerator.java:402)
at java.instrument/java.lang.instrument.ClassFileTransformer.transform(ClassFileTransformer.java:257)
at java.instrument/sun.instrument.TransformerManager.transform(TransformerManager.java:188)
at java.instrument/sun.instrument.InstrumentationImpl.transform(InstrumentationImpl.java:594)
at java.instrument/sun.instrument.InstrumentationImpl.retransformClasses0(Native Method)
at java.instrument/sun.instrument.InstrumentationImpl.retransformClasses(InstrumentationImpl.java:221)
at org.mockito.internal.creation.bytebuddy.InlineBytecodeGenerator.triggerRetransformation(InlineBytecodeGenerator.java:281)
... 42 more
]]>
            </full-stacktrace>
          </exception> <!-- org.mockito.exceptions.base.MockitoException -->
          <reporter-output>
          </reporter-output>
        </test-method> <!-- testEmptyBothFieldsShowsError -->
        <test-method is-config="true" signature="afterEach()[pri:0, instance:com.alphatechsz.computerstore.unit.LoginMenuTest@c8e4bb0]" started-at="2025-08-15T05:56:34 MYT" name="afterEach" finished-at="2025-08-15T05:56:34 MYT" duration-ms="0" status="PASS">
          <reporter-output>
          </reporter-output>
        </test-method> <!-- afterEach -->
        <test-method is-config="true" signature="beforeEach()[pri:0, instance:com.alphatechsz.computerstore.unit.LoginMenuTest@c8e4bb0]" started-at="2025-08-15T05:56:34 MYT" name="beforeEach" finished-at="2025-08-15T05:56:34 MYT" duration-ms="0" status="PASS">
          <reporter-output>
          </reporter-output>
        </test-method> <!-- beforeEach -->
        <test-method signature="testExitButtonDisposesFrame()[pri:0, instance:com.alphatechsz.computerstore.unit.LoginMenuTest@c8e4bb0]" started-at="2025-08-15T05:56:34 MYT" name="testExitButtonDisposesFrame" finished-at="2025-08-15T05:56:34 MYT" duration-ms="32" status="FAIL">
          <exception class="org.mockito.exceptions.base.MockitoException">
            <message>
              <![CDATA[Could not modify all classes [class javax.swing.JOptionPane]]]>
            </message>
            <full-stacktrace>
              <![CDATA[org.mockito.exceptions.base.MockitoException: Could not modify all classes [class javax.swing.JOptionPane]
at computerstore_test.support.JOptionPaneMock.<init>(JOptionPaneMock.java:16)
at computerstore_test.support.JOptionPaneMock.install(JOptionPaneMock.java:25)
at com.alphatechsz.computerstore.unit.LoginMenuTest.testExitButtonDisposesFrame(LoginMenuTest.java:87)
at java.base/jdk.internal.reflect.DirectMethodHandleAccessor.invoke(DirectMethodHandleAccessor.java:104)
at java.base/java.lang.reflect.Method.invoke(Method.java:565)
at org.testng.internal.invokers.MethodInvocationHelper.invokeMethod(MethodInvocationHelper.java:141)
at org.testng.internal.invokers.TestInvoker.invokeMethod(TestInvoker.java:686)
at org.testng.internal.invokers.TestInvoker.invokeTestMethod(TestInvoker.java:230)
at org.testng.internal.invokers.MethodRunner.runInSequence(MethodRunner.java:63)
at org.testng.internal.invokers.TestInvoker$MethodInvocationAgent.invoke(TestInvoker.java:992)
at org.testng.internal.invokers.TestInvoker.invokeTestMethods(TestInvoker.java:203)
at org.testng.internal.invokers.TestMethodWorker.invokeTestMethods(TestMethodWorker.java:154)
at org.testng.internal.invokers.TestMethodWorker.run(TestMethodWorker.java:134)
at java.base/java.util.ArrayList.forEach(ArrayList.java:1604)
at org.testng.TestRunner.privateRun(TestRunner.java:739)
at org.testng.TestRunner.run(TestRunner.java:614)
at org.testng.SuiteRunner.runTest(SuiteRunner.java:421)
at org.testng.SuiteRunner.runSequentially(SuiteRunner.java:413)
at org.testng.SuiteRunner.privateRun(SuiteRunner.java:373)
at org.testng.SuiteRunner.run(SuiteRunner.java:312)
at org.testng.SuiteRunnerWorker.runSuite(SuiteRunnerWorker.java:52)
at org.testng.SuiteRunnerWorker.run(SuiteRunnerWorker.java:95)
at org.testng.TestNG.runSuitesSequentially(TestNG.java:1274)
at org.testng.TestNG.runSuitesLocally(TestNG.java:1208)
at org.testng.TestNG.runSuites(TestNG.java:1112)
at org.testng.TestNG.run(TestNG.java:1079)
at org.apache.maven.surefire.testng.TestNGExecutor.run(TestNGExecutor.java:155)
at org.apache.maven.surefire.testng.TestNGDirectoryTestSuite.executeMulti(TestNGDirectoryTestSuite.java:169)
at org.apache.maven.surefire.testng.TestNGDirectoryTestSuite.execute(TestNGDirectoryTestSuite.java:88)
at org.apache.maven.surefire.testng.TestNGProvider.invoke(TestNGProvider.java:137)
at org.apache.maven.surefire.booter.ForkedBooter.runSuitesInProcess(ForkedBooter.java:385)
at org.apache.maven.surefire.booter.ForkedBooter.execute(ForkedBooter.java:162)
at org.apache.maven.surefire.booter.ForkedBooter.run(ForkedBooter.java:507)
at org.apache.maven.surefire.booter.ForkedBooter.main(ForkedBooter.java:495)
Caused by: java.lang.IllegalStateException: 
Byte Buddy could not instrument all classes within the mock's type hierarchy

This problem should never occur for javac-compiled classes. This problem has been observed for classes that are:
 - Compiled by older versions of scalac
 - Classes that are part of the Android distribution
at org.mockito.internal.creation.bytebuddy.InlineBytecodeGenerator.triggerRetransformation(InlineBytecodeGenerator.java:285)
at org.mockito.internal.creation.bytebuddy.InlineBytecodeGenerator.mockClassStatic(InlineBytecodeGenerator.java:226)
at org.mockito.internal.creation.bytebuddy.TypeCachingBytecodeGenerator.mockClassStatic(TypeCachingBytecodeGenerator.java:63)
at org.mockito.internal.creation.bytebuddy.InlineDelegateByteBuddyMockMaker.createStaticMock(InlineDelegateByteBuddyMockMaker.java:566)
at org.mockito.internal.creation.bytebuddy.InlineByteBuddyMockMaker.createStaticMock(InlineByteBuddyMockMaker.java:83)
at org.mockito.internal.util.MockUtil.createStaticMock(MockUtil.java:202)
at org.mockito.internal.MockitoCore.mockStatic(MockitoCore.java:134)
at org.mockito.Mockito.mockStatic(Mockito.java:2307)
at org.mockito.Mockito.mockStatic(Mockito.java:2244)
... 34 more
Caused by: java.lang.IllegalArgumentException: Java 24 (68) is not supported by the current version of Byte Buddy which officially supports Java 20 (64) - update Byte Buddy or set net.bytebuddy.experimental as a VM property
at net.bytebuddy.utility.OpenedClassReader.of(OpenedClassReader.java:96)
at net.bytebuddy.dynamic.scaffold.TypeWriter$Default$ForInlining.create(TypeWriter.java:4011)
at net.bytebuddy.dynamic.scaffold.TypeWriter$Default.make(TypeWriter.java:2224)
at net.bytebuddy.dynamic.DynamicType$Builder$AbstractBase$UsingTypeWriter.make(DynamicType.java:4050)
at net.bytebuddy.dynamic.DynamicType$Builder$AbstractBase.make(DynamicType.java:3734)
at org.mockito.internal.creation.bytebuddy.InlineBytecodeGenerator.transform(InlineBytecodeGenerator.java:402)
at java.instrument/java.lang.instrument.ClassFileTransformer.transform(ClassFileTransformer.java:257)
at java.instrument/sun.instrument.TransformerManager.transform(TransformerManager.java:188)
at java.instrument/sun.instrument.InstrumentationImpl.transform(InstrumentationImpl.java:594)
at java.instrument/sun.instrument.InstrumentationImpl.retransformClasses0(Native Method)
at java.instrument/sun.instrument.InstrumentationImpl.retransformClasses(InstrumentationImpl.java:221)
at org.mockito.internal.creation.bytebuddy.InlineBytecodeGenerator.triggerRetransformation(InlineBytecodeGenerator.java:281)
... 42 more
]]>
            </full-stacktrace>
          </exception> <!-- org.mockito.exceptions.base.MockitoException -->
          <reporter-output>
          </reporter-output>
        </test-method> <!-- testExitButtonDisposesFrame -->
        <test-method is-config="true" signature="afterEach()[pri:0, instance:com.alphatechsz.computerstore.unit.LoginMenuTest@c8e4bb0]" started-at="2025-08-15T05:56:34 MYT" name="afterEach" finished-at="2025-08-15T05:56:34 MYT" duration-ms="0" status="PASS">
          <reporter-output>
          </reporter-output>
        </test-method> <!-- afterEach -->
        <test-method signature="testLoginAction(java.lang.String,java.lang.String,boolean)[pri:0, instance:com.alphatechsz.computerstore.unit.LoginMenuTest@c8e4bb0]" started-at="2025-08-15T05:56:34 MYT" name="testLoginAction" data-provider="loginCases" finished-at="2025-08-15T05:56:34 MYT" duration-ms="204" status="FAIL">
          <params>
            <param index="0">
              <value>
                <![CDATA[99999]]>
              </value>
            </param>
            <param index="1">
              <value>
                <![CDATA[Secret123]]>
              </value>
            </param>
            <param index="2">
              <value>
                <![CDATA[false]]>
              </value>
            </param>
          </params>
          <exception class="org.mockito.exceptions.base.MockitoException">
            <message>
              <![CDATA[Could not modify all classes [class javax.swing.JOptionPane]]]>
            </message>
            <full-stacktrace>
              <![CDATA[org.mockito.exceptions.base.MockitoException: Could not modify all classes [class javax.swing.JOptionPane]
at computerstore_test.support.JOptionPaneMock.<init>(JOptionPaneMock.java:16)
at computerstore_test.support.JOptionPaneMock.install(JOptionPaneMock.java:25)
at com.alphatechsz.computerstore.unit.LoginMenuTest.testLoginAction(LoginMenuTest.java:56)
at java.base/jdk.internal.reflect.DirectMethodHandleAccessor.invoke(DirectMethodHandleAccessor.java:104)
at java.base/java.lang.reflect.Method.invoke(Method.java:565)
at org.testng.internal.invokers.MethodInvocationHelper.invokeMethod(MethodInvocationHelper.java:141)
at org.testng.internal.invokers.TestInvoker.invokeMethod(TestInvoker.java:686)
at org.testng.internal.invokers.TestInvoker.invokeTestMethod(TestInvoker.java:230)
at org.testng.internal.invokers.TestMethodWithDataProviderMethodWorker.call(TestMethodWithDataProviderMethodWorker.java:81)
at org.testng.internal.thread.Async$AsyncTask.run(Async.java:34)
at java.base/java.util.concurrent.ThreadPoolExecutor.runWorker(ThreadPoolExecutor.java:1095)
at java.base/java.util.concurrent.ThreadPoolExecutor$Worker.run(ThreadPoolExecutor.java:619)
at java.base/java.lang.Thread.run(Thread.java:1447)
Caused by: java.lang.IllegalStateException: 
Byte Buddy could not instrument all classes within the mock's type hierarchy

This problem should never occur for javac-compiled classes. This problem has been observed for classes that are:
 - Compiled by older versions of scalac
 - Classes that are part of the Android distribution
at org.mockito.internal.creation.bytebuddy.InlineBytecodeGenerator.triggerRetransformation(InlineBytecodeGenerator.java:285)
at org.mockito.internal.creation.bytebuddy.InlineBytecodeGenerator.mockClassStatic(InlineBytecodeGenerator.java:226)
at org.mockito.internal.creation.bytebuddy.TypeCachingBytecodeGenerator.mockClassStatic(TypeCachingBytecodeGenerator.java:63)
at org.mockito.internal.creation.bytebuddy.InlineDelegateByteBuddyMockMaker.createStaticMock(InlineDelegateByteBuddyMockMaker.java:566)
at org.mockito.internal.creation.bytebuddy.InlineByteBuddyMockMaker.createStaticMock(InlineByteBuddyMockMaker.java:83)
at org.mockito.internal.util.MockUtil.createStaticMock(MockUtil.java:202)
at org.mockito.internal.MockitoCore.mockStatic(MockitoCore.java:134)
at org.mockito.Mockito.mockStatic(Mockito.java:2307)
at org.mockito.Mockito.mockStatic(Mockito.java:2244)
... 13 more
Caused by: java.lang.IllegalArgumentException: Java 24 (68) is not supported by the current version of Byte Buddy which officially supports Java 20 (64) - update Byte Buddy or set net.bytebuddy.experimental as a VM property
at net.bytebuddy.utility.OpenedClassReader.of(OpenedClassReader.java:96)
at net.bytebuddy.dynamic.scaffold.TypeWriter$Default$ForInlining.create(TypeWriter.java:4011)
at net.bytebuddy.dynamic.scaffold.TypeWriter$Default.make(TypeWriter.java:2224)
at net.bytebuddy.dynamic.DynamicType$Builder$AbstractBase$UsingTypeWriter.make(DynamicType.java:4050)
at net.bytebuddy.dynamic.DynamicType$Builder$AbstractBase.make(DynamicType.java:3734)
at org.mockito.internal.creation.bytebuddy.InlineBytecodeGenerator.transform(InlineBytecodeGenerator.java:402)
at java.instrument/java.lang.instrument.ClassFileTransformer.transform(ClassFileTransformer.java:257)
at java.instrument/sun.instrument.TransformerManager.transform(TransformerManager.java:188)
at java.instrument/sun.instrument.InstrumentationImpl.transform(InstrumentationImpl.java:594)
at java.instrument/sun.instrument.InstrumentationImpl.retransformClasses0(Native Method)
at java.instrument/sun.instrument.InstrumentationImpl.retransformClasses(InstrumentationImpl.java:221)
at org.mockito.internal.creation.bytebuddy.InlineBytecodeGenerator.triggerRetransformation(InlineBytecodeGenerator.java:281)
... 21 more
]]>
            </full-stacktrace>
          </exception> <!-- org.mockito.exceptions.base.MockitoException -->
          <reporter-output>
          </reporter-output>
        </test-method> <!-- testLoginAction -->
        <test-method signature="testLoginAction(java.lang.String,java.lang.String,boolean)[pri:0, instance:com.alphatechsz.computerstore.unit.LoginMenuTest@c8e4bb0]" started-at="2025-08-15T05:56:34 MYT" name="testLoginAction" data-provider="loginCases" finished-at="2025-08-15T05:56:34 MYT" duration-ms="129" status="FAIL">
          <params>
            <param index="0">
              <value>
                <![CDATA[alice@example.com]]>
              </value>
            </param>
            <param index="1">
              <value>
                <![CDATA[wrong]]>
              </value>
            </param>
            <param index="2">
              <value>
                <![CDATA[false]]>
              </value>
            </param>
          </params>
          <exception class="org.mockito.exceptions.base.MockitoException">
            <message>
              <![CDATA[Could not modify all classes [class javax.swing.JOptionPane]]]>
            </message>
            <full-stacktrace>
              <![CDATA[org.mockito.exceptions.base.MockitoException: Could not modify all classes [class javax.swing.JOptionPane]
at computerstore_test.support.JOptionPaneMock.<init>(JOptionPaneMock.java:16)
at computerstore_test.support.JOptionPaneMock.install(JOptionPaneMock.java:25)
at com.alphatechsz.computerstore.unit.LoginMenuTest.testLoginAction(LoginMenuTest.java:56)
at java.base/jdk.internal.reflect.DirectMethodHandleAccessor.invoke(DirectMethodHandleAccessor.java:104)
at java.base/java.lang.reflect.Method.invoke(Method.java:565)
at org.testng.internal.invokers.MethodInvocationHelper.invokeMethod(MethodInvocationHelper.java:141)
at org.testng.internal.invokers.TestInvoker.invokeMethod(TestInvoker.java:686)
at org.testng.internal.invokers.TestInvoker.invokeTestMethod(TestInvoker.java:230)
at org.testng.internal.invokers.TestMethodWithDataProviderMethodWorker.call(TestMethodWithDataProviderMethodWorker.java:81)
at org.testng.internal.thread.Async$AsyncTask.run(Async.java:34)
at java.base/java.util.concurrent.ThreadPoolExecutor.runWorker(ThreadPoolExecutor.java:1095)
at java.base/java.util.concurrent.ThreadPoolExecutor$Worker.run(ThreadPoolExecutor.java:619)
at java.base/java.lang.Thread.run(Thread.java:1447)
Caused by: java.lang.IllegalStateException: 
Byte Buddy could not instrument all classes within the mock's type hierarchy

This problem should never occur for javac-compiled classes. This problem has been observed for classes that are:
 - Compiled by older versions of scalac
 - Classes that are part of the Android distribution
at org.mockito.internal.creation.bytebuddy.InlineBytecodeGenerator.triggerRetransformation(InlineBytecodeGenerator.java:285)
at org.mockito.internal.creation.bytebuddy.InlineBytecodeGenerator.mockClassStatic(InlineBytecodeGenerator.java:226)
at org.mockito.internal.creation.bytebuddy.TypeCachingBytecodeGenerator.mockClassStatic(TypeCachingBytecodeGenerator.java:63)
at org.mockito.internal.creation.bytebuddy.InlineDelegateByteBuddyMockMaker.createStaticMock(InlineDelegateByteBuddyMockMaker.java:566)
at org.mockito.internal.creation.bytebuddy.InlineByteBuddyMockMaker.createStaticMock(InlineByteBuddyMockMaker.java:83)
at org.mockito.internal.util.MockUtil.createStaticMock(MockUtil.java:202)
at org.mockito.internal.MockitoCore.mockStatic(MockitoCore.java:134)
at org.mockito.Mockito.mockStatic(Mockito.java:2307)
at org.mockito.Mockito.mockStatic(Mockito.java:2244)
... 13 more
Caused by: java.lang.IllegalArgumentException: Java 24 (68) is not supported by the current version of Byte Buddy which officially supports Java 20 (64) - update Byte Buddy or set net.bytebuddy.experimental as a VM property
at net.bytebuddy.utility.OpenedClassReader.of(OpenedClassReader.java:96)
at net.bytebuddy.dynamic.scaffold.TypeWriter$Default$ForInlining.create(TypeWriter.java:4011)
at net.bytebuddy.dynamic.scaffold.TypeWriter$Default.make(TypeWriter.java:2224)
at net.bytebuddy.dynamic.DynamicType$Builder$AbstractBase$UsingTypeWriter.make(DynamicType.java:4050)
at net.bytebuddy.dynamic.DynamicType$Builder$AbstractBase.make(DynamicType.java:3734)
at org.mockito.internal.creation.bytebuddy.InlineBytecodeGenerator.transform(InlineBytecodeGenerator.java:402)
at java.instrument/java.lang.instrument.ClassFileTransformer.transform(ClassFileTransformer.java:257)
at java.instrument/sun.instrument.TransformerManager.transform(TransformerManager.java:188)
at java.instrument/sun.instrument.InstrumentationImpl.transform(InstrumentationImpl.java:594)
at java.instrument/sun.instrument.InstrumentationImpl.retransformClasses0(Native Method)
at java.instrument/sun.instrument.InstrumentationImpl.retransformClasses(InstrumentationImpl.java:221)
at org.mockito.internal.creation.bytebuddy.InlineBytecodeGenerator.triggerRetransformation(InlineBytecodeGenerator.java:281)
... 21 more
]]>
            </full-stacktrace>
          </exception> <!-- org.mockito.exceptions.base.MockitoException -->
          <reporter-output>
          </reporter-output>
        </test-method> <!-- testLoginAction -->
        <test-method signature="testLoginAction(java.lang.String,java.lang.String,boolean)[pri:0, instance:com.alphatechsz.computerstore.unit.LoginMenuTest@c8e4bb0]" started-at="2025-08-15T05:56:34 MYT" name="testLoginAction" data-provider="loginCases" finished-at="2025-08-15T05:56:34 MYT" duration-ms="148" status="FAIL">
          <params>
            <param index="0">
              <value>
                <![CDATA[alice@example.com]]>
              </value>
            </param>
            <param index="1">
              <value>
                <![CDATA[Secret123]]>
              </value>
            </param>
            <param index="2">
              <value>
                <![CDATA[true]]>
              </value>
            </param>
          </params>
          <exception class="org.mockito.exceptions.base.MockitoException">
            <message>
              <![CDATA[Could not modify all classes [class javax.swing.JOptionPane]]]>
            </message>
            <full-stacktrace>
              <![CDATA[org.mockito.exceptions.base.MockitoException: Could not modify all classes [class javax.swing.JOptionPane]
at computerstore_test.support.JOptionPaneMock.<init>(JOptionPaneMock.java:16)
at computerstore_test.support.JOptionPaneMock.install(JOptionPaneMock.java:25)
at com.alphatechsz.computerstore.unit.LoginMenuTest.testLoginAction(LoginMenuTest.java:56)
at java.base/jdk.internal.reflect.DirectMethodHandleAccessor.invoke(DirectMethodHandleAccessor.java:104)
at java.base/java.lang.reflect.Method.invoke(Method.java:565)
at org.testng.internal.invokers.MethodInvocationHelper.invokeMethod(MethodInvocationHelper.java:141)
at org.testng.internal.invokers.TestInvoker.invokeMethod(TestInvoker.java:686)
at org.testng.internal.invokers.TestInvoker.invokeTestMethod(TestInvoker.java:230)
at org.testng.internal.invokers.TestMethodWithDataProviderMethodWorker.call(TestMethodWithDataProviderMethodWorker.java:81)
at org.testng.internal.thread.Async$AsyncTask.run(Async.java:34)
at java.base/java.util.concurrent.ThreadPoolExecutor.runWorker(ThreadPoolExecutor.java:1095)
at java.base/java.util.concurrent.ThreadPoolExecutor$Worker.run(ThreadPoolExecutor.java:619)
at java.base/java.lang.Thread.run(Thread.java:1447)
Caused by: java.lang.IllegalStateException: 
Byte Buddy could not instrument all classes within the mock's type hierarchy

This problem should never occur for javac-compiled classes. This problem has been observed for classes that are:
 - Compiled by older versions of scalac
 - Classes that are part of the Android distribution
at org.mockito.internal.creation.bytebuddy.InlineBytecodeGenerator.triggerRetransformation(InlineBytecodeGenerator.java:285)
at org.mockito.internal.creation.bytebuddy.InlineBytecodeGenerator.mockClassStatic(InlineBytecodeGenerator.java:226)
at org.mockito.internal.creation.bytebuddy.TypeCachingBytecodeGenerator.mockClassStatic(TypeCachingBytecodeGenerator.java:63)
at org.mockito.internal.creation.bytebuddy.InlineDelegateByteBuddyMockMaker.createStaticMock(InlineDelegateByteBuddyMockMaker.java:566)
at org.mockito.internal.creation.bytebuddy.InlineByteBuddyMockMaker.createStaticMock(InlineByteBuddyMockMaker.java:83)
at org.mockito.internal.util.MockUtil.createStaticMock(MockUtil.java:202)
at org.mockito.internal.MockitoCore.mockStatic(MockitoCore.java:134)
at org.mockito.Mockito.mockStatic(Mockito.java:2307)
at org.mockito.Mockito.mockStatic(Mockito.java:2244)
... 13 more
Caused by: java.lang.IllegalArgumentException: Java 24 (68) is not supported by the current version of Byte Buddy which officially supports Java 20 (64) - update Byte Buddy or set net.bytebuddy.experimental as a VM property
at net.bytebuddy.utility.OpenedClassReader.of(OpenedClassReader.java:96)
at net.bytebuddy.dynamic.scaffold.TypeWriter$Default$ForInlining.create(TypeWriter.java:4011)
at net.bytebuddy.dynamic.scaffold.TypeWriter$Default.make(TypeWriter.java:2224)
at net.bytebuddy.dynamic.DynamicType$Builder$AbstractBase$UsingTypeWriter.make(DynamicType.java:4050)
at net.bytebuddy.dynamic.DynamicType$Builder$AbstractBase.make(DynamicType.java:3734)
at org.mockito.internal.creation.bytebuddy.InlineBytecodeGenerator.transform(InlineBytecodeGenerator.java:402)
at java.instrument/java.lang.instrument.ClassFileTransformer.transform(ClassFileTransformer.java:257)
at java.instrument/sun.instrument.TransformerManager.transform(TransformerManager.java:188)
at java.instrument/sun.instrument.InstrumentationImpl.transform(InstrumentationImpl.java:594)
at java.instrument/sun.instrument.InstrumentationImpl.retransformClasses0(Native Method)
at java.instrument/sun.instrument.InstrumentationImpl.retransformClasses(InstrumentationImpl.java:221)
at org.mockito.internal.creation.bytebuddy.InlineBytecodeGenerator.triggerRetransformation(InlineBytecodeGenerator.java:281)
... 21 more
]]>
            </full-stacktrace>
          </exception> <!-- org.mockito.exceptions.base.MockitoException -->
          <reporter-output>
          </reporter-output>
        </test-method> <!-- testLoginAction -->
        <test-method signature="testLoginAction(java.lang.String,java.lang.String,boolean)[pri:0, instance:com.alphatechsz.computerstore.unit.LoginMenuTest@c8e4bb0]" started-at="2025-08-15T05:56:34 MYT" name="testLoginAction" data-provider="loginCases" finished-at="2025-08-15T05:56:34 MYT" duration-ms="93" status="FAIL">
          <params>
            <param index="0">
              <value>
                <![CDATA[12345]]>
              </value>
            </param>
            <param index="1">
              <value>
                <![CDATA[Secret123]]>
              </value>
            </param>
            <param index="2">
              <value>
                <![CDATA[true]]>
              </value>
            </param>
          </params>
          <exception class="org.mockito.exceptions.base.MockitoException">
            <message>
              <![CDATA[Could not modify all classes [class javax.swing.JOptionPane]]]>
            </message>
            <full-stacktrace>
              <![CDATA[org.mockito.exceptions.base.MockitoException: Could not modify all classes [class javax.swing.JOptionPane]
at computerstore_test.support.JOptionPaneMock.<init>(JOptionPaneMock.java:16)
at computerstore_test.support.JOptionPaneMock.install(JOptionPaneMock.java:25)
at com.alphatechsz.computerstore.unit.LoginMenuTest.testLoginAction(LoginMenuTest.java:56)
at java.base/jdk.internal.reflect.DirectMethodHandleAccessor.invoke(DirectMethodHandleAccessor.java:104)
at java.base/java.lang.reflect.Method.invoke(Method.java:565)
at org.testng.internal.invokers.MethodInvocationHelper.invokeMethod(MethodInvocationHelper.java:141)
at org.testng.internal.invokers.TestInvoker.invokeMethod(TestInvoker.java:686)
at org.testng.internal.invokers.TestInvoker.invokeTestMethod(TestInvoker.java:230)
at org.testng.internal.invokers.TestMethodWithDataProviderMethodWorker.call(TestMethodWithDataProviderMethodWorker.java:81)
at org.testng.internal.thread.Async$AsyncTask.run(Async.java:34)
at java.base/java.util.concurrent.ThreadPoolExecutor.runWorker(ThreadPoolExecutor.java:1095)
at java.base/java.util.concurrent.ThreadPoolExecutor$Worker.run(ThreadPoolExecutor.java:619)
at java.base/java.lang.Thread.run(Thread.java:1447)
Caused by: java.lang.IllegalStateException: 
Byte Buddy could not instrument all classes within the mock's type hierarchy

This problem should never occur for javac-compiled classes. This problem has been observed for classes that are:
 - Compiled by older versions of scalac
 - Classes that are part of the Android distribution
at org.mockito.internal.creation.bytebuddy.InlineBytecodeGenerator.triggerRetransformation(InlineBytecodeGenerator.java:285)
at org.mockito.internal.creation.bytebuddy.InlineBytecodeGenerator.mockClassStatic(InlineBytecodeGenerator.java:226)
at org.mockito.internal.creation.bytebuddy.TypeCachingBytecodeGenerator.mockClassStatic(TypeCachingBytecodeGenerator.java:63)
at org.mockito.internal.creation.bytebuddy.InlineDelegateByteBuddyMockMaker.createStaticMock(InlineDelegateByteBuddyMockMaker.java:566)
at org.mockito.internal.creation.bytebuddy.InlineByteBuddyMockMaker.createStaticMock(InlineByteBuddyMockMaker.java:83)
at org.mockito.internal.util.MockUtil.createStaticMock(MockUtil.java:202)
at org.mockito.internal.MockitoCore.mockStatic(MockitoCore.java:134)
at org.mockito.Mockito.mockStatic(Mockito.java:2307)
at org.mockito.Mockito.mockStatic(Mockito.java:2244)
... 13 more
Caused by: java.lang.IllegalArgumentException: Java 24 (68) is not supported by the current version of Byte Buddy which officially supports Java 20 (64) - update Byte Buddy or set net.bytebuddy.experimental as a VM property
at net.bytebuddy.utility.OpenedClassReader.of(OpenedClassReader.java:96)
at net.bytebuddy.dynamic.scaffold.TypeWriter$Default$ForInlining.create(TypeWriter.java:4011)
at net.bytebuddy.dynamic.scaffold.TypeWriter$Default.make(TypeWriter.java:2224)
at net.bytebuddy.dynamic.DynamicType$Builder$AbstractBase$UsingTypeWriter.make(DynamicType.java:4050)
at net.bytebuddy.dynamic.DynamicType$Builder$AbstractBase.make(DynamicType.java:3734)
at org.mockito.internal.creation.bytebuddy.InlineBytecodeGenerator.transform(InlineBytecodeGenerator.java:402)
at java.instrument/java.lang.instrument.ClassFileTransformer.transform(ClassFileTransformer.java:257)
at java.instrument/sun.instrument.TransformerManager.transform(TransformerManager.java:188)
at java.instrument/sun.instrument.InstrumentationImpl.transform(InstrumentationImpl.java:594)
at java.instrument/sun.instrument.InstrumentationImpl.retransformClasses0(Native Method)
at java.instrument/sun.instrument.InstrumentationImpl.retransformClasses(InstrumentationImpl.java:221)
at org.mockito.internal.creation.bytebuddy.InlineBytecodeGenerator.triggerRetransformation(InlineBytecodeGenerator.java:281)
... 21 more
]]>
            </full-stacktrace>
          </exception> <!-- org.mockito.exceptions.base.MockitoException -->
          <reporter-output>
          </reporter-output>
        </test-method> <!-- testLoginAction -->
        <test-method signature="testLoginAction(java.lang.String,java.lang.String,boolean)[pri:0, instance:com.alphatechsz.computerstore.unit.LoginMenuTest@c8e4bb0]" started-at="2025-08-15T05:56:34 MYT" name="testLoginAction" data-provider="loginCases" finished-at="2025-08-15T05:56:34 MYT" duration-ms="221" status="FAIL">
          <params>
            <param index="0">
              <value>
                <![CDATA[12345]]>
              </value>
            </param>
            <param index="1">
              <value>
                <![CDATA[secret123]]>
              </value>
            </param>
            <param index="2">
              <value>
                <![CDATA[true]]>
              </value>
            </param>
          </params>
          <exception class="org.mockito.exceptions.base.MockitoException">
            <message>
              <![CDATA[Could not modify all classes [class javax.swing.JOptionPane]]]>
            </message>
            <full-stacktrace>
              <![CDATA[org.mockito.exceptions.base.MockitoException: Could not modify all classes [class javax.swing.JOptionPane]
at computerstore_test.support.JOptionPaneMock.<init>(JOptionPaneMock.java:16)
at computerstore_test.support.JOptionPaneMock.install(JOptionPaneMock.java:25)
at com.alphatechsz.computerstore.unit.LoginMenuTest.testLoginAction(LoginMenuTest.java:56)
at java.base/jdk.internal.reflect.DirectMethodHandleAccessor.invoke(DirectMethodHandleAccessor.java:104)
at java.base/java.lang.reflect.Method.invoke(Method.java:565)
at org.testng.internal.invokers.MethodInvocationHelper.invokeMethod(MethodInvocationHelper.java:141)
at org.testng.internal.invokers.TestInvoker.invokeMethod(TestInvoker.java:686)
at org.testng.internal.invokers.TestInvoker.invokeTestMethod(TestInvoker.java:230)
at org.testng.internal.invokers.TestMethodWithDataProviderMethodWorker.call(TestMethodWithDataProviderMethodWorker.java:81)
at org.testng.internal.thread.Async$AsyncTask.run(Async.java:34)
at java.base/java.util.concurrent.ThreadPoolExecutor.runWorker(ThreadPoolExecutor.java:1095)
at java.base/java.util.concurrent.ThreadPoolExecutor$Worker.run(ThreadPoolExecutor.java:619)
at java.base/java.lang.Thread.run(Thread.java:1447)
Caused by: java.lang.IllegalStateException: 
Byte Buddy could not instrument all classes within the mock's type hierarchy

This problem should never occur for javac-compiled classes. This problem has been observed for classes that are:
 - Compiled by older versions of scalac
 - Classes that are part of the Android distribution
at org.mockito.internal.creation.bytebuddy.InlineBytecodeGenerator.triggerRetransformation(InlineBytecodeGenerator.java:285)
at org.mockito.internal.creation.bytebuddy.InlineBytecodeGenerator.mockClassStatic(InlineBytecodeGenerator.java:226)
at org.mockito.internal.creation.bytebuddy.TypeCachingBytecodeGenerator.mockClassStatic(TypeCachingBytecodeGenerator.java:63)
at org.mockito.internal.creation.bytebuddy.InlineDelegateByteBuddyMockMaker.createStaticMock(InlineDelegateByteBuddyMockMaker.java:566)
at org.mockito.internal.creation.bytebuddy.InlineByteBuddyMockMaker.createStaticMock(InlineByteBuddyMockMaker.java:83)
at org.mockito.internal.util.MockUtil.createStaticMock(MockUtil.java:202)
at org.mockito.internal.MockitoCore.mockStatic(MockitoCore.java:134)
at org.mockito.Mockito.mockStatic(Mockito.java:2307)
at org.mockito.Mockito.mockStatic(Mockito.java:2244)
... 13 more
Caused by: java.lang.IllegalArgumentException: Java 24 (68) is not supported by the current version of Byte Buddy which officially supports Java 20 (64) - update Byte Buddy or set net.bytebuddy.experimental as a VM property
at net.bytebuddy.utility.OpenedClassReader.of(OpenedClassReader.java:96)
at net.bytebuddy.dynamic.scaffold.TypeWriter$Default$ForInlining.create(TypeWriter.java:4011)
at net.bytebuddy.dynamic.scaffold.TypeWriter$Default.make(TypeWriter.java:2224)
at net.bytebuddy.dynamic.DynamicType$Builder$AbstractBase$UsingTypeWriter.make(DynamicType.java:4050)
at net.bytebuddy.dynamic.DynamicType$Builder$AbstractBase.make(DynamicType.java:3734)
at org.mockito.internal.creation.bytebuddy.InlineBytecodeGenerator.transform(InlineBytecodeGenerator.java:402)
at java.instrument/java.lang.instrument.ClassFileTransformer.transform(ClassFileTransformer.java:257)
at java.instrument/sun.instrument.TransformerManager.transform(TransformerManager.java:188)
at java.instrument/sun.instrument.InstrumentationImpl.transform(InstrumentationImpl.java:594)
at java.instrument/sun.instrument.InstrumentationImpl.retransformClasses0(Native Method)
at java.instrument/sun.instrument.InstrumentationImpl.retransformClasses(InstrumentationImpl.java:221)
at org.mockito.internal.creation.bytebuddy.InlineBytecodeGenerator.triggerRetransformation(InlineBytecodeGenerator.java:281)
... 21 more
]]>
            </full-stacktrace>
          </exception> <!-- org.mockito.exceptions.base.MockitoException -->
          <reporter-output>
          </reporter-output>
        </test-method> <!-- testLoginAction -->
        <test-method signature="testLoginAction(java.lang.String,java.lang.String,boolean)[pri:0, instance:com.alphatechsz.computerstore.unit.LoginMenuTest@c8e4bb0]" started-at="2025-08-15T05:56:34 MYT" name="testLoginAction" data-provider="loginCases" finished-at="2025-08-15T05:56:34 MYT" duration-ms="188" status="FAIL">
          <params>
            <param index="0">
              <value>
                <![CDATA[ALICE@EXAMPLE.COM]]>
              </value>
            </param>
            <param index="1">
              <value>
                <![CDATA[secret123]]>
              </value>
            </param>
            <param index="2">
              <value>
                <![CDATA[true]]>
              </value>
            </param>
          </params>
          <exception class="org.mockito.exceptions.base.MockitoException">
            <message>
              <![CDATA[Could not modify all classes [class javax.swing.JOptionPane]]]>
            </message>
            <full-stacktrace>
              <![CDATA[org.mockito.exceptions.base.MockitoException: Could not modify all classes [class javax.swing.JOptionPane]
at computerstore_test.support.JOptionPaneMock.<init>(JOptionPaneMock.java:16)
at computerstore_test.support.JOptionPaneMock.install(JOptionPaneMock.java:25)
at com.alphatechsz.computerstore.unit.LoginMenuTest.testLoginAction(LoginMenuTest.java:56)
at java.base/jdk.internal.reflect.DirectMethodHandleAccessor.invoke(DirectMethodHandleAccessor.java:104)
at java.base/java.lang.reflect.Method.invoke(Method.java:565)
at org.testng.internal.invokers.MethodInvocationHelper.invokeMethod(MethodInvocationHelper.java:141)
at org.testng.internal.invokers.TestInvoker.invokeMethod(TestInvoker.java:686)
at org.testng.internal.invokers.TestInvoker.invokeTestMethod(TestInvoker.java:230)
at org.testng.internal.invokers.TestMethodWithDataProviderMethodWorker.call(TestMethodWithDataProviderMethodWorker.java:81)
at org.testng.internal.thread.Async$AsyncTask.run(Async.java:34)
at java.base/java.util.concurrent.ThreadPoolExecutor.runWorker(ThreadPoolExecutor.java:1095)
at java.base/java.util.concurrent.ThreadPoolExecutor$Worker.run(ThreadPoolExecutor.java:619)
at java.base/java.lang.Thread.run(Thread.java:1447)
Caused by: java.lang.IllegalStateException: 
Byte Buddy could not instrument all classes within the mock's type hierarchy

This problem should never occur for javac-compiled classes. This problem has been observed for classes that are:
 - Compiled by older versions of scalac
 - Classes that are part of the Android distribution
at org.mockito.internal.creation.bytebuddy.InlineBytecodeGenerator.triggerRetransformation(InlineBytecodeGenerator.java:285)
at org.mockito.internal.creation.bytebuddy.InlineBytecodeGenerator.mockClassStatic(InlineBytecodeGenerator.java:226)
at org.mockito.internal.creation.bytebuddy.TypeCachingBytecodeGenerator.mockClassStatic(TypeCachingBytecodeGenerator.java:63)
at org.mockito.internal.creation.bytebuddy.InlineDelegateByteBuddyMockMaker.createStaticMock(InlineDelegateByteBuddyMockMaker.java:566)
at org.mockito.internal.creation.bytebuddy.InlineByteBuddyMockMaker.createStaticMock(InlineByteBuddyMockMaker.java:83)
at org.mockito.internal.util.MockUtil.createStaticMock(MockUtil.java:202)
at org.mockito.internal.MockitoCore.mockStatic(MockitoCore.java:134)
at org.mockito.Mockito.mockStatic(Mockito.java:2307)
at org.mockito.Mockito.mockStatic(Mockito.java:2244)
... 13 more
Caused by: java.lang.IllegalArgumentException: Java 24 (68) is not supported by the current version of Byte Buddy which officially supports Java 20 (64) - update Byte Buddy or set net.bytebuddy.experimental as a VM property
at net.bytebuddy.utility.OpenedClassReader.of(OpenedClassReader.java:96)
at net.bytebuddy.dynamic.scaffold.TypeWriter$Default$ForInlining.create(TypeWriter.java:4011)
at net.bytebuddy.dynamic.scaffold.TypeWriter$Default.make(TypeWriter.java:2224)
at net.bytebuddy.dynamic.DynamicType$Builder$AbstractBase$UsingTypeWriter.make(DynamicType.java:4050)
at net.bytebuddy.dynamic.DynamicType$Builder$AbstractBase.make(DynamicType.java:3734)
at org.mockito.internal.creation.bytebuddy.InlineBytecodeGenerator.transform(InlineBytecodeGenerator.java:402)
at java.instrument/java.lang.instrument.ClassFileTransformer.transform(ClassFileTransformer.java:257)
at java.instrument/sun.instrument.TransformerManager.transform(TransformerManager.java:188)
at java.instrument/sun.instrument.InstrumentationImpl.transform(InstrumentationImpl.java:594)
at java.instrument/sun.instrument.InstrumentationImpl.retransformClasses0(Native Method)
at java.instrument/sun.instrument.InstrumentationImpl.retransformClasses(InstrumentationImpl.java:221)
at org.mockito.internal.creation.bytebuddy.InlineBytecodeGenerator.triggerRetransformation(InlineBytecodeGenerator.java:281)
... 21 more
]]>
            </full-stacktrace>
          </exception> <!-- org.mockito.exceptions.base.MockitoException -->
          <reporter-output>
          </reporter-output>
        </test-method> <!-- testLoginAction -->
        <test-method is-config="true" signature="beforeEach()[pri:0, instance:com.alphatechsz.computerstore.unit.LoginMenuTest@c8e4bb0]" started-at="2025-08-15T05:56:34 MYT" name="beforeEach" finished-at="2025-08-15T05:56:34 MYT" duration-ms="0" status="PASS">
          <reporter-output>
          </reporter-output>
        </test-method> <!-- beforeEach -->
        <test-method is-config="true" signature="beforeEach()[pri:0, instance:com.alphatechsz.computerstore.unit.LoginMenuTest@c8e4bb0]" started-at="2025-08-15T05:56:34 MYT" name="beforeEach" finished-at="2025-08-15T05:56:34 MYT" duration-ms="0" status="PASS">
          <reporter-output>
          </reporter-output>
        </test-method> <!-- beforeEach -->
[...]
          <params>
            <param index="0">
              <value>
                <![CDATA[Radeon RX 7800 XT]]>
              </value>
            </param>
          </params>
          <reporter-output>
          </reporter-output>
        </test-method> <!-- gpuSetGet -->
        <test-method signature="gpuSetGet(java.lang.String)[pri:0, instance:computerstore_test.unit.ComputerGettersAndSettersTest@534df152]" started-at="2025-08-15T05:56:35 MYT" name="gpuSetGet" data-provider="gpuValues" finished-at="2025-08-15T05:56:35 MYT" duration-ms="0" status="PASS">
          <params>
            <param index="0">
              <value>
                <![CDATA[UHD Graphics]]>
              </value>
            </param>
          </params>
          <reporter-output>
          </reporter-output>
        </test-method> <!-- gpuSetGet -->
        <test-method signature="gpuSetGet(java.lang.String)[pri:0, instance:computerstore_test.unit.ComputerGettersAndSettersTest@534df152]" started-at="2025-08-15T05:56:35 MYT" name="gpuSetGet" data-provider="gpuValues" finished-at="2025-08-15T05:56:35 MYT" duration-ms="0" status="PASS">
          <params>
            <param index="0">
              <value>
                <![CDATA[PowerVR]]>
              </value>
            </param>
          </params>
          <reporter-output>
          </reporter-output>
        </test-method> <!-- gpuSetGet -->
        <test-method signature="gpuSetGet(java.lang.String)[pri:0, instance:computerstore_test.unit.ComputerGettersAndSettersTest@534df152]" started-at="2025-08-15T05:56:35 MYT" name="gpuSetGet" data-provider="gpuValues" finished-at="2025-08-15T05:56:35 MYT" duration-ms="0" status="PASS">
          <params>
            <param index="0">
              <value>
                <![CDATA[Iris Xe]]>
              </value>
            </param>
          </params>
          <reporter-output>
          </reporter-output>
        </test-method> <!-- gpuSetGet -->
        <test-method signature="gpuSetGet(java.lang.String)[pri:0, instance:computerstore_test.unit.ComputerGettersAndSettersTest@534df152]" started-at="2025-08-15T05:56:35 MYT" name="gpuSetGet" data-provider="gpuValues" finished-at="2025-08-15T05:56:35 MYT" duration-ms="0" status="PASS">
          <params>
            <param index="0">
              <value>
                <![CDATA[Adreno 740]]>
              </value>
            </param>
          </params>
          <reporter-output>
          </reporter-output>
        </test-method> <!-- gpuSetGet -->
        <test-method signature="motherboardSetGet(java.lang.String)[pri:0, instance:computerstore_test.unit.ComputerGettersAndSettersTest@534df152]" started-at="2025-08-15T05:56:35 MYT" name="motherboardSetGet" data-provider="motherboardValues" finished-at="2025-08-15T05:56:35 MYT" duration-ms="0" status="PASS">
          <params>
            <param index="0">
              <value>
                <![CDATA[ATX]]>
              </value>
            </param>
          </params>
          <reporter-output>
          </reporter-output>
        </test-method> <!-- motherboardSetGet -->
        <test-method signature="motherboardSetGet(java.lang.String)[pri:0, instance:computerstore_test.unit.ComputerGettersAndSettersTest@534df152]" started-at="2025-08-15T05:56:35 MYT" name="motherboardSetGet" data-provider="motherboardValues" finished-at="2025-08-15T05:56:35 MYT" duration-ms="0" status="PASS">
          <params>
            <param index="0">
              <value>
                <![CDATA[Mini-ITX]]>
              </value>
            </param>
          </params>
          <reporter-output>
          </reporter-output>
        </test-method> <!-- motherboardSetGet -->
        <test-method signature="motherboardSetGet(java.lang.String)[pri:0, instance:computerstore_test.unit.ComputerGettersAndSettersTest@534df152]" started-at="2025-08-15T05:56:35 MYT" name="motherboardSetGet" data-provider="motherboardValues" finished-at="2025-08-15T05:56:35 MYT" duration-ms="0" status="PASS">
          <params>
            <param index="0">
              <value>
                <![CDATA[Micro-ATX]]>
              </value>
            </param>
          </params>
          <reporter-output>
          </reporter-output>
        </test-method> <!-- motherboardSetGet -->
        <test-method signature="ramSetGetHandlesValues(int)[pri:0, instance:computerstore_test.unit.ComputerGettersAndSettersTest@534df152]" started-at="2025-08-15T05:56:35 MYT" name="ramSetGetHandlesValues" data-provider="ramValues" finished-at="2025-08-15T05:56:35 MYT" duration-ms="2" status="PASS">
          <params>
            <param index="0">
              <value>
                <![CDATA[0]]>
              </value>
            </param>
          </params>
          <reporter-output>
          </reporter-output>
        </test-method> <!-- ramSetGetHandlesValues -->
        <test-method signature="motherboardSetGet(java.lang.String)[pri:0, instance:computerstore_test.unit.ComputerGettersAndSettersTest@534df152]" started-at="2025-08-15T05:56:35 MYT" name="motherboardSetGet" data-provider="motherboardValues" finished-at="2025-08-15T05:56:35 MYT" duration-ms="0" status="PASS">
          <params>
            <param index="0">
              <value>
                <![CDATA[E-ATX]]>
              </value>
            </param>
          </params>
          <reporter-output>
          </reporter-output>
        </test-method> <!-- motherboardSetGet -->
        <test-method signature="ramSetGetHandlesValues(int)[pri:0, instance:computerstore_test.unit.ComputerGettersAndSettersTest@534df152]" started-at="2025-08-15T05:56:35 MYT" name="ramSetGetHandlesValues" data-provider="ramValues" finished-at="2025-08-15T05:56:35 MYT" duration-ms="1" status="PASS">
          <params>
            <param index="0">
              <value>
                <![CDATA[1]]>
              </value>
            </param>
          </params>
          <reporter-output>
          </reporter-output>
        </test-method> <!-- ramSetGetHandlesValues -->
        <test-method signature="ramSetGetHandlesValues(int)[pri:0, instance:computerstore_test.unit.ComputerGettersAndSettersTest@534df152]" started-at="2025-08-15T05:56:35 MYT" name="ramSetGetHandlesValues" data-provider="ramValues" finished-at="2025-08-15T05:56:35 MYT" duration-ms="0" status="PASS">
          <params>
            <param index="0">
              <value>
                <![CDATA[4]]>
              </value>
            </param>
          </params>
          <reporter-output>
          </reporter-output>
        </test-method> <!-- ramSetGetHandlesValues -->
        <test-method signature="ramSetGetHandlesValues(int)[pri:0, instance:computerstore_test.unit.ComputerGettersAndSettersTest@534df152]" started-at="2025-08-15T05:56:35 MYT" name="ramSetGetHandlesValues" data-provider="ramValues" finished-at="2025-08-15T05:56:35 MYT" duration-ms="0" status="PASS">
          <params>
            <param index="0">
              <value>
                <![CDATA[2]]>
              </value>
            </param>
          </params>
          <reporter-output>
          </reporter-output>
        </test-method> <!-- ramSetGetHandlesValues -->
        <test-method signature="ramSetGetHandlesValues(int)[pri:0, instance:computerstore_test.unit.ComputerGettersAndSettersTest@534df152]" started-at="2025-08-15T05:56:35 MYT" name="ramSetGetHandlesValues" data-provider="ramValues" finished-at="2025-08-15T05:56:35 MYT" duration-ms="0" status="PASS">
          <params>
            <param index="0">
              <value>
                <![CDATA[8]]>
              </value>
            </param>
          </params>
          <reporter-output>
          </reporter-output>
        </test-method> <!-- ramSetGetHandlesValues -->
        <test-method signature="ramSetGetHandlesValues(int)[pri:0, instance:computerstore_test.unit.ComputerGettersAndSettersTest@534df152]" started-at="2025-08-15T05:56:35 MYT" name="ramSetGetHandlesValues" data-provider="ramValues" finished-at="2025-08-15T05:56:35 MYT" duration-ms="1" status="PASS">
          <params>
            <param index="0">
              <value>
                <![CDATA[16]]>
              </value>
            </param>
          </params>
          <reporter-output>
          </reporter-output>
        </test-method> <!-- ramSetGetHandlesValues -->
        <test-method signature="ramSetGetHandlesValues(int)[pri:0, instance:computerstore_test.unit.ComputerGettersAndSettersTest@534df152]" started-at="2025-08-15T05:56:35 MYT" name="ramSetGetHandlesValues" data-provider="ramValues" finished-at="2025-08-15T05:56:35 MYT" duration-ms="0" status="PASS">
          <params>
            <param index="0">
              <value>
                <![CDATA[32]]>
              </value>
            </param>
          </params>
          <reporter-output>
          </reporter-output>
        </test-method> <!-- ramSetGetHandlesValues -->
        <test-method signature="ramSetGetHandlesValues(int)[pri:0, instance:computerstore_test.unit.ComputerGettersAndSettersTest@534df152]" started-at="2025-08-15T05:56:35 MYT" name="ramSetGetHandlesValues" data-provider="ramValues" finished-at="2025-08-15T05:56:35 MYT" duration-ms="0" status="PASS">
          <params>
            <param index="0">
              <value>
                <![CDATA[64]]>
              </value>
            </param>
          </params>
          <reporter-output>
          </reporter-output>
        </test-method> <!-- ramSetGetHandlesValues -->
        <test-method signature="ramSetGetHandlesValues(int)[pri:0, instance:computerstore_test.unit.ComputerGettersAndSettersTest@534df152]" started-at="2025-08-15T05:56:35 MYT" name="ramSetGetHandlesValues" data-provider="ramValues" finished-at="2025-08-15T05:56:35 MYT" duration-ms="0" status="PASS">
          <params>
            <param index="0">
              <value>
                <![CDATA[512]]>
              </value>
            </param>
          </params>
          <reporter-output>
          </reporter-output>
        </test-method> <!-- ramSetGetHandlesValues -->
        <test-method signature="ramSetGetHandlesValues(int)[pri:0, instance:computerstore_test.unit.ComputerGettersAndSettersTest@534df152]" started-at="2025-08-15T05:56:35 MYT" name="ramSetGetHandlesValues" data-provider="ramValues" finished-at="2025-08-15T05:56:35 MYT" duration-ms="0" status="PASS">
          <params>
            <param index="0">
              <value>
                <![CDATA[256]]>
              </value>
            </param>
          </params>
          <reporter-output>
          </reporter-output>
        </test-method> <!-- ramSetGetHandlesValues -->
        <test-method signature="ramSetGetHandlesValues(int)[pri:0, instance:computerstore_test.unit.ComputerGettersAndSettersTest@534df152]" started-at="2025-08-15T05:56:35 MYT" name="ramSetGetHandlesValues" data-provider="ramValues" finished-at="2025-08-15T05:56:35 MYT" duration-ms="0" status="PASS">
          <params>
            <param index="0">
              <value>
                <![CDATA[128]]>
              </value>
            </param>
          </params>
          <reporter-output>
          </reporter-output>
        </test-method> <!-- ramSetGetHandlesValues -->
        <test-method signature="ramSetGetHandlesValues(int)[pri:0, instance:computerstore_test.unit.ComputerGettersAndSettersTest@534df152]" started-at="2025-08-15T05:56:35 MYT" name="ramSetGetHandlesValues" data-provider="ramValues" finished-at="2025-08-15T05:56:35 MYT" duration-ms="0" status="PASS">
          <params>
            <param index="0">
              <value>
                <![CDATA[-16]]>
              </value>
            </param>
          </params>
          <reporter-output>
          </reporter-output>
        </test-method> <!-- ramSetGetHandlesValues -->
        <test-method signature="ramSetGetHandlesValues(int)[pri:0, instance:computerstore_test.unit.ComputerGettersAndSettersTest@534df152]" started-at="2025-08-15T05:56:35 MYT" name="ramSetGetHandlesValues" data-provider="ramValues" finished-at="2025-08-15T05:56:35 MYT" duration-ms="0" status="PASS">
          <params>
            <param index="0">
              <value>
                <![CDATA[-1]]>
              </value>
            </param>
          </params>
          <reporter-output>
          </reporter-output>
        </test-method> <!-- ramSetGetHandlesValues -->
        <test-method signature="storageSetGet(int)[pri:0, instance:computerstore_test.unit.ComputerGettersAndSettersTest@534df152]" started-at="2025-08-15T05:56:35 MYT" name="storageSetGet" data-provider="storageValues" finished-at="2025-08-15T05:56:35 MYT" duration-ms="0" status="PASS">
          <params>
            <param index="0">
              <value>
                <![CDATA[0]]>
              </value>
            </param>
          </params>
          <reporter-output>
          </reporter-output>
        </test-method> <!-- storageSetGet -->
        <test-method signature="storageSetGet(int)[pri:0, instance:computerstore_test.unit.ComputerGettersAndSettersTest@534df152]" started-at="2025-08-15T05:56:35 MYT" name="storageSetGet" data-provider="storageValues" finished-at="2025-08-15T05:56:35 MYT" duration-ms="1" status="PASS">
          <params>
            <param index="0">
              <value>
                <![CDATA[1]]>
              </value>
            </param>
          </params>
          <reporter-output>
          </reporter-output>
        </test-method> <!-- storageSetGet -->
        <test-method signature="storageSetGet(int)[pri:0, instance:computerstore_test.unit.ComputerGettersAndSettersTest@534df152]" started-at="2025-08-15T05:56:35 MYT" name="storageSetGet" data-provider="storageValues" finished-at="2025-08-15T05:56:35 MYT" duration-ms="0" status="PASS">
          <params>
            <param index="0">
              <value>
                <![CDATA[64]]>
              </value>
            </param>
          </params>
          <reporter-output>
          </reporter-output>
        </test-method> <!-- storageSetGet -->
        <test-method signature="storageSetGet(int)[pri:0, instance:computerstore_test.unit.ComputerGettersAndSettersTest@534df152]" started-at="2025-08-15T05:56:35 MYT" name="storageSetGet" data-provider="storageValues" finished-at="2025-08-15T05:56:35 MYT" duration-ms="0" status="PASS">
          <params>
            <param index="0">
              <value>
                <![CDATA[128]]>
              </value>
            </param>
          </params>
          <reporter-output>
          </reporter-output>
        </test-method> <!-- storageSetGet -->
        <test-method signature="storageSetGet(int)[pri:0, instance:computerstore_test.unit.ComputerGettersAndSettersTest@534df152]" started-at="2025-08-15T05:56:35 MYT" name="storageSetGet" data-provider="storageValues" finished-at="2025-08-15T05:56:35 MYT" duration-ms="0" status="PASS">
          <params>
            <param index="0">
              <value>
                <![CDATA[512]]>
              </value>
            </param>
          </params>
          <reporter-output>
          </reporter-output>
        </test-method> <!-- storageSetGet -->
        <test-method signature="storageSetGet(int)[pri:0, instance:computerstore_test.unit.ComputerGettersAndSettersTest@534df152]" started-at="2025-08-15T05:56:35 MYT" name="storageSetGet" data-provider="storageValues" finished-at="2025-08-15T05:56:35 MYT" duration-ms="0" status="PASS">
          <params>
            <param index="0">
              <value>
                <![CDATA[256]]>
              </value>
            </param>
          </params>
          <reporter-output>
          </reporter-output>
        </test-method> <!-- storageSetGet -->
        <test-method signature="storageSetGet(int)[pri:0, instance:computerstore_test.unit.ComputerGettersAndSettersTest@534df152]" started-at="2025-08-15T05:56:35 MYT" name="storageSetGet" data-provider="storageValues" finished-at="2025-08-15T05:56:35 MYT" duration-ms="0" status="PASS">
          <params>
            <param index="0">
              <value>
                <![CDATA[4096]]>
              </value>
            </param>
          </params>
          <reporter-output>
          </reporter-output>
        </test-method> <!-- storageSetGet -->
        <test-method signature="storageSetGet(int)[pri:0, instance:computerstore_test.unit.ComputerGettersAndSettersTest@534df152]" started-at="2025-08-15T05:56:35 MYT" name="storageSetGet" data-provider="storageValues" finished-at="2025-08-15T05:56:35 MYT" duration-ms="0" status="PASS">
          <params>
            <param index="0">
              <value>
                <![CDATA[2048]]>
              </value>
            </param>
          </params>
          <reporter-output>
          </reporter-output>
        </test-method> <!-- storageSetGet -->
        <test-method signature="storageSetGet(int)[pri:0, instance:computerstore_test.unit.ComputerGettersAndSettersTest@534df152]" started-at="2025-08-15T05:56:35 MYT" name="storageSetGet" data-provider="storageValues" finished-at="2025-08-15T05:56:35 MYT" duration-ms="1" status="PASS">
          <params>
            <param index="0">
              <value>
                <![CDATA[8192]]>
              </value>
            </param>
          </params>
          <reporter-output>
          </reporter-output>
        </test-method> <!-- storageSetGet -->
        <test-method signature="storageSetGet(int)[pri:0, instance:computerstore_test.unit.ComputerGettersAndSettersTest@534df152]" started-at="2025-08-15T05:56:35 MYT" name="storageSetGet" data-provider="storageValues" finished-at="2025-08-15T05:56:35 MYT" duration-ms="0" status="PASS">
          <params>
            <param index="0">
              <value>
                <![CDATA[1024]]>
              </value>
            </param>
          </params>
          <reporter-output>
          </reporter-output>
        </test-method> <!-- storageSetGet -->
        <test-method signature="storageSetGet(int)[pri:0, instance:computerstore_test.unit.ComputerGettersAndSettersTest@534df152]" started-at="2025-08-15T05:56:35 MYT" name="storageSetGet" data-provider="storageValues" finished-at="2025-08-15T05:56:35 MYT" duration-ms="0" status="PASS">
          <params>
            <param index="0">
              <value>
                <![CDATA[2147483647]]>
              </value>
            </param>
          </params>
          <reporter-output>
          </reporter-output>
        </test-method> <!-- storageSetGet -->
        <test-method signature="storageSetGet(int)[pri:0, instance:computerstore_test.unit.ComputerGettersAndSettersTest@534df152]" started-at="2025-08-15T05:56:35 MYT" name="storageSetGet" data-provider="storageValues" finished-at="2025-08-15T05:56:35 MYT" duration-ms="0" status="PASS">
          <params>
            <param index="0">
              <value>
                <![CDATA[1073741823]]>
              </value>
            </param>
          </params>
          <reporter-output>
          </reporter-output>
        </test-method> <!-- storageSetGet -->
      </class> <!-- computerstore_test.unit.ComputerGettersAndSettersTest -->
    </test> <!-- Surefire test -->
  </suite> <!-- Surefire suite -->
</testng-results>
