<?xml version="1.0" encoding="UTF-8"?>
<testsuite xmlns:xsi="http://www.w3.org/2001/XMLSchema-instance" xsi:noNamespaceSchemaLocation="https://maven.apache.org/surefire/maven-surefire-plugin/xsd/surefire-test-report-3.0.xsd" version="3.0" name="computerstore_test.unit.ProfileMenuTest" time="2.381" tests="7" errors="0" skipped="0" failures="1">
  <properties>
    <property name="java.specification.version" value="24"/>
    <property name="sun.cpu.isalist" value="amd64"/>
    <property name="sun.jnu.encoding" value="Cp1252"/>
    <property name="sun.awt.enableExtraMouseButtons" value="true"/>
    <property name="java.class.path" value="C:\Users\Haqim\Documents\MSU\S4\CSE20203\A2\OOP\LAB REPORT (A3)\ComputerStore\target\test-classes;C:\Users\Haqim\Documents\MSU\S4\CSE20203\A2\OOP\LAB REPORT (A3)\ComputerStore\target\classes;C:\Users\Haqim\.m2\repository\org\junit\jupiter\junit-jupiter-api\5.10.2\junit-jupiter-api-5.10.2.jar;C:\Users\Haqim\.m2\repository\org\opentest4j\opentest4j\1.3.0\opentest4j-1.3.0.jar;C:\Users\Haqim\.m2\repository\org\junit\platform\junit-platform-commons\1.10.2\junit-platform-commons-1.10.2.jar;C:\Users\Haqim\.m2\repository\org\apiguardian\apiguardian-api\1.1.2\apiguardian-api-1.1.2.jar;C:\Users\Haqim\.m2\repository\org\junit\jupiter\junit-jupiter-params\5.10.2\junit-jupiter-params-5.10.2.jar;C:\Users\Haqim\.m2\repository\org\junit\jupiter\junit-jupiter-engine\5.10.2\junit-jupiter-engine-5.10.2.jar;C:\Users\Haqim\.m2\repository\org\junit\platform\junit-platform-engine\1.10.2\junit-platform-engine-1.10.2.jar;"/>
    <property name="java.vm.vendor" value="Azul Systems, Inc."/>
    <property name="sun.arch.data.model" value="64"/>
    <property name="user.variant" value=""/>
    <property name="java.vendor.url" value="http://www.azul.com/"/>
    <property name="user.timezone" value="Asia/Kuala_Lumpur"/>
    <property name="os.name" value="Windows 11"/>
    <property name="java.vm.specification.version" value="24"/>
    <property name="user.country" value="MY"/>
    <property name="sun.java.launcher" value="SUN_STANDARD"/>
    <property name="sun.boot.library.path" value="C:\Program Files\Apache NetBeans\jdk\bin"/>
    <property name="sun.java.command" value="C:\Users\Haqim\AppData\Local\Temp\surefire10701222424386952067\surefirebooter-20250815063748342_3.jar C:\Users\Haqim\AppData\Local\Temp\surefire10701222424386952067 2025-08-15T06-37-48_180-jvmRun1 surefire-20250815063748342_1tmp surefire_0-20250815063748342_2tmp"/>
    <property name="jdk.debug" value="release"/>
    <property name="surefire.test.class.path" value="C:\Users\Haqim\Documents\MSU\S4\CSE20203\A2\OOP\LAB REPORT (A3)\ComputerStore\target\test-classes;C:\Users\Haqim\Documents\MSU\S4\CSE20203\A2\OOP\LAB REPORT (A3)\ComputerStore\target\classes;C:\Users\Haqim\.m2\repository\org\junit\jupiter\junit-jupiter-api\5.10.2\junit-jupiter-api-5.10.2.jar;C:\Users\Haqim\.m2\repository\org\opentest4j\opentest4j\1.3.0\opentest4j-1.3.0.jar;C:\Users\Haqim\.m2\repository\org\junit\platform\junit-platform-commons\1.10.2\junit-platform-commons-1.10.2.jar;C:\Users\Haqim\.m2\repository\org\apiguardian\apiguardian-api\1.1.2\apiguardian-api-1.1.2.jar;C:\Users\Haqim\.m2\repository\org\junit\jupiter\junit-jupiter-params\5.10.2\junit-jupiter-params-5.10.2.jar;C:\Users\Haqim\.m2\repository\org\junit\jupiter\junit-jupiter-engine\5.10.2\junit-jupiter-engine-5.10.2.jar;C:\Users\Haqim\.m2\repository\org\junit\platform\junit-platform-engine\1.10.2\junit-platform-engine-1.10.2.jar;"/>
    <property name="sun.cpu.endian" value="little"/>
    <property name="user.home" value="C:\Users\Haqim"/>
    <property name="user.language" value="en"/>
    <property name="java.specification.vendor" value="Oracle Corporation"/>
    <property name="java.version.date" value="2025-04-15"/>
    <property name="java.home" value="C:\Program Files\Apache NetBeans\jdk"/>
    <property name="file.separator" value="\"/>
    <property name="basedir" value="C:\Users\Haqim\Documents\MSU\S4\CSE20203\A2\OOP\LAB REPORT (A3)\ComputerStore"/>
    <property name="java.vm.compressedOopsMode" value="Zero based"/>
    <property name="line.separator" value="&#10;"/>
    <property name="java.vm.specification.vendor" value="Oracle Corporation"/>
    <property name="java.specification.name" value="Java Platform API Specification"/>
    <property name="java.awt.headless" value="false"/>
    <property name="surefire.real.class.path" value="C:\Users\Haqim\AppData\Local\Temp\surefire10701222424386952067\surefirebooter-20250815063748342_3.jar"/>
    <property name="user.script" value=""/>
    <property name="sun.management.compiler" value="HotSpot 64-Bit Tiered Compilers"/>
    <property name="java.runtime.version" value="24.0.1+9"/>
    <property name="user.name" value="Haqim"/>
    <property name="stdout.encoding" value="Cp1252"/>
    <property name="path.separator" value=";"/>
    <property name="os.version" value="10.0"/>
    <property name="java.runtime.name" value="OpenJDK Runtime Environment"/>
    <property name="file.encoding" value="UTF-8"/>
    <property name="java.vm.name" value="OpenJDK 64-Bit Server VM"/>
    <property name="java.vendor.version" value="Zulu24.30+11-CA"/>
    <property name="maven.ext.class.path" value="C:\Program Files\Apache NetBeans\java\maven-nblib\netbeans-eventspy.jar"/>
    <property name="localRepository" value="C:\Users\Haqim\.m2\repository"/>
    <property name="java.vendor.url.bug" value="http://www.azul.com/support/"/>
    <property name="java.io.tmpdir" value="C:\Users\Haqim\AppData\Local\Temp\"/>
    <property name="java.version" value="24.0.1"/>
    <property name="user.dir" value="C:\Users\Haqim\Documents\MSU\S4\CSE20203\A2\OOP\LAB REPORT (A3)\ComputerStore"/>
    <property name="os.arch" value="amd64"/>
    <property name="java.vm.specification.name" value="Java Virtual Machine Specification"/>
    <property name="sun.os.patch.level" value=""/>
    <property name="native.encoding" value="Cp1252"/>
    <property name="java.library.path" value="C:\Program Files\Apache NetBeans\jdk\bin;C:\WINDOWS\Sun\Java\bin;C:\WINDOWS\system32;C:\WINDOWS;C:\Program Files\NVIDIA GPU Computing Toolkit\CUDA\v12.9\bin;C:\Program Files\NVIDIA GPU Computing Toolkit\CUDA\v12.9\libnvvp;C:\Program Files\Python\Python313\Scripts\;C:\Program Files\Python\Python313\;C:\Program Files\Common Files\Oracle\Java\javapath;C:\Windows\system32;C:\Windows;C:\Windows\System32\Wbem;C:\Windows\System32\WindowsPowerShell\v1.0\;C:\Windows\System32\OpenSSH\;C:\Program Files (x86)\NVIDIA Corporation\PhysX\Common;C:\WINDOWS\system32;C:\WINDOWS;C:\WINDOWS\System32\Wbem;C:\WINDOWS\System32\WindowsPowerShell\v1.0\;C:\WINDOWS\System32\OpenSSH\;C:\Program Files\Microsoft SQL Server\150\Tools\Binn\;C:\Program Files\Microsoft SQL Server\Client SDK\ODBC\170\Tools\Binn\;C:\Program Files\dotnet\;C:\Program Files (x86)\Incredibuild;C:\Program Files (x86)\Windows Kits\10\Windows Performance Toolkit\;C:\Program Files\Docker\Docker\resources\bin;C:\Program Files\msys64\ucrt64\bin;C:\Program Files\flutter\bin;C:\Program Files\nodejs\;C:\Program Files (x86)\Microsoft SQL Server\160\Tools\Binn\;C:\Program Files\Microsoft SQL Server\160\Tools\Binn\;C:\Program Files\Microsoft SQL Server\160\DTS\Binn\;C:\Program Files\Microsoft SQL Server\170\DTS\Binn\;C:\Program Files\NVIDIA Corporation\Nsight Compute 2025.2.1\;C:\Program Files\NVIDIA Corporation\NVIDIA App\NvDLISR;C:\Program Files\Go\bin;C:\Program Files\R\R-4.5.1\bin;C:\Program Files\Git\cmd;C:\Program Files\playit_gg\bin\;C:\Program Files\apache-maven\bin;C:\Program Files\MySQL\MySQL Shell 8.0\bin\;C:\Users\Haqim\AppData\Local\Microsoft\WindowsApps;C:\Users\Haqim\.dotnet\tools;C:\Users\Haqim\AppData\Local\JetBrains\Toolbox\scripts;C:\Users\Haqim\AppData\Roaming\npm;C:\Users\Haqim\AppData\Local\Programs\Microsoft VS Code\bin;C:\Users\Haqim\AppData\Local\Programs\Swift\Runtimes\6.1.2\usr\bin\;C:\Users\Haqim\AppData\Local\Programs\Swift\Toolchains\6.1.2+Asserts\usr\bin\;C:\Users\Haqim\go\bin;C:\Users\Haqim\AppData\Local\GitHubDesktop\bin;C:\Users\Haqim\.dotnet\tools;C:\Users\Haqim\AppData\Local\Programs\VSCodium\bin;."/>
    <property name="java.vm.info" value="mixed mode, sharing"/>
    <property name="stderr.encoding" value="Cp1252"/>
    <property name="java.vendor" value="Azul Systems, Inc."/>
    <property name="java.vm.version" value="24.0.1+9"/>
    <property name="sun.io.unicode.encoding" value="UnicodeLittle"/>
    <property name="java.class.version" value="68.0"/>
  </properties>
  <testcase name="unit_saveButtonUpdatesUserAndShowsDialog" classname="computerstore_test.unit.ProfileMenuTest" time="2.104"/>
  <testcase name="unit_frameTitleAndBackground" classname="computerstore_test.unit.ProfileMenuTest" time="0.016"/>
  <testcase name="unit_saveButtonWithInvalidIdThrowsNumberFormat" classname="computerstore_test.unit.ProfileMenuTest" time="0.06">
    <failure message="Unexpected exception type thrown, expected: &lt;java.lang.NumberFormatException&gt; but was: &lt;java.lang.RuntimeException&gt;" type="org.opentest4j.AssertionFailedError"><![CDATA[org.opentest4j.AssertionFailedError: Unexpected exception type thrown, expected: <java.lang.NumberFormatException> but was: <java.lang.RuntimeException>
	at org.junit.jupiter.api.AssertionFailureBuilder.build(AssertionFailureBuilder.java:151)
	at org.junit.jupiter.api.AssertThrows.assertThrows(AssertThrows.java:67)
	at org.junit.jupiter.api.AssertThrows.assertThrows(AssertThrows.java:35)
	at org.junit.jupiter.api.Assertions.assertThrows(Assertions.java:3115)
	at computerstore_test.unit.ProfileMenuTest.unit_saveButtonWithInvalidIdThrowsNumberFormat(ProfileMenuTest.java:81)
	at java.base/java.lang.reflect.Method.invoke(Method.java:565)
	at java.base/java.util.ArrayList.forEach(ArrayList.java:1604)
	at java.base/java.util.ArrayList.forEach(ArrayList.java:1604)
Caused by: java.lang.RuntimeException: java.lang.reflect.InvocationTargetException
	at computerstore_test.support.BaseSwingTest.runOnEdt(BaseSwingTest.java:59)
	at computerstore_test.unit.ProfileMenuTest.lambda$unit_saveButtonWithInvalidIdThrowsNumberFormat$0(ProfileMenuTest.java:82)
	at org.junit.jupiter.api.AssertThrows.assertThrows(AssertThrows.java:53)
	... 6 more
Caused by: java.lang.reflect.InvocationTargetException
	at java.desktop/java.awt.EventQueue.invokeAndWait(EventQueue.java:1312)
	at java.desktop/java.awt.EventQueue.invokeAndWait(EventQueue.java:1287)
	at java.desktop/javax.swing.SwingUtilities.invokeAndWait(SwingUtilities.java:1474)
	at computerstore_test.support.BaseSwingTest.runOnEdt(BaseSwingTest.java:57)
	... 8 more
Caused by: java.lang.NumberFormatException: For input string: "notANumber"
	at java.base/java.lang.NumberFormatException.forInputString(NumberFormatException.java:67)
	at java.base/java.lang.Integer.parseInt(Integer.java:564)
	at java.base/java.lang.Integer.parseInt(Integer.java:661)
	at com.alphatechsz.computerstore.ProfileMenu.saveButtonActionPerformed(ProfileMenu.java:188)
	at com.alphatechsz.computerstore.ProfileMenu$2.actionPerformed(ProfileMenu.java:69)
	at computerstore_test.unit.ProfileMenuTest.lambda$unit_saveButtonWithInvalidIdThrowsNumberFormat$1(ProfileMenuTest.java:88)
	at java.desktop/java.awt.event.InvocationEvent.dispatch(InvocationEvent.java:308)
	at java.desktop/java.awt.EventQueue.dispatchEventImpl(EventQueue.java:723)
	at java.desktop/java.awt.EventQueue.dispatchEvent(EventQueue.java:702)
	at java.desktop/java.awt.EventDispatchThread.pumpOneEventForFilters(EventDispatchThread.java:203)
	at java.desktop/java.awt.EventDispatchThread.pumpEventsForFilter(EventDispatchThread.java:124)
	at java.desktop/java.awt.EventDispatchThread.pumpEventsForHierarchy(EventDispatchThread.java:113)
	at java.desktop/java.awt.EventDispatchThread.pumpEvents(EventDispatchThread.java:109)
	at java.desktop/java.awt.EventDispatchThread.pumpEvents(EventDispatchThread.java:101)
	at java.desktop/java.awt.EventDispatchThread.run(EventDispatchThread.java:90)
]]></failure>
  </testcase>
  <testcase name="unit_fieldActionListenersNoop" classname="computerstore_test.unit.ProfileMenuTest" time="0.028"/>
  <testcase name="unit_buttonsHaveListeners" classname="computerstore_test.unit.ProfileMenuTest" time="0.014"/>
  <testcase name="unit_constructorPopulatesFieldsFromUser" classname="computerstore_test.unit.ProfileMenuTest" time="0.012"/>
  <testcase name="unit_backButtonDisposesAndReturnsToMain" classname="computerstore_test.unit.ProfileMenuTest" time="0.113"/>
</testsuite>