<?xml version="1.0" encoding="UTF-8"?>
<testsuite xmlns:xsi="http://www.w3.org/2001/XMLSchema-instance" xsi:noNamespaceSchemaLocation="https://maven.apache.org/surefire/maven-surefire-plugin/xsd/surefire-test-report-3.0.xsd" version="3.0" name="computerstore_test.unit.ProfileMenuTest" time="2.381" tests="7" errors="0" skipped="0" failures="1">
  <properties>
[...]
</properties>
  <testcase name="unit_saveButtonUpdatesUserAndShowsDialog" classname="computerstore_test.unit.ProfileMenuTest" time="2.104"/>
  <testcase name="unit_frameTitleAndBackground" classname="computerstore_test.unit.ProfileMenuTest" time="0.016"/>
  <testcase name="unit_saveButtonWithInvalidIdThrowsNumberFormat" classname="computerstore_test.unit.ProfileMenuTest" time="0.06">
    <failure message="Unexpected exception type thrown, expected: &lt;java.lang.NumberFormatException&gt; but was: &lt;java.lang.RuntimeException&gt;" type="org.opentest4j.AssertionFailedError"><![CDATA[org.opentest4j.AssertionFailedError: Unexpected exception type thrown, expected: <java.lang.NumberFormatException> but was: <java.lang.RuntimeException>
	at org.junit.jupiter.api.AssertionFailureBuilder.build(AssertionFailureBuilder.java:151)
	at org.junit.jupiter.api.AssertThrows.assertThrows(AssertThrows.java:67)
	at org.junit.jupiter.api.AssertThrows.assertThrows(AssertThrows.java:35)
	at org.junit.jupiter.api.Assertions.assertThrows(Assertions.java:3115)
	at computerstore_test.unit.ProfileMenuTest.unit_saveButtonWithInvalidIdThrowsNumberFormat(ProfileMenuTest.java:81)
	at java.base/java.lang.reflect.Method.invoke(Method.java:565)
	at java.base/java.util.ArrayList.forEach(ArrayList.java:1604)
	at java.base/java.util.ArrayList.forEach(ArrayList.java:1604)
Caused by: java.lang.RuntimeException: java.lang.reflect.InvocationTargetException
	at computerstore_test.support.BaseSwingTest.runOnEdt(BaseSwingTest.java:59)
	at computerstore_test.unit.ProfileMenuTest.lambda$unit_saveButtonWithInvalidIdThrowsNumberFormat$0(ProfileMenuTest.java:82)
	at org.junit.jupiter.api.AssertThrows.assertThrows(AssertThrows.java:53)
	... 6 more
Caused by: java.lang.reflect.InvocationTargetException
	at java.desktop/java.awt.EventQueue.invokeAndWait(EventQueue.java:1312)
	at java.desktop/java.awt.EventQueue.invokeAndWait(EventQueue.java:1287)
	at java.desktop/javax.swing.SwingUtilities.invokeAndWait(SwingUtilities.java:1474)
	at computerstore_test.support.BaseSwingTest.runOnEdt(BaseSwingTest.java:57)
	... 8 more
Caused by: java.lang.NumberFormatException: For input string: "notANumber"
	at java.base/java.lang.NumberFormatException.forInputString(NumberFormatException.java:67)
	at java.base/java.lang.Integer.parseInt(Integer.java:564)
	at java.base/java.lang.Integer.parseInt(Integer.java:661)
	at com.alphatechsz.computerstore.ProfileMenu.saveButtonActionPerformed(ProfileMenu.java:188)
	at com.alphatechsz.computerstore.ProfileMenu$2.actionPerformed(ProfileMenu.java:69)
	at computerstore_test.unit.ProfileMenuTest.lambda$unit_saveButtonWithInvalidIdThrowsNumberFormat$1(ProfileMenuTest.java:88)
	at java.desktop/java.awt.event.InvocationEvent.dispatch(InvocationEvent.java:308)
	at java.desktop/java.awt.EventQueue.dispatchEventImpl(EventQueue.java:723)
	at java.desktop/java.awt.EventQueue.dispatchEvent(EventQueue.java:702)
	at java.desktop/java.awt.EventDispatchThread.pumpOneEventForFilters(EventDispatchThread.java:203)
	at java.desktop/java.awt.EventDispatchThread.pumpEventsForFilter(EventDispatchThread.java:124)
	at java.desktop/java.awt.EventDispatchThread.pumpEventsForHierarchy(EventDispatchThread.java:113)
	at java.desktop/java.awt.EventDispatchThread.pumpEvents(EventDispatchThread.java:109)
	at java.desktop/java.awt.EventDispatchThread.pumpEvents(EventDispatchThread.java:101)
	at java.desktop/java.awt.EventDispatchThread.run(EventDispatchThread.java:90)
]]></failure>
  </testcase>
  <testcase name="unit_fieldActionListenersNoop" classname="computerstore_test.unit.ProfileMenuTest" time="0.028"/>
  <testcase name="unit_buttonsHaveListeners" classname="computerstore_test.unit.ProfileMenuTest" time="0.014"/>
  <testcase name="unit_constructorPopulatesFieldsFromUser" classname="computerstore_test.unit.ProfileMenuTest" time="0.012"/>
  <testcase name="unit_backButtonDisposesAndReturnsToMain" classname="computerstore_test.unit.ProfileMenuTest" time="0.113"/>
</testsuite>