<?xml version="1.0" encoding="UTF-8"?>
<!-- Generated by org.testng.reporters.JUnitXMLReporter -->
<testsuite ignored="0" hostname="Hamizersz" failures="34" tests="87" name="Surefire test" time="1.649" errors="0" timestamp="2025-08-15T05:56:35 MYT">
  <testcase classname="com.alphatechsz.computerstore.unit.LoginMenuTest" name="testEmailFieldActionListenerNoOp" time="0.041">
    <failure type="java.util.concurrent.ExecutionException" message="java.awt.HeadlessException">
      <![CDATA[java.util.concurrent.ExecutionException: java.awt.HeadlessException
at java.base/java.util.concurrent.FutureTask.report(FutureTask.java:124)
at java.base/java.util.concurrent.FutureTask.get(FutureTask.java:207)
at computerstore_test.support.SwingEdt.callAndWait(SwingEdt.java:26)
at computerstore_test.support.BaseSwingTest.onEdt(BaseSwingTest.java:71)
at com.alphatechsz.computerstore.unit.LoginMenuTest.testEmailFieldActionListenerNoOp(LoginMenuTest.java:138)
at java.base/java.util.ArrayList.forEach(ArrayList.java:1604)
Caused by: java.awt.HeadlessException
at java.desktop/java.awt.GraphicsEnvironment.checkHeadless(GraphicsEnvironment.java:158)
at java.desktop/java.awt.Window.<init>(Window.java:518)
at java.desktop/java.awt.Frame.<init>(Frame.java:428)
at java.desktop/java.awt.Frame.<init>(Frame.java:393)
at java.desktop/javax.swing.JFrame.<init>(JFrame.java:180)
at com.alphatechsz.computerstore.LoginMenu.<init>(LoginMenu.java:19)
at com.alphatechsz.computerstore.unit.LoginMenuTest.lambda$testEmailFieldActionListenerNoOp$0(LoginMenuTest.java:138)
at java.base/java.util.concurrent.FutureTask.run(FutureTask.java:328)
at java.desktop/java.awt.event.InvocationEvent.dispatch(InvocationEvent.java:318)
at java.desktop/java.awt.EventQueue.dispatchEventImpl(EventQueue.java:723)
at java.desktop/java.awt.EventQueue.dispatchEvent(EventQueue.java:702)
at java.desktop/java.awt.EventDispatchThread.pumpOneEventForFilters(EventDispatchThread.java:203)
at java.desktop/java.awt.EventDispatchThread.pumpEventsForFilter(EventDispatchThread.java:124)
at java.desktop/java.awt.EventDispatchThread.pumpEventsForHierarchy(EventDispatchThread.java:113)
at java.desktop/java.awt.EventDispatchThread.pumpEvents(EventDispatchThread.java:109)
at java.desktop/java.awt.EventDispatchThread.pumpEvents(EventDispatchThread.java:101)
at java.desktop/java.awt.EventDispatchThread.run(EventDispatchThread.java:90)
... Removed 30 stack frames]]>
    </failure>
  </testcase> <!-- testEmailFieldActionListenerNoOp -->
  <testcase classname="com.alphatechsz.computerstore.unit.LoginMenuTest" name="testEmptyBothFieldsShowsError" time="0.621">
    <failure type="org.mockito.exceptions.base.MockitoException" message="Could not modify all classes [class javax.swing.JOptionPane]">
      <![CDATA[org.mockito.exceptions.base.MockitoException: Could not modify all classes [class javax.swing.JOptionPane]
at computerstore_test.support.JOptionPaneMock.<init>(JOptionPaneMock.java:16)
at computerstore_test.support.JOptionPaneMock.install(JOptionPaneMock.java:25)
at com.alphatechsz.computerstore.unit.LoginMenuTest.testEmptyBothFieldsShowsError(LoginMenuTest.java:124)
at java.base/java.util.ArrayList.forEach(ArrayList.java:1604)
Caused by: java.lang.IllegalStateException: 
Byte Buddy could not instrument all classes within the mock's type hierarchy

This problem should never occur for javac-compiled classes. This problem has been observed for classes that are:
 - Compiled by older versions of scalac
 - Classes that are part of the Android distribution
at org.mockito.internal.creation.bytebuddy.InlineBytecodeGenerator.triggerRetransformation(InlineBytecodeGenerator.java:285)
at org.mockito.internal.creation.bytebuddy.InlineBytecodeGenerator.mockClassStatic(InlineBytecodeGenerator.java:226)
at org.mockito.internal.creation.bytebuddy.TypeCachingBytecodeGenerator.mockClassStatic(TypeCachingBytecodeGenerator.java:63)
at org.mockito.internal.creation.bytebuddy.InlineDelegateByteBuddyMockMaker.createStaticMock(InlineDelegateByteBuddyMockMaker.java:566)
at org.mockito.internal.creation.bytebuddy.InlineByteBuddyMockMaker.createStaticMock(InlineByteBuddyMockMaker.java:83)
at org.mockito.internal.util.MockUtil.createStaticMock(MockUtil.java:202)
at org.mockito.internal.MockitoCore.mockStatic(MockitoCore.java:134)
at org.mockito.Mockito.mockStatic(Mockito.java:2307)
at org.mockito.Mockito.mockStatic(Mockito.java:2244)
... 34 more
Caused by: java.lang.IllegalArgumentException: Java 24 (68) is not supported by the current version of Byte Buddy which officially supports Java 20 (64) - update Byte Buddy or set net.bytebuddy.experimental as a VM property
at net.bytebuddy.utility.OpenedClassReader.of(OpenedClassReader.java:96)
at net.bytebuddy.dynamic.scaffold.TypeWriter$Default$ForInlining.create(TypeWriter.java:4011)
at net.bytebuddy.dynamic.scaffold.TypeWriter$Default.make(TypeWriter.java:2224)
at net.bytebuddy.dynamic.DynamicType$Builder$AbstractBase$UsingTypeWriter.make(DynamicType.java:4050)
at net.bytebuddy.dynamic.DynamicType$Builder$AbstractBase.make(DynamicType.java:3734)
at org.mockito.internal.creation.bytebuddy.InlineBytecodeGenerator.transform(InlineBytecodeGenerator.java:402)
at java.instrument/java.lang.instrument.ClassFileTransformer.transform(ClassFileTransformer.java:257)
at java.instrument/sun.instrument.TransformerManager.transform(TransformerManager.java:188)
at java.instrument/sun.instrument.InstrumentationImpl.transform(InstrumentationImpl.java:594)
at java.instrument/sun.instrument.InstrumentationImpl.retransformClasses0(Native Method)
at java.instrument/sun.instrument.InstrumentationImpl.retransformClasses(InstrumentationImpl.java:221)
at org.mockito.internal.creation.bytebuddy.InlineBytecodeGenerator.triggerRetransformation(InlineBytecodeGenerator.java:281)
... 42 more
... Removed 30 stack frames]]>
    </failure>
  </testcase> <!-- testEmptyBothFieldsShowsError -->
  <testcase classname="com.alphatechsz.computerstore.unit.LoginMenuTest" name="testExitButtonDisposesFrame" time="0.032">
    <failure type="org.mockito.exceptions.base.MockitoException" message="Could not modify all classes [class javax.swing.JOptionPane]">
      <![CDATA[org.mockito.exceptions.base.MockitoException: Could not modify all classes [class javax.swing.JOptionPane]
at computerstore_test.support.JOptionPaneMock.<init>(JOptionPaneMock.java:16)
at computerstore_test.support.JOptionPaneMock.install(JOptionPaneMock.java:25)
at com.alphatechsz.computerstore.unit.LoginMenuTest.testExitButtonDisposesFrame(LoginMenuTest.java:87)
at java.base/java.util.ArrayList.forEach(ArrayList.java:1604)
Caused by: java.lang.IllegalStateException: 
Byte Buddy could not instrument all classes within the mock's type hierarchy

This problem should never occur for javac-compiled classes. This problem has been observed for classes that are:
 - Compiled by older versions of scalac
 - Classes that are part of the Android distribution
at org.mockito.internal.creation.bytebuddy.InlineBytecodeGenerator.triggerRetransformation(InlineBytecodeGenerator.java:285)
at org.mockito.internal.creation.bytebuddy.InlineBytecodeGenerator.mockClassStatic(InlineBytecodeGenerator.java:226)
at org.mockito.internal.creation.bytebuddy.TypeCachingBytecodeGenerator.mockClassStatic(TypeCachingBytecodeGenerator.java:63)
at org.mockito.internal.creation.bytebuddy.InlineDelegateByteBuddyMockMaker.createStaticMock(InlineDelegateByteBuddyMockMaker.java:566)
at org.mockito.internal.creation.bytebuddy.InlineByteBuddyMockMaker.createStaticMock(InlineByteBuddyMockMaker.java:83)
at org.mockito.internal.util.MockUtil.createStaticMock(MockUtil.java:202)
at org.mockito.internal.MockitoCore.mockStatic(MockitoCore.java:134)
at org.mockito.Mockito.mockStatic(Mockito.java:2307)
at org.mockito.Mockito.mockStatic(Mockito.java:2244)
... 34 more
Caused by: java.lang.IllegalArgumentException: Java 24 (68) is not supported by the current version of Byte Buddy which officially supports Java 20 (64) - update Byte Buddy or set net.bytebuddy.experimental as a VM property
at net.bytebuddy.utility.OpenedClassReader.of(OpenedClassReader.java:96)
at net.bytebuddy.dynamic.scaffold.TypeWriter$Default$ForInlining.create(TypeWriter.java:4011)
at net.bytebuddy.dynamic.scaffold.TypeWriter$Default.make(TypeWriter.java:2224)
at net.bytebuddy.dynamic.DynamicType$Builder$AbstractBase$UsingTypeWriter.make(DynamicType.java:4050)
at net.bytebuddy.dynamic.DynamicType$Builder$AbstractBase.make(DynamicType.java:3734)
at org.mockito.internal.creation.bytebuddy.InlineBytecodeGenerator.transform(InlineBytecodeGenerator.java:402)
at java.instrument/java.lang.instrument.ClassFileTransformer.transform(ClassFileTransformer.java:257)
at java.instrument/sun.instrument.TransformerManager.transform(TransformerManager.java:188)
at java.instrument/sun.instrument.InstrumentationImpl.transform(InstrumentationImpl.java:594)
at java.instrument/sun.instrument.InstrumentationImpl.retransformClasses0(Native Method)
at java.instrument/sun.instrument.InstrumentationImpl.retransformClasses(InstrumentationImpl.java:221)
at org.mockito.internal.creation.bytebuddy.InlineBytecodeGenerator.triggerRetransformation(InlineBytecodeGenerator.java:281)
... 42 more
... Removed 30 stack frames]]>
    </failure>
  </testcase> <!-- testExitButtonDisposesFrame -->
  <testcase classname="com.alphatechsz.computerstore.unit.LoginMenuTest" name="testLoginAction" time="0.039">
    <failure type="org.mockito.exceptions.base.MockitoException" message="Could not modify all classes [class javax.swing.JOptionPane]">
      <![CDATA[org.mockito.exceptions.base.MockitoException: Could not modify all classes [class javax.swing.JOptionPane]
at computerstore_test.support.JOptionPaneMock.<init>(JOptionPaneMock.java:16)
at computerstore_test.support.JOptionPaneMock.install(JOptionPaneMock.java:25)
at com.alphatechsz.computerstore.unit.LoginMenuTest.testLoginAction(LoginMenuTest.java:56)
at java.base/java.util.concurrent.ThreadPoolExecutor.runWorker(ThreadPoolExecutor.java:1095)
at java.base/java.util.concurrent.ThreadPoolExecutor$Worker.run(ThreadPoolExecutor.java:619)
at java.base/java.lang.Thread.run(Thread.java:1447)
Caused by: java.lang.IllegalStateException: 
Byte Buddy could not instrument all classes within the mock's type hierarchy

This problem should never occur for javac-compiled classes. This problem has been observed for classes that are:
 - Compiled by older versions of scalac
 - Classes that are part of the Android distribution
at org.mockito.internal.creation.bytebuddy.InlineBytecodeGenerator.triggerRetransformation(InlineBytecodeGenerator.java:285)
at org.mockito.internal.creation.bytebuddy.InlineBytecodeGenerator.mockClassStatic(InlineBytecodeGenerator.java:226)
at org.mockito.internal.creation.bytebuddy.TypeCachingBytecodeGenerator.mockClassStatic(TypeCachingBytecodeGenerator.java:63)
at org.mockito.internal.creation.bytebuddy.InlineDelegateByteBuddyMockMaker.createStaticMock(InlineDelegateByteBuddyMockMaker.java:566)
at org.mockito.internal.creation.bytebuddy.InlineByteBuddyMockMaker.createStaticMock(InlineByteBuddyMockMaker.java:83)
at org.mockito.internal.util.MockUtil.createStaticMock(MockUtil.java:202)
at org.mockito.internal.MockitoCore.mockStatic(MockitoCore.java:134)
at org.mockito.Mockito.mockStatic(Mockito.java:2307)
at org.mockito.Mockito.mockStatic(Mockito.java:2244)
... 13 more
Caused by: java.lang.IllegalArgumentException: Java 24 (68) is not supported by the current version of Byte Buddy which officially supports Java 20 (64) - update Byte Buddy or set net.bytebuddy.experimental as a VM property
at net.bytebuddy.utility.OpenedClassReader.of(OpenedClassReader.java:96)
at net.bytebuddy.dynamic.scaffold.TypeWriter$Default$ForInlining.create(TypeWriter.java:4011)
at net.bytebuddy.dynamic.scaffold.TypeWriter$Default.make(TypeWriter.java:2224)
at net.bytebuddy.dynamic.DynamicType$Builder$AbstractBase$UsingTypeWriter.make(DynamicType.java:4050)
at net.bytebuddy.dynamic.DynamicType$Builder$AbstractBase.make(DynamicType.java:3734)
at org.mockito.internal.creation.bytebuddy.InlineBytecodeGenerator.transform(InlineBytecodeGenerator.java:402)
at java.instrument/java.lang.instrument.ClassFileTransformer.transform(ClassFileTransformer.java:257)
at java.instrument/sun.instrument.TransformerManager.transform(TransformerManager.java:188)
at java.instrument/sun.instrument.InstrumentationImpl.transform(InstrumentationImpl.java:594)
at java.instrument/sun.instrument.InstrumentationImpl.retransformClasses0(Native Method)
at java.instrument/sun.instrument.InstrumentationImpl.retransformClasses(InstrumentationImpl.java:221)
at org.mockito.internal.creation.bytebuddy.InlineBytecodeGenerator.triggerRetransformation(InlineBytecodeGenerator.java:281)
... 21 more
... Removed 7 stack frames]]>
    </failure>
  </testcase> <!-- testLoginAction -->
  <testcase classname="com.alphatechsz.computerstore.unit.LoginMenuTest" name="testLoginAction" time="0.066">
    <failure type="org.mockito.exceptions.base.MockitoException" message="Could not modify all classes [class javax.swing.JOptionPane]">
      <![CDATA[org.mockito.exceptions.base.MockitoException: Could not modify all classes [class javax.swing.JOptionPane]
at computerstore_test.support.JOptionPaneMock.<init>(JOptionPaneMock.java:16)
at computerstore_test.support.JOptionPaneMock.install(JOptionPaneMock.java:25)
at com.alphatechsz.computerstore.unit.LoginMenuTest.testLoginAction(LoginMenuTest.java:56)
at java.base/java.util.concurrent.ThreadPoolExecutor.runWorker(ThreadPoolExecutor.java:1095)
at java.base/java.util.concurrent.ThreadPoolExecutor$Worker.run(ThreadPoolExecutor.java:619)
at java.base/java.lang.Thread.run(Thread.java:1447)
Caused by: java.lang.IllegalStateException: 
Byte Buddy could not instrument all classes within the mock's type hierarchy

This problem should never occur for javac-compiled classes. This problem has been observed for classes that are:
 - Compiled by older versions of scalac
 - Classes that are part of the Android distribution
at org.mockito.internal.creation.bytebuddy.InlineBytecodeGenerator.triggerRetransformation(InlineBytecodeGenerator.java:285)
at org.mockito.internal.creation.bytebuddy.InlineBytecodeGenerator.mockClassStatic(InlineBytecodeGenerator.java:226)
at org.mockito.internal.creation.bytebuddy.TypeCachingBytecodeGenerator.mockClassStatic(TypeCachingBytecodeGenerator.java:63)
at org.mockito.internal.creation.bytebuddy.InlineDelegateByteBuddyMockMaker.createStaticMock(InlineDelegateByteBuddyMockMaker.java:566)
at org.mockito.internal.creation.bytebuddy.InlineByteBuddyMockMaker.createStaticMock(InlineByteBuddyMockMaker.java:83)
at org.mockito.internal.util.MockUtil.createStaticMock(MockUtil.java:202)
at org.mockito.internal.MockitoCore.mockStatic(MockitoCore.java:134)
at org.mockito.Mockito.mockStatic(Mockito.java:2307)
at org.mockito.Mockito.mockStatic(Mockito.java:2244)
... 13 more
Caused by: java.lang.IllegalArgumentException: Java 24 (68) is not supported by the current version of Byte Buddy which officially supports Java 20 (64) - update Byte Buddy or set net.bytebuddy.experimental as a VM property
at net.bytebuddy.utility.OpenedClassReader.of(OpenedClassReader.java:96)
at net.bytebuddy.dynamic.scaffold.TypeWriter$Default$ForInlining.create(TypeWriter.java:4011)
at net.bytebuddy.dynamic.scaffold.TypeWriter$Default.make(TypeWriter.java:2224)
at net.bytebuddy.dynamic.DynamicType$Builder$AbstractBase$UsingTypeWriter.make(DynamicType.java:4050)
at net.bytebuddy.dynamic.DynamicType$Builder$AbstractBase.make(DynamicType.java:3734)
at org.mockito.internal.creation.bytebuddy.InlineBytecodeGenerator.transform(InlineBytecodeGenerator.java:402)
at java.instrument/java.lang.instrument.ClassFileTransformer.transform(ClassFileTransformer.java:257)
at java.instrument/sun.instrument.TransformerManager.transform(TransformerManager.java:188)
at java.instrument/sun.instrument.InstrumentationImpl.transform(InstrumentationImpl.java:594)
at java.instrument/sun.instrument.InstrumentationImpl.retransformClasses0(Native Method)
at java.instrument/sun.instrument.InstrumentationImpl.retransformClasses(InstrumentationImpl.java:221)
at org.mockito.internal.creation.bytebuddy.InlineBytecodeGenerator.triggerRetransformation(InlineBytecodeGenerator.java:281)
... 21 more
... Removed 7 stack frames]]>
    </failure>
  </testcase> <!-- testLoginAction -->
  <testcase classname="com.alphatechsz.computerstore.unit.LoginMenuTest" name="testLoginAction" time="0.093">
    <failure type="org.mockito.exceptions.base.MockitoException" message="Could not modify all classes [class javax.swing.JOptionPane]">
      <![CDATA[org.mockito.exceptions.base.MockitoException: Could not modify all classes [class javax.swing.JOptionPane]
at computerstore_test.support.JOptionPaneMock.<init>(JOptionPaneMock.java:16)
at computerstore_test.support.JOptionPaneMock.install(JOptionPaneMock.java:25)
at com.alphatechsz.computerstore.unit.LoginMenuTest.testLoginAction(LoginMenuTest.java:56)
at java.base/java.util.concurrent.ThreadPoolExecutor.runWorker(ThreadPoolExecutor.java:1095)
at java.base/java.util.concurrent.ThreadPoolExecutor$Worker.run(ThreadPoolExecutor.java:619)
at java.base/java.lang.Thread.run(Thread.java:1447)
Caused by: java.lang.IllegalStateException: 
Byte Buddy could not instrument all classes within the mock's type hierarchy

This problem should never occur for javac-compiled classes. This problem has been observed for classes that are:
 - Compiled by older versions of scalac
 - Classes that are part of the Android distribution
at org.mockito.internal.creation.bytebuddy.InlineBytecodeGenerator.triggerRetransformation(InlineBytecodeGenerator.java:285)
at org.mockito.internal.creation.bytebuddy.InlineBytecodeGenerator.mockClassStatic(InlineBytecodeGenerator.java:226)
at org.mockito.internal.creation.bytebuddy.TypeCachingBytecodeGenerator.mockClassStatic(TypeCachingBytecodeGenerator.java:63)
at org.mockito.internal.creation.bytebuddy.InlineDelegateByteBuddyMockMaker.createStaticMock(InlineDelegateByteBuddyMockMaker.java:566)
at org.mockito.internal.creation.bytebuddy.InlineByteBuddyMockMaker.createStaticMock(InlineByteBuddyMockMaker.java:83)
at org.mockito.internal.util.MockUtil.createStaticMock(MockUtil.java:202)
at org.mockito.internal.MockitoCore.mockStatic(MockitoCore.java:134)
at org.mockito.Mockito.mockStatic(Mockito.java:2307)
at org.mockito.Mockito.mockStatic(Mockito.java:2244)
... 13 more
Caused by: java.lang.IllegalArgumentException: Java 24 (68) is not supported by the current version of Byte Buddy which officially supports Java 20 (64) - update Byte Buddy or set net.bytebuddy.experimental as a VM property
at net.bytebuddy.utility.OpenedClassReader.of(OpenedClassReader.java:96)
at net.bytebuddy.dynamic.scaffold.TypeWriter$Default$ForInlining.create(TypeWriter.java:4011)
at net.bytebuddy.dynamic.scaffold.TypeWriter$Default.make(TypeWriter.java:2224)
at net.bytebuddy.dynamic.DynamicType$Builder$AbstractBase$UsingTypeWriter.make(DynamicType.java:4050)
at net.bytebuddy.dynamic.DynamicType$Builder$AbstractBase.make(DynamicType.java:3734)
at org.mockito.internal.creation.bytebuddy.InlineBytecodeGenerator.transform(InlineBytecodeGenerator.java:402)
at java.instrument/java.lang.instrument.ClassFileTransformer.transform(ClassFileTransformer.java:257)
at java.instrument/sun.instrument.TransformerManager.transform(TransformerManager.java:188)
at java.instrument/sun.instrument.InstrumentationImpl.transform(InstrumentationImpl.java:594)
at java.instrument/sun.instrument.InstrumentationImpl.retransformClasses0(Native Method)
at java.instrument/sun.instrument.InstrumentationImpl.retransformClasses(InstrumentationImpl.java:221)
at org.mockito.internal.creation.bytebuddy.InlineBytecodeGenerator.triggerRetransformation(InlineBytecodeGenerator.java:281)
... 21 more
... Removed 7 stack frames]]>
    </failure>
  </testcase> <!-- testLoginAction -->
  <testcase classname="com.alphatechsz.computerstore.unit.LoginMenuTest" name="testLoginAction" time="0.11">
    <failure type="org.mockito.exceptions.base.MockitoException" message="Could not modify all classes [class javax.swing.JOptionPane]">
      <![CDATA[org.mockito.exceptions.base.MockitoException: Could not modify all classes [class javax.swing.JOptionPane]
at computerstore_test.support.JOptionPaneMock.<init>(JOptionPaneMock.java:16)
at computerstore_test.support.JOptionPaneMock.install(JOptionPaneMock.java:25)
at com.alphatechsz.computerstore.unit.LoginMenuTest.testLoginAction(LoginMenuTest.java:56)
at java.base/java.util.concurrent.ThreadPoolExecutor.runWorker(ThreadPoolExecutor.java:1095)
at java.base/java.util.concurrent.ThreadPoolExecutor$Worker.run(ThreadPoolExecutor.java:619)
at java.base/java.lang.Thread.run(Thread.java:1447)
Caused by: java.lang.IllegalStateException: 
Byte Buddy could not instrument all classes within the mock's type hierarchy

This problem should never occur for javac-compiled classes. This problem has been observed for classes that are:
 - Compiled by older versions of scalac
 - Classes that are part of the Android distribution
at org.mockito.internal.creation.bytebuddy.InlineBytecodeGenerator.triggerRetransformation(InlineBytecodeGenerator.java:285)
at org.mockito.internal.creation.bytebuddy.InlineBytecodeGenerator.mockClassStatic(InlineBytecodeGenerator.java:226)
at org.mockito.internal.creation.bytebuddy.TypeCachingBytecodeGenerator.mockClassStatic(TypeCachingBytecodeGenerator.java:63)
at org.mockito.internal.creation.bytebuddy.InlineDelegateByteBuddyMockMaker.createStaticMock(InlineDelegateByteBuddyMockMaker.java:566)
at org.mockito.internal.creation.bytebuddy.InlineByteBuddyMockMaker.createStaticMock(InlineByteBuddyMockMaker.java:83)
at org.mockito.internal.util.MockUtil.createStaticMock(MockUtil.java:202)
at org.mockito.internal.MockitoCore.mockStatic(MockitoCore.java:134)
at org.mockito.Mockito.mockStatic(Mockito.java:2307)
at org.mockito.Mockito.mockStatic(Mockito.java:2244)
... 13 more
Caused by: java.lang.IllegalArgumentException: Java 24 (68) is not supported by the current version of Byte Buddy which officially supports Java 20 (64) - update Byte Buddy or set net.bytebuddy.experimental as a VM property
at net.bytebuddy.utility.OpenedClassReader.of(OpenedClassReader.java:96)
at net.bytebuddy.dynamic.scaffold.TypeWriter$Default$ForInlining.create(TypeWriter.java:4011)
at net.bytebuddy.dynamic.scaffold.TypeWriter$Default.make(TypeWriter.java:2224)
at net.bytebuddy.dynamic.DynamicType$Builder$AbstractBase$UsingTypeWriter.make(DynamicType.java:4050)
at net.bytebuddy.dynamic.DynamicType$Builder$AbstractBase.make(DynamicType.java:3734)
at org.mockito.internal.creation.bytebuddy.InlineBytecodeGenerator.transform(InlineBytecodeGenerator.java:402)
at java.instrument/java.lang.instrument.ClassFileTransformer.transform(ClassFileTransformer.java:257)
at java.instrument/sun.instrument.TransformerManager.transform(TransformerManager.java:188)
at java.instrument/sun.instrument.InstrumentationImpl.transform(InstrumentationImpl.java:594)
at java.instrument/sun.instrument.InstrumentationImpl.retransformClasses0(Native Method)
at java.instrument/sun.instrument.InstrumentationImpl.retransformClasses(InstrumentationImpl.java:221)
at org.mockito.internal.creation.bytebuddy.InlineBytecodeGenerator.triggerRetransformation(InlineBytecodeGenerator.java:281)
... 21 more
... Removed 7 stack frames]]>
    </failure>
  </testcase> <!-- testLoginAction -->
  <testcase classname="com.alphatechsz.computerstore.unit.LoginMenuTest" name="testLoginAction" time="0.129">
    <failure type="org.mockito.exceptions.base.MockitoException" message="Could not modify all classes [class javax.swing.JOptionPane]">
      <![CDATA[org.mockito.exceptions.base.MockitoException: Could not modify all classes [class javax.swing.JOptionPane]
at computerstore_test.support.JOptionPaneMock.<init>(JOptionPaneMock.java:16)
at computerstore_test.support.JOptionPaneMock.install(JOptionPaneMock.java:25)
at com.alphatechsz.computerstore.unit.LoginMenuTest.testLoginAction(LoginMenuTest.java:56)
at java.base/java.util.concurrent.ThreadPoolExecutor.runWorker(ThreadPoolExecutor.java:1095)
at java.base/java.util.concurrent.ThreadPoolExecutor$Worker.run(ThreadPoolExecutor.java:619)
at java.base/java.lang.Thread.run(Thread.java:1447)
Caused by: java.lang.IllegalStateException: 
Byte Buddy could not instrument all classes within the mock's type hierarchy

This problem should never occur for javac-compiled classes. This problem has been observed for classes that are:
 - Compiled by older versions of scalac
 - Classes that are part of the Android distribution
at org.mockito.internal.creation.bytebuddy.InlineBytecodeGenerator.triggerRetransformation(InlineBytecodeGenerator.java:285)
at org.mockito.internal.creation.bytebuddy.InlineBytecodeGenerator.mockClassStatic(InlineBytecodeGenerator.java:226)
at org.mockito.internal.creation.bytebuddy.TypeCachingBytecodeGenerator.mockClassStatic(TypeCachingBytecodeGenerator.java:63)
at org.mockito.internal.creation.bytebuddy.InlineDelegateByteBuddyMockMaker.createStaticMock(InlineDelegateByteBuddyMockMaker.java:566)
at org.mockito.internal.creation.bytebuddy.InlineByteBuddyMockMaker.createStaticMock(InlineByteBuddyMockMaker.java:83)
at org.mockito.internal.util.MockUtil.createStaticMock(MockUtil.java:202)
at org.mockito.internal.MockitoCore.mockStatic(MockitoCore.java:134)
at org.mockito.Mockito.mockStatic(Mockito.java:2307)
at org.mockito.Mockito.mockStatic(Mockito.java:2244)
... 13 more
Caused by: java.lang.IllegalArgumentException: Java 24 (68) is not supported by the current version of Byte Buddy which officially supports Java 20 (64) - update Byte Buddy or set net.bytebuddy.experimental as a VM property
at net.bytebuddy.utility.OpenedClassReader.of(OpenedClassReader.java:96)
at net.bytebuddy.dynamic.scaffold.TypeWriter$Default$ForInlining.create(TypeWriter.java:4011)
at net.bytebuddy.dynamic.scaffold.TypeWriter$Default.make(TypeWriter.java:2224)
at net.bytebuddy.dynamic.DynamicType$Builder$AbstractBase$UsingTypeWriter.make(DynamicType.java:4050)
at net.bytebuddy.dynamic.DynamicType$Builder$AbstractBase.make(DynamicType.java:3734)
at org.mockito.internal.creation.bytebuddy.InlineBytecodeGenerator.transform(InlineBytecodeGenerator.java:402)
at java.instrument/java.lang.instrument.ClassFileTransformer.transform(ClassFileTransformer.java:257)
at java.instrument/sun.instrument.TransformerManager.transform(TransformerManager.java:188)
at java.instrument/sun.instrument.InstrumentationImpl.transform(InstrumentationImpl.java:594)
at java.instrument/sun.instrument.InstrumentationImpl.retransformClasses0(Native Method)
at java.instrument/sun.instrument.InstrumentationImpl.retransformClasses(InstrumentationImpl.java:221)
at org.mockito.internal.creation.bytebuddy.InlineBytecodeGenerator.triggerRetransformation(InlineBytecodeGenerator.java:281)
... 21 more
... Removed 7 stack frames]]>
    </failure>
  </testcase> <!-- testLoginAction -->
  <testcase classname="com.alphatechsz.computerstore.unit.LoginMenuTest" name="testLoginAction" time="0.148">
    <failure type="org.mockito.exceptions.base.MockitoException" message="Could not modify all classes [class javax.swing.JOptionPane]">
      <![CDATA[org.mockito.exceptions.base.MockitoException: Could not modify all classes [class javax.swing.JOptionPane]
at computerstore_test.support.JOptionPaneMock.<init>(JOptionPaneMock.java:16)
at computerstore_test.support.JOptionPaneMock.install(JOptionPaneMock.java:25)
at com.alphatechsz.computerstore.unit.LoginMenuTest.testLoginAction(LoginMenuTest.java:56)
at java.base/java.util.concurrent.ThreadPoolExecutor.runWorker(ThreadPoolExecutor.java:1095)
at java.base/java.util.concurrent.ThreadPoolExecutor$Worker.run(ThreadPoolExecutor.java:619)
at java.base/java.lang.Thread.run(Thread.java:1447)
Caused by: java.lang.IllegalStateException: 
Byte Buddy could not instrument all classes within the mock's type hierarchy

This problem should never occur for javac-compiled classes. This problem has been observed for classes that are:
 - Compiled by older versions of scalac
 - Classes that are part of the Android distribution
at org.mockito.internal.creation.bytebuddy.InlineBytecodeGenerator.triggerRetransformation(InlineBytecodeGenerator.java:285)
at org.mockito.internal.creation.bytebuddy.InlineBytecodeGenerator.mockClassStatic(InlineBytecodeGenerator.java:226)
at org.mockito.internal.creation.bytebuddy.TypeCachingBytecodeGenerator.mockClassStatic(TypeCachingBytecodeGenerator.java:63)
at org.mockito.internal.creation.bytebuddy.InlineDelegateByteBuddyMockMaker.createStaticMock(InlineDelegateByteBuddyMockMaker.java:566)
at org.mockito.internal.creation.bytebuddy.InlineByteBuddyMockMaker.createStaticMock(InlineByteBuddyMockMaker.java:83)
at org.mockito.internal.util.MockUtil.createStaticMock(MockUtil.java:202)
at org.mockito.internal.MockitoCore.mockStatic(MockitoCore.java:134)
at org.mockito.Mockito.mockStatic(Mockito.java:2307)
at org.mockito.Mockito.mockStatic(Mockito.java:2244)
... 13 more
Caused by: java.lang.IllegalArgumentException: Java 24 (68) is not supported by the current version of Byte Buddy which officially supports Java 20 (64) - update Byte Buddy or set net.bytebuddy.experimental as a VM property
at net.bytebuddy.utility.OpenedClassReader.of(OpenedClassReader.java:96)
at net.bytebuddy.dynamic.scaffold.TypeWriter$Default$ForInlining.create(TypeWriter.java:4011)
at net.bytebuddy.dynamic.scaffold.TypeWriter$Default.make(TypeWriter.java:2224)
at net.bytebuddy.dynamic.DynamicType$Builder$AbstractBase$UsingTypeWriter.make(DynamicType.java:4050)
at net.bytebuddy.dynamic.DynamicType$Builder$AbstractBase.make(DynamicType.java:3734)
at org.mockito.internal.creation.bytebuddy.InlineBytecodeGenerator.transform(InlineBytecodeGenerator.java:402)
at java.instrument/java.lang.instrument.ClassFileTransformer.transform(ClassFileTransformer.java:257)
at java.instrument/sun.instrument.TransformerManager.transform(TransformerManager.java:188)
at java.instrument/sun.instrument.InstrumentationImpl.transform(InstrumentationImpl.java:594)
at java.instrument/sun.instrument.InstrumentationImpl.retransformClasses0(Native Method)
at java.instrument/sun.instrument.InstrumentationImpl.retransformClasses(InstrumentationImpl.java:221)
at org.mockito.internal.creation.bytebuddy.InlineBytecodeGenerator.triggerRetransformation(InlineBytecodeGenerator.java:281)
... 21 more
... Removed 7 stack frames]]>
    </failure>
  </testcase> <!-- testLoginAction -->
  <testcase classname="com.alphatechsz.computerstore.unit.LoginMenuTest" name="testLoginAction" time="0.167">
    <failure type="org.mockito.exceptions.base.MockitoException" message="Could not modify all classes [class javax.swing.JOptionPane]">
      <![CDATA[org.mockito.exceptions.base.MockitoException: Could not modify all classes [class javax.swing.JOptionPane]
at computerstore_test.support.JOptionPaneMock.<init>(JOptionPaneMock.java:16)
at computerstore_test.support.JOptionPaneMock.install(JOptionPaneMock.java:25)
at com.alphatechsz.computerstore.unit.LoginMenuTest.testLoginAction(LoginMenuTest.java:56)
at java.base/java.util.concurrent.ThreadPoolExecutor.runWorker(ThreadPoolExecutor.java:1095)
at java.base/java.util.concurrent.ThreadPoolExecutor$Worker.run(ThreadPoolExecutor.java:619)
at java.base/java.lang.Thread.run(Thread.java:1447)
Caused by: java.lang.IllegalStateException: 
Byte Buddy could not instrument all classes within the mock's type hierarchy

This problem should never occur for javac-compiled classes. This problem has been observed for classes that are:
 - Compiled by older versions of scalac
 - Classes that are part of the Android distribution
at org.mockito.internal.creation.bytebuddy.InlineBytecodeGenerator.triggerRetransformation(InlineBytecodeGenerator.java:285)
at org.mockito.internal.creation.bytebuddy.InlineBytecodeGenerator.mockClassStatic(InlineBytecodeGenerator.java:226)
at org.mockito.internal.creation.bytebuddy.TypeCachingBytecodeGenerator.mockClassStatic(TypeCachingBytecodeGenerator.java:63)
at org.mockito.internal.creation.bytebuddy.InlineDelegateByteBuddyMockMaker.createStaticMock(InlineDelegateByteBuddyMockMaker.java:566)
at org.mockito.internal.creation.bytebuddy.InlineByteBuddyMockMaker.createStaticMock(InlineByteBuddyMockMaker.java:83)
at org.mockito.internal.util.MockUtil.createStaticMock(MockUtil.java:202)
at org.mockito.internal.MockitoCore.mockStatic(MockitoCore.java:134)
at org.mockito.Mockito.mockStatic(Mockito.java:2307)
at org.mockito.Mockito.mockStatic(Mockito.java:2244)
... 13 more
Caused by: java.lang.IllegalArgumentException: Java 24 (68) is not supported by the current version of Byte Buddy which officially supports Java 20 (64) - update Byte Buddy or set net.bytebuddy.experimental as a VM property
at net.bytebuddy.utility.OpenedClassReader.of(OpenedClassReader.java:96)
at net.bytebuddy.dynamic.scaffold.TypeWriter$Default$ForInlining.create(TypeWriter.java:4011)
at net.bytebuddy.dynamic.scaffold.TypeWriter$Default.make(TypeWriter.java:2224)
at net.bytebuddy.dynamic.DynamicType$Builder$AbstractBase$UsingTypeWriter.make(DynamicType.java:4050)
at net.bytebuddy.dynamic.DynamicType$Builder$AbstractBase.make(DynamicType.java:3734)
at org.mockito.internal.creation.bytebuddy.InlineBytecodeGenerator.transform(InlineBytecodeGenerator.java:402)
at java.instrument/java.lang.instrument.ClassFileTransformer.transform(ClassFileTransformer.java:257)
at java.instrument/sun.instrument.TransformerManager.transform(TransformerManager.java:188)
at java.instrument/sun.instrument.InstrumentationImpl.transform(InstrumentationImpl.java:594)
at java.instrument/sun.instrument.InstrumentationImpl.retransformClasses0(Native Method)
at java.instrument/sun.instrument.InstrumentationImpl.retransformClasses(InstrumentationImpl.java:221)
at org.mockito.internal.creation.bytebuddy.InlineBytecodeGenerator.triggerRetransformation(InlineBytecodeGenerator.java:281)
... 21 more
... Removed 7 stack frames]]>
    </failure>
  </testcase> <!-- testLoginAction -->
  <testcase classname="com.alphatechsz.computerstore.unit.LoginMenuTest" name="testLoginAction" time="0.188">
    <failure type="org.mockito.exceptions.base.MockitoException" message="Could not modify all classes [class javax.swing.JOptionPane]">
      <![CDATA[org.mockito.exceptions.base.MockitoException: Could not modify all classes [class javax.swing.JOptionPane]
at computerstore_test.support.JOptionPaneMock.<init>(JOptionPaneMock.java:16)
at computerstore_test.support.JOptionPaneMock.install(JOptionPaneMock.java:25)
at com.alphatechsz.computerstore.unit.LoginMenuTest.testLoginAction(LoginMenuTest.java:56)
at java.base/java.util.concurrent.ThreadPoolExecutor.runWorker(ThreadPoolExecutor.java:1095)
at java.base/java.util.concurrent.ThreadPoolExecutor$Worker.run(ThreadPoolExecutor.java:619)
at java.base/java.lang.Thread.run(Thread.java:1447)
Caused by: java.lang.IllegalStateException: 
Byte Buddy could not instrument all classes within the mock's type hierarchy

This problem should never occur for javac-compiled classes. This problem has been observed for classes that are:
 - Compiled by older versions of scalac
 - Classes that are part of the Android distribution
at org.mockito.internal.creation.bytebuddy.InlineBytecodeGenerator.triggerRetransformation(InlineBytecodeGenerator.java:285)
at org.mockito.internal.creation.bytebuddy.InlineBytecodeGenerator.mockClassStatic(InlineBytecodeGenerator.java:226)
at org.mockito.internal.creation.bytebuddy.TypeCachingBytecodeGenerator.mockClassStatic(TypeCachingBytecodeGenerator.java:63)
at org.mockito.internal.creation.bytebuddy.InlineDelegateByteBuddyMockMaker.createStaticMock(InlineDelegateByteBuddyMockMaker.java:566)
at org.mockito.internal.creation.bytebuddy.InlineByteBuddyMockMaker.createStaticMock(InlineByteBuddyMockMaker.java:83)
at org.mockito.internal.util.MockUtil.createStaticMock(MockUtil.java:202)
at org.mockito.internal.MockitoCore.mockStatic(MockitoCore.java:134)
at org.mockito.Mockito.mockStatic(Mockito.java:2307)
at org.mockito.Mockito.mockStatic(Mockito.java:2244)
... 13 more
Caused by: java.lang.IllegalArgumentException: Java 24 (68) is not supported by the current version of Byte Buddy which officially supports Java 20 (64) - update Byte Buddy or set net.bytebuddy.experimental as a VM property
at net.bytebuddy.utility.OpenedClassReader.of(OpenedClassReader.java:96)
at net.bytebuddy.dynamic.scaffold.TypeWriter$Default$ForInlining.create(TypeWriter.java:4011)
at net.bytebuddy.dynamic.scaffold.TypeWriter$Default.make(TypeWriter.java:2224)
at net.bytebuddy.dynamic.DynamicType$Builder$AbstractBase$UsingTypeWriter.make(DynamicType.java:4050)
at net.bytebuddy.dynamic.DynamicType$Builder$AbstractBase.make(DynamicType.java:3734)
at org.mockito.internal.creation.bytebuddy.InlineBytecodeGenerator.transform(InlineBytecodeGenerator.java:402)
at java.instrument/java.lang.instrument.ClassFileTransformer.transform(ClassFileTransformer.java:257)
at java.instrument/sun.instrument.TransformerManager.transform(TransformerManager.java:188)
at java.instrument/sun.instrument.InstrumentationImpl.transform(InstrumentationImpl.java:594)
at java.instrument/sun.instrument.InstrumentationImpl.retransformClasses0(Native Method)
at java.instrument/sun.instrument.InstrumentationImpl.retransformClasses(InstrumentationImpl.java:221)
at org.mockito.internal.creation.bytebuddy.InlineBytecodeGenerator.triggerRetransformation(InlineBytecodeGenerator.java:281)
... 21 more
... Removed 7 stack frames]]>
    </failure>
  </testcase> <!-- testLoginAction -->
  <testcase classname="com.alphatechsz.computerstore.unit.LoginMenuTest" name="testLoginAction" time="0.204">
    <failure type="org.mockito.exceptions.base.MockitoException" message="Could not modify all classes [class javax.swing.JOptionPane]">
      <![CDATA[org.mockito.exceptions.base.MockitoException: Could not modify all classes [class javax.swing.JOptionPane]
at computerstore_test.support.JOptionPaneMock.<init>(JOptionPaneMock.java:16)
at computerstore_test.support.JOptionPaneMock.install(JOptionPaneMock.java:25)
at com.alphatechsz.computerstore.unit.LoginMenuTest.testLoginAction(LoginMenuTest.java:56)
at java.base/java.util.concurrent.ThreadPoolExecutor.runWorker(ThreadPoolExecutor.java:1095)
at java.base/java.util.concurrent.ThreadPoolExecutor$Worker.run(ThreadPoolExecutor.java:619)
at java.base/java.lang.Thread.run(Thread.java:1447)
Caused by: java.lang.IllegalStateException: 
Byte Buddy could not instrument all classes within the mock's type hierarchy

This problem should never occur for javac-compiled classes. This problem has been observed for classes that are:
 - Compiled by older versions of scalac
 - Classes that are part of the Android distribution
at org.mockito.internal.creation.bytebuddy.InlineBytecodeGenerator.triggerRetransformation(InlineBytecodeGenerator.java:285)
at org.mockito.internal.creation.bytebuddy.InlineBytecodeGenerator.mockClassStatic(InlineBytecodeGenerator.java:226)
at org.mockito.internal.creation.bytebuddy.TypeCachingBytecodeGenerator.mockClassStatic(TypeCachingBytecodeGenerator.java:63)
at org.mockito.internal.creation.bytebuddy.InlineDelegateByteBuddyMockMaker.createStaticMock(InlineDelegateByteBuddyMockMaker.java:566)
at org.mockito.internal.creation.bytebuddy.InlineByteBuddyMockMaker.createStaticMock(InlineByteBuddyMockMaker.java:83)
at org.mockito.internal.util.MockUtil.createStaticMock(MockUtil.java:202)
at org.mockito.internal.MockitoCore.mockStatic(MockitoCore.java:134)
at org.mockito.Mockito.mockStatic(Mockito.java:2307)
at org.mockito.Mockito.mockStatic(Mockito.java:2244)
... 13 more
Caused by: java.lang.IllegalArgumentException: Java 24 (68) is not supported by the current version of Byte Buddy which officially supports Java 20 (64) - update Byte Buddy or set net.bytebuddy.experimental as a VM property
at net.bytebuddy.utility.OpenedClassReader.of(OpenedClassReader.java:96)
at net.bytebuddy.dynamic.scaffold.TypeWriter$Default$ForInlining.create(TypeWriter.java:4011)
at net.bytebuddy.dynamic.scaffold.TypeWriter$Default.make(TypeWriter.java:2224)
at net.bytebuddy.dynamic.DynamicType$Builder$AbstractBase$UsingTypeWriter.make(DynamicType.java:4050)
at net.bytebuddy.dynamic.DynamicType$Builder$AbstractBase.make(DynamicType.java:3734)
at org.mockito.internal.creation.bytebuddy.InlineBytecodeGenerator.transform(InlineBytecodeGenerator.java:402)
at java.instrument/java.lang.instrument.ClassFileTransformer.transform(ClassFileTransformer.java:257)
at java.instrument/sun.instrument.TransformerManager.transform(TransformerManager.java:188)
at java.instrument/sun.instrument.InstrumentationImpl.transform(InstrumentationImpl.java:594)
at java.instrument/sun.instrument.InstrumentationImpl.retransformClasses0(Native Method)
at java.instrument/sun.instrument.InstrumentationImpl.retransformClasses(InstrumentationImpl.java:221)
at org.mockito.internal.creation.bytebuddy.InlineBytecodeGenerator.triggerRetransformation(InlineBytecodeGenerator.java:281)
... 21 more
... Removed 7 stack frames]]>
    </failure>
  </testcase> <!-- testLoginAction -->
  <testcase classname="com.alphatechsz.computerstore.unit.LoginMenuTest" name="testLoginAction" time="0.221">
    <failure type="org.mockito.exceptions.base.MockitoException" message="Could not modify all classes [class javax.swing.JOptionPane]">
      <![CDATA[org.mockito.exceptions.base.MockitoException: Could not modify all classes [class javax.swing.JOptionPane]
at computerstore_test.support.JOptionPaneMock.<init>(JOptionPaneMock.java:16)
at computerstore_test.support.JOptionPaneMock.install(JOptionPaneMock.java:25)
at com.alphatechsz.computerstore.unit.LoginMenuTest.testLoginAction(LoginMenuTest.java:56)
at java.base/java.util.concurrent.ThreadPoolExecutor.runWorker(ThreadPoolExecutor.java:1095)
at java.base/java.util.concurrent.ThreadPoolExecutor$Worker.run(ThreadPoolExecutor.java:619)
at java.base/java.lang.Thread.run(Thread.java:1447)
Caused by: java.lang.IllegalStateException: 
Byte Buddy could not instrument all classes within the mock's type hierarchy

This problem should never occur for javac-compiled classes. This problem has been observed for classes that are:
 - Compiled by older versions of scalac
 - Classes that are part of the Android distribution
at org.mockito.internal.creation.bytebuddy.InlineBytecodeGenerator.triggerRetransformation(InlineBytecodeGenerator.java:285)
at org.mockito.internal.creation.bytebuddy.InlineBytecodeGenerator.mockClassStatic(InlineBytecodeGenerator.java:226)
at org.mockito.internal.creation.bytebuddy.TypeCachingBytecodeGenerator.mockClassStatic(TypeCachingBytecodeGenerator.java:63)
at org.mockito.internal.creation.bytebuddy.InlineDelegateByteBuddyMockMaker.createStaticMock(InlineDelegateByteBuddyMockMaker.java:566)
at org.mockito.internal.creation.bytebuddy.InlineByteBuddyMockMaker.createStaticMock(InlineByteBuddyMockMaker.java:83)
at org.mockito.internal.util.MockUtil.createStaticMock(MockUtil.java:202)
at org.mockito.internal.MockitoCore.mockStatic(MockitoCore.java:134)
at org.mockito.Mockito.mockStatic(Mockito.java:2307)
at org.mockito.Mockito.mockStatic(Mockito.java:2244)
... 13 more
Caused by: java.lang.IllegalArgumentException: Java 24 (68) is not supported by the current version of Byte Buddy which officially supports Java 20 (64) - update Byte Buddy or set net.bytebuddy.experimental as a VM property
at net.bytebuddy.utility.OpenedClassReader.of(OpenedClassReader.java:96)
at net.bytebuddy.dynamic.scaffold.TypeWriter$Default$ForInlining.create(TypeWriter.java:4011)
at net.bytebuddy.dynamic.scaffold.TypeWriter$Default.make(TypeWriter.java:2224)
at net.bytebuddy.dynamic.DynamicType$Builder$AbstractBase$UsingTypeWriter.make(DynamicType.java:4050)
at net.bytebuddy.dynamic.DynamicType$Builder$AbstractBase.make(DynamicType.java:3734)
at org.mockito.internal.creation.bytebuddy.InlineBytecodeGenerator.transform(InlineBytecodeGenerator.java:402)
at java.instrument/java.lang.instrument.ClassFileTransformer.transform(ClassFileTransformer.java:257)
at java.instrument/sun.instrument.TransformerManager.transform(TransformerManager.java:188)
at java.instrument/sun.instrument.InstrumentationImpl.transform(InstrumentationImpl.java:594)
at java.instrument/sun.instrument.InstrumentationImpl.retransformClasses0(Native Method)
at java.instrument/sun.instrument.InstrumentationImpl.retransformClasses(InstrumentationImpl.java:221)
at org.mockito.internal.creation.bytebuddy.InlineBytecodeGenerator.triggerRetransformation(InlineBytecodeGenerator.java:281)
... 21 more
... Removed 7 stack frames]]>
    </failure>
  </testcase> <!-- testLoginAction -->
  <testcase classname="com.alphatechsz.computerstore.unit.LoginMenuTest" name="testLoginAction" time="0.037">
    <failure type="org.mockito.exceptions.base.MockitoException" message="Could not modify all classes [class javax.swing.JOptionPane]">
      <![CDATA[org.mockito.exceptions.base.MockitoException: Could not modify all classes [class javax.swing.JOptionPane]
at computerstore_test.support.JOptionPaneMock.<init>(JOptionPaneMock.java:16)
at computerstore_test.support.JOptionPaneMock.install(JOptionPaneMock.java:25)
at com.alphatechsz.computerstore.unit.LoginMenuTest.testLoginAction(LoginMenuTest.java:56)
at java.base/java.util.concurrent.ThreadPoolExecutor.runWorker(ThreadPoolExecutor.java:1095)
at java.base/java.util.concurrent.ThreadPoolExecutor$Worker.run(ThreadPoolExecutor.java:619)
at java.base/java.lang.Thread.run(Thread.java:1447)
Caused by: java.lang.IllegalStateException: 
Byte Buddy could not instrument all classes within the mock's type hierarchy

This problem should never occur for javac-compiled classes. This problem has been observed for classes that are:
 - Compiled by older versions of scalac
 - Classes that are part of the Android distribution
at org.mockito.internal.creation.bytebuddy.InlineBytecodeGenerator.triggerRetransformation(InlineBytecodeGenerator.java:285)
at org.mockito.internal.creation.bytebuddy.InlineBytecodeGenerator.mockClassStatic(InlineBytecodeGenerator.java:226)
at org.mockito.internal.creation.bytebuddy.TypeCachingBytecodeGenerator.mockClassStatic(TypeCachingBytecodeGenerator.java:63)
at org.mockito.internal.creation.bytebuddy.InlineDelegateByteBuddyMockMaker.createStaticMock(InlineDelegateByteBuddyMockMaker.java:566)
at org.mockito.internal.creation.bytebuddy.InlineByteBuddyMockMaker.createStaticMock(InlineByteBuddyMockMaker.java:83)
at org.mockito.internal.util.MockUtil.createStaticMock(MockUtil.java:202)
at org.mockito.internal.MockitoCore.mockStatic(MockitoCore.java:134)
at org.mockito.Mockito.mockStatic(Mockito.java:2307)
at org.mockito.Mockito.mockStatic(Mockito.java:2244)
... 13 more
Caused by: java.lang.IllegalArgumentException: Java 24 (68) is not supported by the current version of Byte Buddy which officially supports Java 20 (64) - update Byte Buddy or set net.bytebuddy.experimental as a VM property
at net.bytebuddy.utility.OpenedClassReader.of(OpenedClassReader.java:96)
at net.bytebuddy.dynamic.scaffold.TypeWriter$Default$ForInlining.create(TypeWriter.java:4011)
at net.bytebuddy.dynamic.scaffold.TypeWriter$Default.make(TypeWriter.java:2224)
at net.bytebuddy.dynamic.DynamicType$Builder$AbstractBase$UsingTypeWriter.make(DynamicType.java:4050)
at net.bytebuddy.dynamic.DynamicType$Builder$AbstractBase.make(DynamicType.java:3734)
at org.mockito.internal.creation.bytebuddy.InlineBytecodeGenerator.transform(InlineBytecodeGenerator.java:402)
at java.instrument/java.lang.instrument.ClassFileTransformer.transform(ClassFileTransformer.java:257)
at java.instrument/sun.instrument.TransformerManager.transform(TransformerManager.java:188)
at java.instrument/sun.instrument.InstrumentationImpl.transform(InstrumentationImpl.java:594)
at java.instrument/sun.instrument.InstrumentationImpl.retransformClasses0(Native Method)
at java.instrument/sun.instrument.InstrumentationImpl.retransformClasses(InstrumentationImpl.java:221)
at org.mockito.internal.creation.bytebuddy.InlineBytecodeGenerator.triggerRetransformation(InlineBytecodeGenerator.java:281)
... 21 more
... Removed 7 stack frames]]>
    </failure>
  </testcase> <!-- testLoginAction -->
  <testcase classname="com.alphatechsz.computerstore.unit.LoginMenuTest" name="testLoginAction" time="0.072">
    <failure type="org.mockito.exceptions.base.MockitoException" message="Could not modify all classes [class javax.swing.JOptionPane]">
      <![CDATA[org.mockito.exceptions.base.MockitoException: Could not modify all classes [class javax.swing.JOptionPane]
at computerstore_test.support.JOptionPaneMock.<init>(JOptionPaneMock.java:16)
at computerstore_test.support.JOptionPaneMock.install(JOptionPaneMock.java:25)
at com.alphatechsz.computerstore.unit.LoginMenuTest.testLoginAction(LoginMenuTest.java:56)
at java.base/java.util.concurrent.ThreadPoolExecutor.runWorker(ThreadPoolExecutor.java:1095)
at java.base/java.util.concurrent.ThreadPoolExecutor$Worker.run(ThreadPoolExecutor.java:619)
at java.base/java.lang.Thread.run(Thread.java:1447)
Caused by: java.lang.IllegalStateException: 
Byte Buddy could not instrument all classes within the mock's type hierarchy

This problem should never occur for javac-compiled classes. This problem has been observed for classes that are:
 - Compiled by older versions of scalac
 - Classes that are part of the Android distribution
at org.mockito.internal.creation.bytebuddy.InlineBytecodeGenerator.triggerRetransformation(InlineBytecodeGenerator.java:285)
at org.mockito.internal.creation.bytebuddy.InlineBytecodeGenerator.mockClassStatic(InlineBytecodeGenerator.java:226)
at org.mockito.internal.creation.bytebuddy.TypeCachingBytecodeGenerator.mockClassStatic(TypeCachingBytecodeGenerator.java:63)
at org.mockito.internal.creation.bytebuddy.InlineDelegateByteBuddyMockMaker.createStaticMock(InlineDelegateByteBuddyMockMaker.java:566)
at org.mockito.internal.creation.bytebuddy.InlineByteBuddyMockMaker.createStaticMock(InlineByteBuddyMockMaker.java:83)
at org.mockito.internal.util.MockUtil.createStaticMock(MockUtil.java:202)
at org.mockito.internal.MockitoCore.mockStatic(MockitoCore.java:134)
at org.mockito.Mockito.mockStatic(Mockito.java:2307)
at org.mockito.Mockito.mockStatic(Mockito.java:2244)
... 13 more
Caused by: java.lang.IllegalArgumentException: Java 24 (68) is not supported by the current version of Byte Buddy which officially supports Java 20 (64) - update Byte Buddy or set net.bytebuddy.experimental as a VM property
at net.bytebuddy.utility.OpenedClassReader.of(OpenedClassReader.java:96)
at net.bytebuddy.dynamic.scaffold.TypeWriter$Default$ForInlining.create(TypeWriter.java:4011)
at net.bytebuddy.dynamic.scaffold.TypeWriter$Default.make(TypeWriter.java:2224)
at net.bytebuddy.dynamic.DynamicType$Builder$AbstractBase$UsingTypeWriter.make(DynamicType.java:4050)
at net.bytebuddy.dynamic.DynamicType$Builder$AbstractBase.make(DynamicType.java:3734)
at org.mockito.internal.creation.bytebuddy.InlineBytecodeGenerator.transform(InlineBytecodeGenerator.java:402)
at java.instrument/java.lang.instrument.ClassFileTransformer.transform(ClassFileTransformer.java:257)
at java.instrument/sun.instrument.TransformerManager.transform(TransformerManager.java:188)
at java.instrument/sun.instrument.InstrumentationImpl.transform(InstrumentationImpl.java:594)
at java.instrument/sun.instrument.InstrumentationImpl.retransformClasses0(Native Method)
at java.instrument/sun.instrument.InstrumentationImpl.retransformClasses(InstrumentationImpl.java:221)
at org.mockito.internal.creation.bytebuddy.InlineBytecodeGenerator.triggerRetransformation(InlineBytecodeGenerator.java:281)
... 21 more
... Removed 7 stack frames]]>
    </failure>
  </testcase> <!-- testLoginAction -->
  <testcase classname="com.alphatechsz.computerstore.unit.LoginMenuTest" name="testLoginAction" time="0.106">
    <failure type="org.mockito.exceptions.base.MockitoException" message="Could not modify all classes [class javax.swing.JOptionPane]">
      <![CDATA[org.mockito.exceptions.base.MockitoException: Could not modify all classes [class javax.swing.JOptionPane]
at computerstore_test.support.JOptionPaneMock.<init>(JOptionPaneMock.java:16)
at computerstore_test.support.JOptionPaneMock.install(JOptionPaneMock.java:25)
at com.alphatechsz.computerstore.unit.LoginMenuTest.testLoginAction(LoginMenuTest.java:56)
at java.base/java.util.concurrent.ThreadPoolExecutor.runWorker(ThreadPoolExecutor.java:1095)
at java.base/java.util.concurrent.ThreadPoolExecutor$Worker.run(ThreadPoolExecutor.java:619)
at java.base/java.lang.Thread.run(Thread.java:1447)
Caused by: java.lang.IllegalStateException: 
Byte Buddy could not instrument all classes within the mock's type hierarchy

This problem should never occur for javac-compiled classes. This problem has been observed for classes that are:
 - Compiled by older versions of scalac
 - Classes that are part of the Android distribution
at org.mockito.internal.creation.bytebuddy.InlineBytecodeGenerator.triggerRetransformation(InlineBytecodeGenerator.java:285)
at org.mockito.internal.creation.bytebuddy.InlineBytecodeGenerator.mockClassStatic(InlineBytecodeGenerator.java:226)
at org.mockito.internal.creation.bytebuddy.TypeCachingBytecodeGenerator.mockClassStatic(TypeCachingBytecodeGenerator.java:63)
at org.mockito.internal.creation.bytebuddy.InlineDelegateByteBuddyMockMaker.createStaticMock(InlineDelegateByteBuddyMockMaker.java:566)
at org.mockito.internal.creation.bytebuddy.InlineByteBuddyMockMaker.createStaticMock(InlineByteBuddyMockMaker.java:83)
at org.mockito.internal.util.MockUtil.createStaticMock(MockUtil.java:202)
at org.mockito.internal.MockitoCore.mockStatic(MockitoCore.java:134)
at org.mockito.Mockito.mockStatic(Mockito.java:2307)
at org.mockito.Mockito.mockStatic(Mockito.java:2244)
... 13 more
Caused by: java.lang.IllegalArgumentException: Java 24 (68) is not supported by the current version of Byte Buddy which officially supports Java 20 (64) - update Byte Buddy or set net.bytebuddy.experimental as a VM property
at net.bytebuddy.utility.OpenedClassReader.of(OpenedClassReader.java:96)
at net.bytebuddy.dynamic.scaffold.TypeWriter$Default$ForInlining.create(TypeWriter.java:4011)
at net.bytebuddy.dynamic.scaffold.TypeWriter$Default.make(TypeWriter.java:2224)
at net.bytebuddy.dynamic.DynamicType$Builder$AbstractBase$UsingTypeWriter.make(DynamicType.java:4050)
at net.bytebuddy.dynamic.DynamicType$Builder$AbstractBase.make(DynamicType.java:3734)
at org.mockito.internal.creation.bytebuddy.InlineBytecodeGenerator.transform(InlineBytecodeGenerator.java:402)
at java.instrument/java.lang.instrument.ClassFileTransformer.transform(ClassFileTransformer.java:257)
at java.instrument/sun.instrument.TransformerManager.transform(TransformerManager.java:188)
at java.instrument/sun.instrument.InstrumentationImpl.transform(InstrumentationImpl.java:594)
at java.instrument/sun.instrument.InstrumentationImpl.retransformClasses0(Native Method)
at java.instrument/sun.instrument.InstrumentationImpl.retransformClasses(InstrumentationImpl.java:221)
at org.mockito.internal.creation.bytebuddy.InlineBytecodeGenerator.triggerRetransformation(InlineBytecodeGenerator.java:281)
... 21 more
... Removed 7 stack frames]]>
    </failure>
  </testcase> <!-- testLoginAction -->
  <testcase classname="com.alphatechsz.computerstore.unit.LoginMenuTest" name="testLoginAction" time="0.149">
    <failure type="org.mockito.exceptions.base.MockitoException" message="Could not modify all classes [class javax.swing.JOptionPane]">
      <![CDATA[org.mockito.exceptions.base.MockitoException: Could not modify all classes [class javax.swing.JOptionPane]
at computerstore_test.support.JOptionPaneMock.<init>(JOptionPaneMock.java:16)
at computerstore_test.support.JOptionPaneMock.install(JOptionPaneMock.java:25)
at com.alphatechsz.computerstore.unit.LoginMenuTest.testLoginAction(LoginMenuTest.java:56)
at java.base/java.util.concurrent.ThreadPoolExecutor.runWorker(ThreadPoolExecutor.java:1095)
at java.base/java.util.concurrent.ThreadPoolExecutor$Worker.run(ThreadPoolExecutor.java:619)
at java.base/java.lang.Thread.run(Thread.java:1447)
Caused by: java.lang.IllegalStateException: 
Byte Buddy could not instrument all classes within the mock's type hierarchy

This problem should never occur for javac-compiled classes. This problem has been observed for classes that are:
 - Compiled by older versions of scalac
 - Classes that are part of the Android distribution
at org.mockito.internal.creation.bytebuddy.InlineBytecodeGenerator.triggerRetransformation(InlineBytecodeGenerator.java:285)
at org.mockito.internal.creation.bytebuddy.InlineBytecodeGenerator.mockClassStatic(InlineBytecodeGenerator.java:226)
at org.mockito.internal.creation.bytebuddy.TypeCachingBytecodeGenerator.mockClassStatic(TypeCachingBytecodeGenerator.java:63)
at org.mockito.internal.creation.bytebuddy.InlineDelegateByteBuddyMockMaker.createStaticMock(InlineDelegateByteBuddyMockMaker.java:566)
at org.mockito.internal.creation.bytebuddy.InlineByteBuddyMockMaker.createStaticMock(InlineByteBuddyMockMaker.java:83)
at org.mockito.internal.util.MockUtil.createStaticMock(MockUtil.java:202)
at org.mockito.internal.MockitoCore.mockStatic(MockitoCore.java:134)
at org.mockito.Mockito.mockStatic(Mockito.java:2307)
at org.mockito.Mockito.mockStatic(Mockito.java:2244)
... 13 more
Caused by: java.lang.IllegalArgumentException: Java 24 (68) is not supported by the current version of Byte Buddy which officially supports Java 20 (64) - update Byte Buddy or set net.bytebuddy.experimental as a VM property
at net.bytebuddy.utility.OpenedClassReader.of(OpenedClassReader.java:96)
at net.bytebuddy.dynamic.scaffold.TypeWriter$Default$ForInlining.create(TypeWriter.java:4011)
at net.bytebuddy.dynamic.scaffold.TypeWriter$Default.make(TypeWriter.java:2224)
at net.bytebuddy.dynamic.DynamicType$Builder$AbstractBase$UsingTypeWriter.make(DynamicType.java:4050)
at net.bytebuddy.dynamic.DynamicType$Builder$AbstractBase.make(DynamicType.java:3734)
at org.mockito.internal.creation.bytebuddy.InlineBytecodeGenerator.transform(InlineBytecodeGenerator.java:402)
at java.instrument/java.lang.instrument.ClassFileTransformer.transform(ClassFileTransformer.java:257)
at java.instrument/sun.instrument.TransformerManager.transform(TransformerManager.java:188)
at java.instrument/sun.instrument.InstrumentationImpl.transform(InstrumentationImpl.java:594)
at java.instrument/sun.instrument.InstrumentationImpl.retransformClasses0(Native Method)
at java.instrument/sun.instrument.InstrumentationImpl.retransformClasses(InstrumentationImpl.java:221)
at org.mockito.internal.creation.bytebuddy.InlineBytecodeGenerator.triggerRetransformation(InlineBytecodeGenerator.java:281)
... 21 more
... Removed 7 stack frames]]>
    </failure>
  </testcase> <!-- testLoginAction -->
  <testcase classname="com.alphatechsz.computerstore.unit.LoginMenuTest" name="testLoginAction" time="0.193">
    <failure type="org.mockito.exceptions.base.MockitoException" message="Could not modify all classes [class javax.swing.JOptionPane]">
      <![CDATA[org.mockito.exceptions.base.MockitoException: Could not modify all classes [class javax.swing.JOptionPane]
at computerstore_test.support.JOptionPaneMock.<init>(JOptionPaneMock.java:16)
at computerstore_test.support.JOptionPaneMock.install(JOptionPaneMock.java:25)
at com.alphatechsz.computerstore.unit.LoginMenuTest.testLoginAction(LoginMenuTest.java:56)
at java.base/java.util.concurrent.ThreadPoolExecutor.runWorker(ThreadPoolExecutor.java:1095)
at java.base/java.util.concurrent.ThreadPoolExecutor$Worker.run(ThreadPoolExecutor.java:619)
at java.base/java.lang.Thread.run(Thread.java:1447)
Caused by: java.lang.IllegalStateException: 
Byte Buddy could not instrument all classes within the mock's type hierarchy

This problem should never occur for javac-compiled classes. This problem has been observed for classes that are:
 - Compiled by older versions of scalac
 - Classes that are part of the Android distribution
at org.mockito.internal.creation.bytebuddy.InlineBytecodeGenerator.triggerRetransformation(InlineBytecodeGenerator.java:285)
at org.mockito.internal.creation.bytebuddy.InlineBytecodeGenerator.mockClassStatic(InlineBytecodeGenerator.java:226)
at org.mockito.internal.creation.bytebuddy.TypeCachingBytecodeGenerator.mockClassStatic(TypeCachingBytecodeGenerator.java:63)
at org.mockito.internal.creation.bytebuddy.InlineDelegateByteBuddyMockMaker.createStaticMock(InlineDelegateByteBuddyMockMaker.java:566)
at org.mockito.internal.creation.bytebuddy.InlineByteBuddyMockMaker.createStaticMock(InlineByteBuddyMockMaker.java:83)
at org.mockito.internal.util.MockUtil.createStaticMock(MockUtil.java:202)
at org.mockito.internal.MockitoCore.mockStatic(MockitoCore.java:134)
at org.mockito.Mockito.mockStatic(Mockito.java:2307)
at org.mockito.Mockito.mockStatic(Mockito.java:2244)
... 13 more
Caused by: java.lang.IllegalArgumentException: Java 24 (68) is not supported by the current version of Byte Buddy which officially supports Java 20 (64) - update Byte Buddy or set net.bytebuddy.experimental as a VM property
at net.bytebuddy.utility.OpenedClassReader.of(OpenedClassReader.java:96)
at net.bytebuddy.dynamic.scaffold.TypeWriter$Default$ForInlining.create(TypeWriter.java:4011)
at net.bytebuddy.dynamic.scaffold.TypeWriter$Default.make(TypeWriter.java:2224)
at net.bytebuddy.dynamic.DynamicType$Builder$AbstractBase$UsingTypeWriter.make(DynamicType.java:4050)
at net.bytebuddy.dynamic.DynamicType$Builder$AbstractBase.make(DynamicType.java:3734)
at org.mockito.internal.creation.bytebuddy.InlineBytecodeGenerator.transform(InlineBytecodeGenerator.java:402)
at java.instrument/java.lang.instrument.ClassFileTransformer.transform(ClassFileTransformer.java:257)
at java.instrument/sun.instrument.TransformerManager.transform(TransformerManager.java:188)
at java.instrument/sun.instrument.InstrumentationImpl.transform(InstrumentationImpl.java:594)
at java.instrument/sun.instrument.InstrumentationImpl.retransformClasses0(Native Method)
at java.instrument/sun.instrument.InstrumentationImpl.retransformClasses(InstrumentationImpl.java:221)
at org.mockito.internal.creation.bytebuddy.InlineBytecodeGenerator.triggerRetransformation(InlineBytecodeGenerator.java:281)
... 21 more
... Removed 7 stack frames]]>
    </failure>
  </testcase> <!-- testLoginAction -->
  <testcase classname="com.alphatechsz.computerstore.unit.LoginMenuTest" name="testLoginAction" time="0.233">
    <failure type="org.mockito.exceptions.base.MockitoException" message="Could not modify all classes [class javax.swing.JOptionPane]">
      <![CDATA[org.mockito.exceptions.base.MockitoException: Could not modify all classes [class javax.swing.JOptionPane]
at computerstore_test.support.JOptionPaneMock.<init>(JOptionPaneMock.java:16)
at computerstore_test.support.JOptionPaneMock.install(JOptionPaneMock.java:25)
at com.alphatechsz.computerstore.unit.LoginMenuTest.testLoginAction(LoginMenuTest.java:56)
at java.base/java.util.concurrent.ThreadPoolExecutor.runWorker(ThreadPoolExecutor.java:1095)
at java.base/java.util.concurrent.ThreadPoolExecutor$Worker.run(ThreadPoolExecutor.java:619)
at java.base/java.lang.Thread.run(Thread.java:1447)
Caused by: java.lang.IllegalStateException: 
Byte Buddy could not instrument all classes within the mock's type hierarchy

This problem should never occur for javac-compiled classes. This problem has been observed for classes that are:
 - Compiled by older versions of scalac
 - Classes that are part of the Android distribution
at org.mockito.internal.creation.bytebuddy.InlineBytecodeGenerator.triggerRetransformation(InlineBytecodeGenerator.java:285)
at org.mockito.internal.creation.bytebuddy.InlineBytecodeGenerator.mockClassStatic(InlineBytecodeGenerator.java:226)
at org.mockito.internal.creation.bytebuddy.TypeCachingBytecodeGenerator.mockClassStatic(TypeCachingBytecodeGenerator.java:63)
at org.mockito.internal.creation.bytebuddy.InlineDelegateByteBuddyMockMaker.createStaticMock(InlineDelegateByteBuddyMockMaker.java:566)
at org.mockito.internal.creation.bytebuddy.InlineByteBuddyMockMaker.createStaticMock(InlineByteBuddyMockMaker.java:83)
at org.mockito.internal.util.MockUtil.createStaticMock(MockUtil.java:202)
at org.mockito.internal.MockitoCore.mockStatic(MockitoCore.java:134)
at org.mockito.Mockito.mockStatic(Mockito.java:2307)
at org.mockito.Mockito.mockStatic(Mockito.java:2244)
... 13 more
Caused by: java.lang.IllegalArgumentException: Java 24 (68) is not supported by the current version of Byte Buddy which officially supports Java 20 (64) - update Byte Buddy or set net.bytebuddy.experimental as a VM property
at net.bytebuddy.utility.OpenedClassReader.of(OpenedClassReader.java:96)
at net.bytebuddy.dynamic.scaffold.TypeWriter$Default$ForInlining.create(TypeWriter.java:4011)
at net.bytebuddy.dynamic.scaffold.TypeWriter$Default.make(TypeWriter.java:2224)
at net.bytebuddy.dynamic.DynamicType$Builder$AbstractBase$UsingTypeWriter.make(DynamicType.java:4050)
at net.bytebuddy.dynamic.DynamicType$Builder$AbstractBase.make(DynamicType.java:3734)
at org.mockito.internal.creation.bytebuddy.InlineBytecodeGenerator.transform(InlineBytecodeGenerator.java:402)
at java.instrument/java.lang.instrument.ClassFileTransformer.transform(ClassFileTransformer.java:257)
at java.instrument/sun.instrument.TransformerManager.transform(TransformerManager.java:188)
at java.instrument/sun.instrument.InstrumentationImpl.transform(InstrumentationImpl.java:594)
at java.instrument/sun.instrument.InstrumentationImpl.retransformClasses0(Native Method)
at java.instrument/sun.instrument.InstrumentationImpl.retransformClasses(InstrumentationImpl.java:221)
at org.mockito.internal.creation.bytebuddy.InlineBytecodeGenerator.triggerRetransformation(InlineBytecodeGenerator.java:281)
... 21 more
... Removed 7 stack frames]]>
    </failure>
  </testcase> <!-- testLoginAction -->
  <testcase classname="com.alphatechsz.computerstore.unit.LoginMenuTest" name="testLoginAction" time="0.276">
    <failure type="org.mockito.exceptions.base.MockitoException" message="Could not modify all classes [class javax.swing.JOptionPane]">
      <![CDATA[org.mockito.exceptions.base.MockitoException: Could not modify all classes [class javax.swing.JOptionPane]
at computerstore_test.support.JOptionPaneMock.<init>(JOptionPaneMock.java:16)
at computerstore_test.support.JOptionPaneMock.install(JOptionPaneMock.java:25)
at com.alphatechsz.computerstore.unit.LoginMenuTest.testLoginAction(LoginMenuTest.java:56)
at java.base/java.util.concurrent.ThreadPoolExecutor.runWorker(ThreadPoolExecutor.java:1095)
at java.base/java.util.concurrent.ThreadPoolExecutor$Worker.run(ThreadPoolExecutor.java:619)
at java.base/java.lang.Thread.run(Thread.java:1447)
Caused by: java.lang.IllegalStateException: 
Byte Buddy could not instrument all classes within the mock's type hierarchy

This problem should never occur for javac-compiled classes. This problem has been observed for classes that are:
 - Compiled by older versions of scalac
 - Classes that are part of the Android distribution
at org.mockito.internal.creation.bytebuddy.InlineBytecodeGenerator.triggerRetransformation(InlineBytecodeGenerator.java:285)
at org.mockito.internal.creation.bytebuddy.InlineBytecodeGenerator.mockClassStatic(InlineBytecodeGenerator.java:226)
at org.mockito.internal.creation.bytebuddy.TypeCachingBytecodeGenerator.mockClassStatic(TypeCachingBytecodeGenerator.java:63)
at org.mockito.internal.creation.bytebuddy.InlineDelegateByteBuddyMockMaker.createStaticMock(InlineDelegateByteBuddyMockMaker.java:566)
at org.mockito.internal.creation.bytebuddy.InlineByteBuddyMockMaker.createStaticMock(InlineByteBuddyMockMaker.java:83)
at org.mockito.internal.util.MockUtil.createStaticMock(MockUtil.java:202)
at org.mockito.internal.MockitoCore.mockStatic(MockitoCore.java:134)
at org.mockito.Mockito.mockStatic(Mockito.java:2307)
at org.mockito.Mockito.mockStatic(Mockito.java:2244)
... 13 more
Caused by: java.lang.IllegalArgumentException: Java 24 (68) is not supported by the current version of Byte Buddy which officially supports Java 20 (64) - update Byte Buddy or set net.bytebuddy.experimental as a VM property
at net.bytebuddy.utility.OpenedClassReader.of(OpenedClassReader.java:96)
at net.bytebuddy.dynamic.scaffold.TypeWriter$Default$ForInlining.create(TypeWriter.java:4011)
at net.bytebuddy.dynamic.scaffold.TypeWriter$Default.make(TypeWriter.java:2224)
at net.bytebuddy.dynamic.DynamicType$Builder$AbstractBase$UsingTypeWriter.make(DynamicType.java:4050)
at net.bytebuddy.dynamic.DynamicType$Builder$AbstractBase.make(DynamicType.java:3734)
at org.mockito.internal.creation.bytebuddy.InlineBytecodeGenerator.transform(InlineBytecodeGenerator.java:402)
at java.instrument/java.lang.instrument.ClassFileTransformer.transform(ClassFileTransformer.java:257)
at java.instrument/sun.instrument.TransformerManager.transform(TransformerManager.java:188)
at java.instrument/sun.instrument.InstrumentationImpl.transform(InstrumentationImpl.java:594)
at java.instrument/sun.instrument.InstrumentationImpl.retransformClasses0(Native Method)
at java.instrument/sun.instrument.InstrumentationImpl.retransformClasses(InstrumentationImpl.java:221)
at org.mockito.internal.creation.bytebuddy.InlineBytecodeGenerator.triggerRetransformation(InlineBytecodeGenerator.java:281)
... 21 more
... Removed 7 stack frames]]>
    </failure>
  </testcase> <!-- testLoginAction -->
  <testcase classname="com.alphatechsz.computerstore.unit.LoginMenuTest" name="testLoginAction" time="0.324">
    <failure type="org.mockito.exceptions.base.MockitoException" message="Could not modify all classes [class javax.swing.JOptionPane]">
      <![CDATA[org.mockito.exceptions.base.MockitoException: Could not modify all classes [class javax.swing.JOptionPane]
at computerstore_test.support.JOptionPaneMock.<init>(JOptionPaneMock.java:16)
at computerstore_test.support.JOptionPaneMock.install(JOptionPaneMock.java:25)
at com.alphatechsz.computerstore.unit.LoginMenuTest.testLoginAction(LoginMenuTest.java:56)
at java.base/java.util.concurrent.ThreadPoolExecutor.runWorker(ThreadPoolExecutor.java:1095)
at java.base/java.util.concurrent.ThreadPoolExecutor$Worker.run(ThreadPoolExecutor.java:619)
at java.base/java.lang.Thread.run(Thread.java:1447)
Caused by: java.lang.IllegalStateException: 
Byte Buddy could not instrument all classes within the mock's type hierarchy

This problem should never occur for javac-compiled classes. This problem has been observed for classes that are:
 - Compiled by older versions of scalac
 - Classes that are part of the Android distribution
at org.mockito.internal.creation.bytebuddy.InlineBytecodeGenerator.triggerRetransformation(InlineBytecodeGenerator.java:285)
at org.mockito.internal.creation.bytebuddy.InlineBytecodeGenerator.mockClassStatic(InlineBytecodeGenerator.java:226)
at org.mockito.internal.creation.bytebuddy.TypeCachingBytecodeGenerator.mockClassStatic(TypeCachingBytecodeGenerator.java:63)
at org.mockito.internal.creation.bytebuddy.InlineDelegateByteBuddyMockMaker.createStaticMock(InlineDelegateByteBuddyMockMaker.java:566)
at org.mockito.internal.creation.bytebuddy.InlineByteBuddyMockMaker.createStaticMock(InlineByteBuddyMockMaker.java:83)
at org.mockito.internal.util.MockUtil.createStaticMock(MockUtil.java:202)
at org.mockito.internal.MockitoCore.mockStatic(MockitoCore.java:134)
at org.mockito.Mockito.mockStatic(Mockito.java:2307)
at org.mockito.Mockito.mockStatic(Mockito.java:2244)
... 13 more
Caused by: java.lang.IllegalArgumentException: Java 24 (68) is not supported by the current version of Byte Buddy which officially supports Java 20 (64) - update Byte Buddy or set net.bytebuddy.experimental as a VM property
at net.bytebuddy.utility.OpenedClassReader.of(OpenedClassReader.java:96)
at net.bytebuddy.dynamic.scaffold.TypeWriter$Default$ForInlining.create(TypeWriter.java:4011)
at net.bytebuddy.dynamic.scaffold.TypeWriter$Default.make(TypeWriter.java:2224)
at net.bytebuddy.dynamic.DynamicType$Builder$AbstractBase$UsingTypeWriter.make(DynamicType.java:4050)
at net.bytebuddy.dynamic.DynamicType$Builder$AbstractBase.make(DynamicType.java:3734)
at org.mockito.internal.creation.bytebuddy.InlineBytecodeGenerator.transform(InlineBytecodeGenerator.java:402)
at java.instrument/java.lang.instrument.ClassFileTransformer.transform(ClassFileTransformer.java:257)
at java.instrument/sun.instrument.TransformerManager.transform(TransformerManager.java:188)
at java.instrument/sun.instrument.InstrumentationImpl.transform(InstrumentationImpl.java:594)
at java.instrument/sun.instrument.InstrumentationImpl.retransformClasses0(Native Method)
at java.instrument/sun.instrument.InstrumentationImpl.retransformClasses(InstrumentationImpl.java:221)
at org.mockito.internal.creation.bytebuddy.InlineBytecodeGenerator.triggerRetransformation(InlineBytecodeGenerator.java:281)
... 21 more
... Removed 7 stack frames]]>
    </failure>
  </testcase> <!-- testLoginAction -->
  <testcase classname="com.alphatechsz.computerstore.unit.LoginMenuTest" name="testLoginAction" time="0.375">
    <failure type="org.mockito.exceptions.base.MockitoException" message="Could not modify all classes [class javax.swing.JOptionPane]">
      <![CDATA[org.mockito.exceptions.base.MockitoException: Could not modify all classes [class javax.swing.JOptionPane]
at computerstore_test.support.JOptionPaneMock.<init>(JOptionPaneMock.java:16)
at computerstore_test.support.JOptionPaneMock.install(JOptionPaneMock.java:25)
at com.alphatechsz.computerstore.unit.LoginMenuTest.testLoginAction(LoginMenuTest.java:56)
at java.base/java.util.concurrent.ThreadPoolExecutor.runWorker(ThreadPoolExecutor.java:1095)
at java.base/java.util.concurrent.ThreadPoolExecutor$Worker.run(ThreadPoolExecutor.java:619)
at java.base/java.lang.Thread.run(Thread.java:1447)
Caused by: java.lang.IllegalStateException: 
Byte Buddy could not instrument all classes within the mock's type hierarchy

This problem should never occur for javac-compiled classes. This problem has been observed for classes that are:
 - Compiled by older versions of scalac
 - Classes that are part of the Android distribution
at org.mockito.internal.creation.bytebuddy.InlineBytecodeGenerator.triggerRetransformation(InlineBytecodeGenerator.java:285)
at org.mockito.internal.creation.bytebuddy.InlineBytecodeGenerator.mockClassStatic(InlineBytecodeGenerator.java:226)
at org.mockito.internal.creation.bytebuddy.TypeCachingBytecodeGenerator.mockClassStatic(TypeCachingBytecodeGenerator.java:63)
at org.mockito.internal.creation.bytebuddy.InlineDelegateByteBuddyMockMaker.createStaticMock(InlineDelegateByteBuddyMockMaker.java:566)
at org.mockito.internal.creation.bytebuddy.InlineByteBuddyMockMaker.createStaticMock(InlineByteBuddyMockMaker.java:83)
at org.mockito.internal.util.MockUtil.createStaticMock(MockUtil.java:202)
at org.mockito.internal.MockitoCore.mockStatic(MockitoCore.java:134)
at org.mockito.Mockito.mockStatic(Mockito.java:2307)
at org.mockito.Mockito.mockStatic(Mockito.java:2244)
... 13 more
Caused by: java.lang.IllegalArgumentException: Java 24 (68) is not supported by the current version of Byte Buddy which officially supports Java 20 (64) - update Byte Buddy or set net.bytebuddy.experimental as a VM property
at net.bytebuddy.utility.OpenedClassReader.of(OpenedClassReader.java:96)
at net.bytebuddy.dynamic.scaffold.TypeWriter$Default$ForInlining.create(TypeWriter.java:4011)
at net.bytebuddy.dynamic.scaffold.TypeWriter$Default.make(TypeWriter.java:2224)
at net.bytebuddy.dynamic.DynamicType$Builder$AbstractBase$UsingTypeWriter.make(DynamicType.java:4050)
at net.bytebuddy.dynamic.DynamicType$Builder$AbstractBase.make(DynamicType.java:3734)
at org.mockito.internal.creation.bytebuddy.InlineBytecodeGenerator.transform(InlineBytecodeGenerator.java:402)
at java.instrument/java.lang.instrument.ClassFileTransformer.transform(ClassFileTransformer.java:257)
at java.instrument/sun.instrument.TransformerManager.transform(TransformerManager.java:188)
at java.instrument/sun.instrument.InstrumentationImpl.transform(InstrumentationImpl.java:594)
at java.instrument/sun.instrument.InstrumentationImpl.retransformClasses0(Native Method)
at java.instrument/sun.instrument.InstrumentationImpl.retransformClasses(InstrumentationImpl.java:221)
at org.mockito.internal.creation.bytebuddy.InlineBytecodeGenerator.triggerRetransformation(InlineBytecodeGenerator.java:281)
... 21 more
... Removed 7 stack frames]]>
    </failure>
  </testcase> <!-- testLoginAction -->
  <testcase classname="com.alphatechsz.computerstore.unit.LoginMenuTest" name="testLoginAction" time="0.046">
    <failure type="org.mockito.exceptions.base.MockitoException" message="Could not modify all classes [class javax.swing.JOptionPane]">
      <![CDATA[org.mockito.exceptions.base.MockitoException: Could not modify all classes [class javax.swing.JOptionPane]
at computerstore_test.support.JOptionPaneMock.<init>(JOptionPaneMock.java:16)
at computerstore_test.support.JOptionPaneMock.install(JOptionPaneMock.java:25)
at com.alphatechsz.computerstore.unit.LoginMenuTest.testLoginAction(LoginMenuTest.java:56)
at java.base/java.util.concurrent.ThreadPoolExecutor.runWorker(ThreadPoolExecutor.java:1095)
at java.base/java.util.concurrent.ThreadPoolExecutor$Worker.run(ThreadPoolExecutor.java:619)
at java.base/java.lang.Thread.run(Thread.java:1447)
Caused by: java.lang.IllegalStateException: 
Byte Buddy could not instrument all classes within the mock's type hierarchy

This problem should never occur for javac-compiled classes. This problem has been observed for classes that are:
 - Compiled by older versions of scalac
 - Classes that are part of the Android distribution
at org.mockito.internal.creation.bytebuddy.InlineBytecodeGenerator.triggerRetransformation(InlineBytecodeGenerator.java:285)
at org.mockito.internal.creation.bytebuddy.InlineBytecodeGenerator.mockClassStatic(InlineBytecodeGenerator.java:226)
at org.mockito.internal.creation.bytebuddy.TypeCachingBytecodeGenerator.mockClassStatic(TypeCachingBytecodeGenerator.java:63)
at org.mockito.internal.creation.bytebuddy.InlineDelegateByteBuddyMockMaker.createStaticMock(InlineDelegateByteBuddyMockMaker.java:566)
at org.mockito.internal.creation.bytebuddy.InlineByteBuddyMockMaker.createStaticMock(InlineByteBuddyMockMaker.java:83)
at org.mockito.internal.util.MockUtil.createStaticMock(MockUtil.java:202)
at org.mockito.internal.MockitoCore.mockStatic(MockitoCore.java:134)
at org.mockito.Mockito.mockStatic(Mockito.java:2307)
at org.mockito.Mockito.mockStatic(Mockito.java:2244)
... 13 more
Caused by: java.lang.IllegalArgumentException: Java 24 (68) is not supported by the current version of Byte Buddy which officially supports Java 20 (64) - update Byte Buddy or set net.bytebuddy.experimental as a VM property
at net.bytebuddy.utility.OpenedClassReader.of(OpenedClassReader.java:96)
at net.bytebuddy.dynamic.scaffold.TypeWriter$Default$ForInlining.create(TypeWriter.java:4011)
[...]
at com.alphatechsz.computerstore.unit.LoginMenuTest.testLoginAction(LoginMenuTest.java:56)
at java.base/java.util.concurrent.ThreadPoolExecutor.runWorker(ThreadPoolExecutor.java:1095)
at java.base/java.util.concurrent.ThreadPoolExecutor$Worker.run(ThreadPoolExecutor.java:619)
at java.base/java.lang.Thread.run(Thread.java:1447)
Caused by: java.lang.IllegalStateException: 
Byte Buddy could not instrument all classes within the mock's type hierarchy

This problem should never occur for javac-compiled classes. This problem has been observed for classes that are:
 - Compiled by older versions of scalac
 - Classes that are part of the Android distribution
at org.mockito.internal.creation.bytebuddy.InlineBytecodeGenerator.triggerRetransformation(InlineBytecodeGenerator.java:285)
at org.mockito.internal.creation.bytebuddy.InlineBytecodeGenerator.mockClassStatic(InlineBytecodeGenerator.java:226)
at org.mockito.internal.creation.bytebuddy.TypeCachingBytecodeGenerator.mockClassStatic(TypeCachingBytecodeGenerator.java:63)
at org.mockito.internal.creation.bytebuddy.InlineDelegateByteBuddyMockMaker.createStaticMock(InlineDelegateByteBuddyMockMaker.java:566)
at org.mockito.internal.creation.bytebuddy.InlineByteBuddyMockMaker.createStaticMock(InlineByteBuddyMockMaker.java:83)
at org.mockito.internal.util.MockUtil.createStaticMock(MockUtil.java:202)
at org.mockito.internal.MockitoCore.mockStatic(MockitoCore.java:134)
at org.mockito.Mockito.mockStatic(Mockito.java:2307)
at org.mockito.Mockito.mockStatic(Mockito.java:2244)
... 13 more
Caused by: java.lang.IllegalArgumentException: Java 24 (68) is not supported by the current version of Byte Buddy which officially supports Java 20 (64) - update Byte Buddy or set net.bytebuddy.experimental as a VM property
at net.bytebuddy.utility.OpenedClassReader.of(OpenedClassReader.java:96)
at net.bytebuddy.dynamic.scaffold.TypeWriter$Default$ForInlining.create(TypeWriter.java:4011)
at net.bytebuddy.dynamic.scaffold.TypeWriter$Default.make(TypeWriter.java:2224)
at net.bytebuddy.dynamic.DynamicType$Builder$AbstractBase$UsingTypeWriter.make(DynamicType.java:4050)
at net.bytebuddy.dynamic.DynamicType$Builder$AbstractBase.make(DynamicType.java:3734)
at org.mockito.internal.creation.bytebuddy.InlineBytecodeGenerator.transform(InlineBytecodeGenerator.java:402)
at java.instrument/java.lang.instrument.ClassFileTransformer.transform(ClassFileTransformer.java:257)
at java.instrument/sun.instrument.TransformerManager.transform(TransformerManager.java:188)
at java.instrument/sun.instrument.InstrumentationImpl.transform(InstrumentationImpl.java:594)
at java.instrument/sun.instrument.InstrumentationImpl.retransformClasses0(Native Method)
at java.instrument/sun.instrument.InstrumentationImpl.retransformClasses(InstrumentationImpl.java:221)
at org.mockito.internal.creation.bytebuddy.InlineBytecodeGenerator.triggerRetransformation(InlineBytecodeGenerator.java:281)
... 21 more
... Removed 7 stack frames]]>
    </failure>
  </testcase> <!-- testLoginAction -->
  <testcase classname="com.alphatechsz.computerstore.unit.LoginMenuTest" name="testLoginAction" time="0.236">
    <failure type="org.mockito.exceptions.base.MockitoException" message="Could not modify all classes [class javax.swing.JOptionPane]">
      <![CDATA[org.mockito.exceptions.base.MockitoException: Could not modify all classes [class javax.swing.JOptionPane]
at computerstore_test.support.JOptionPaneMock.<init>(JOptionPaneMock.java:16)
at computerstore_test.support.JOptionPaneMock.install(JOptionPaneMock.java:25)
at com.alphatechsz.computerstore.unit.LoginMenuTest.testLoginAction(LoginMenuTest.java:56)
at java.base/java.util.concurrent.ThreadPoolExecutor.runWorker(ThreadPoolExecutor.java:1095)
at java.base/java.util.concurrent.ThreadPoolExecutor$Worker.run(ThreadPoolExecutor.java:619)
at java.base/java.lang.Thread.run(Thread.java:1447)
Caused by: java.lang.IllegalStateException: 
Byte Buddy could not instrument all classes within the mock's type hierarchy

This problem should never occur for javac-compiled classes. This problem has been observed for classes that are:
 - Compiled by older versions of scalac
 - Classes that are part of the Android distribution
at org.mockito.internal.creation.bytebuddy.InlineBytecodeGenerator.triggerRetransformation(InlineBytecodeGenerator.java:285)
at org.mockito.internal.creation.bytebuddy.InlineBytecodeGenerator.mockClassStatic(InlineBytecodeGenerator.java:226)
at org.mockito.internal.creation.bytebuddy.TypeCachingBytecodeGenerator.mockClassStatic(TypeCachingBytecodeGenerator.java:63)
at org.mockito.internal.creation.bytebuddy.InlineDelegateByteBuddyMockMaker.createStaticMock(InlineDelegateByteBuddyMockMaker.java:566)
at org.mockito.internal.creation.bytebuddy.InlineByteBuddyMockMaker.createStaticMock(InlineByteBuddyMockMaker.java:83)
at org.mockito.internal.util.MockUtil.createStaticMock(MockUtil.java:202)
at org.mockito.internal.MockitoCore.mockStatic(MockitoCore.java:134)
at org.mockito.Mockito.mockStatic(Mockito.java:2307)
at org.mockito.Mockito.mockStatic(Mockito.java:2244)
... 13 more
Caused by: java.lang.IllegalArgumentException: Java 24 (68) is not supported by the current version of Byte Buddy which officially supports Java 20 (64) - update Byte Buddy or set net.bytebuddy.experimental as a VM property
at net.bytebuddy.utility.OpenedClassReader.of(OpenedClassReader.java:96)
at net.bytebuddy.dynamic.scaffold.TypeWriter$Default$ForInlining.create(TypeWriter.java:4011)
at net.bytebuddy.dynamic.scaffold.TypeWriter$Default.make(TypeWriter.java:2224)
at net.bytebuddy.dynamic.DynamicType$Builder$AbstractBase$UsingTypeWriter.make(DynamicType.java:4050)
at net.bytebuddy.dynamic.DynamicType$Builder$AbstractBase.make(DynamicType.java:3734)
at org.mockito.internal.creation.bytebuddy.InlineBytecodeGenerator.transform(InlineBytecodeGenerator.java:402)
at java.instrument/java.lang.instrument.ClassFileTransformer.transform(ClassFileTransformer.java:257)
at java.instrument/sun.instrument.TransformerManager.transform(TransformerManager.java:188)
at java.instrument/sun.instrument.InstrumentationImpl.transform(InstrumentationImpl.java:594)
at java.instrument/sun.instrument.InstrumentationImpl.retransformClasses0(Native Method)
at java.instrument/sun.instrument.InstrumentationImpl.retransformClasses(InstrumentationImpl.java:221)
at org.mockito.internal.creation.bytebuddy.InlineBytecodeGenerator.triggerRetransformation(InlineBytecodeGenerator.java:281)
... 21 more
... Removed 7 stack frames]]>
    </failure>
  </testcase> <!-- testLoginAction -->
  <testcase classname="com.alphatechsz.computerstore.unit.LoginMenuTest" name="testLoginAction" time="0.288">
    <failure type="org.mockito.exceptions.base.MockitoException" message="Could not modify all classes [class javax.swing.JOptionPane]">
      <![CDATA[org.mockito.exceptions.base.MockitoException: Could not modify all classes [class javax.swing.JOptionPane]
at computerstore_test.support.JOptionPaneMock.<init>(JOptionPaneMock.java:16)
at computerstore_test.support.JOptionPaneMock.install(JOptionPaneMock.java:25)
at com.alphatechsz.computerstore.unit.LoginMenuTest.testLoginAction(LoginMenuTest.java:56)
at java.base/java.util.concurrent.ThreadPoolExecutor.runWorker(ThreadPoolExecutor.java:1095)
at java.base/java.util.concurrent.ThreadPoolExecutor$Worker.run(ThreadPoolExecutor.java:619)
at java.base/java.lang.Thread.run(Thread.java:1447)
Caused by: java.lang.IllegalStateException: 
Byte Buddy could not instrument all classes within the mock's type hierarchy

This problem should never occur for javac-compiled classes. This problem has been observed for classes that are:
 - Compiled by older versions of scalac
 - Classes that are part of the Android distribution
at org.mockito.internal.creation.bytebuddy.InlineBytecodeGenerator.triggerRetransformation(InlineBytecodeGenerator.java:285)
at org.mockito.internal.creation.bytebuddy.InlineBytecodeGenerator.mockClassStatic(InlineBytecodeGenerator.java:226)
at org.mockito.internal.creation.bytebuddy.TypeCachingBytecodeGenerator.mockClassStatic(TypeCachingBytecodeGenerator.java:63)
at org.mockito.internal.creation.bytebuddy.InlineDelegateByteBuddyMockMaker.createStaticMock(InlineDelegateByteBuddyMockMaker.java:566)
at org.mockito.internal.creation.bytebuddy.InlineByteBuddyMockMaker.createStaticMock(InlineByteBuddyMockMaker.java:83)
at org.mockito.internal.util.MockUtil.createStaticMock(MockUtil.java:202)
at org.mockito.internal.MockitoCore.mockStatic(MockitoCore.java:134)
at org.mockito.Mockito.mockStatic(Mockito.java:2307)
at org.mockito.Mockito.mockStatic(Mockito.java:2244)
... 13 more
Caused by: java.lang.IllegalArgumentException: Java 24 (68) is not supported by the current version of Byte Buddy which officially supports Java 20 (64) - update Byte Buddy or set net.bytebuddy.experimental as a VM property
at net.bytebuddy.utility.OpenedClassReader.of(OpenedClassReader.java:96)
at net.bytebuddy.dynamic.scaffold.TypeWriter$Default$ForInlining.create(TypeWriter.java:4011)
at net.bytebuddy.dynamic.scaffold.TypeWriter$Default.make(TypeWriter.java:2224)
at net.bytebuddy.dynamic.DynamicType$Builder$AbstractBase$UsingTypeWriter.make(DynamicType.java:4050)
at net.bytebuddy.dynamic.DynamicType$Builder$AbstractBase.make(DynamicType.java:3734)
at org.mockito.internal.creation.bytebuddy.InlineBytecodeGenerator.transform(InlineBytecodeGenerator.java:402)
at java.instrument/java.lang.instrument.ClassFileTransformer.transform(ClassFileTransformer.java:257)
at java.instrument/sun.instrument.TransformerManager.transform(TransformerManager.java:188)
at java.instrument/sun.instrument.InstrumentationImpl.transform(InstrumentationImpl.java:594)
at java.instrument/sun.instrument.InstrumentationImpl.retransformClasses0(Native Method)
at java.instrument/sun.instrument.InstrumentationImpl.retransformClasses(InstrumentationImpl.java:221)
at org.mockito.internal.creation.bytebuddy.InlineBytecodeGenerator.triggerRetransformation(InlineBytecodeGenerator.java:281)
... 21 more
... Removed 7 stack frames]]>
    </failure>
  </testcase> <!-- testLoginAction -->
  <testcase classname="com.alphatechsz.computerstore.unit.LoginMenuTest" name="testLoginWithNumberFormatShowsErrorDialog" time="0.033">
    <failure type="org.mockito.exceptions.base.MockitoException" message="Could not modify all classes [class javax.swing.JOptionPane]">
      <![CDATA[org.mockito.exceptions.base.MockitoException: Could not modify all classes [class javax.swing.JOptionPane]
at computerstore_test.support.JOptionPaneMock.<init>(JOptionPaneMock.java:16)
at computerstore_test.support.JOptionPaneMock.install(JOptionPaneMock.java:25)
at com.alphatechsz.computerstore.unit.LoginMenuTest.testLoginWithNumberFormatShowsErrorDialog(LoginMenuTest.java:102)
at java.base/java.util.ArrayList.forEach(ArrayList.java:1604)
Caused by: java.lang.IllegalStateException: 
Byte Buddy could not instrument all classes within the mock's type hierarchy

This problem should never occur for javac-compiled classes. This problem has been observed for classes that are:
 - Compiled by older versions of scalac
 - Classes that are part of the Android distribution
at org.mockito.internal.creation.bytebuddy.InlineBytecodeGenerator.triggerRetransformation(InlineBytecodeGenerator.java:285)
at org.mockito.internal.creation.bytebuddy.InlineBytecodeGenerator.mockClassStatic(InlineBytecodeGenerator.java:226)
at org.mockito.internal.creation.bytebuddy.TypeCachingBytecodeGenerator.mockClassStatic(TypeCachingBytecodeGenerator.java:63)
at org.mockito.internal.creation.bytebuddy.InlineDelegateByteBuddyMockMaker.createStaticMock(InlineDelegateByteBuddyMockMaker.java:566)
at org.mockito.internal.creation.bytebuddy.InlineByteBuddyMockMaker.createStaticMock(InlineByteBuddyMockMaker.java:83)
at org.mockito.internal.util.MockUtil.createStaticMock(MockUtil.java:202)
at org.mockito.internal.MockitoCore.mockStatic(MockitoCore.java:134)
at org.mockito.Mockito.mockStatic(Mockito.java:2307)
at org.mockito.Mockito.mockStatic(Mockito.java:2244)
... 34 more
Caused by: java.lang.IllegalArgumentException: Java 24 (68) is not supported by the current version of Byte Buddy which officially supports Java 20 (64) - update Byte Buddy or set net.bytebuddy.experimental as a VM property
at net.bytebuddy.utility.OpenedClassReader.of(OpenedClassReader.java:96)
at net.bytebuddy.dynamic.scaffold.TypeWriter$Default$ForInlining.create(TypeWriter.java:4011)
at net.bytebuddy.dynamic.scaffold.TypeWriter$Default.make(TypeWriter.java:2224)
at net.bytebuddy.dynamic.DynamicType$Builder$AbstractBase$UsingTypeWriter.make(DynamicType.java:4050)
at net.bytebuddy.dynamic.DynamicType$Builder$AbstractBase.make(DynamicType.java:3734)
at org.mockito.internal.creation.bytebuddy.InlineBytecodeGenerator.transform(InlineBytecodeGenerator.java:402)
at java.instrument/java.lang.instrument.ClassFileTransformer.transform(ClassFileTransformer.java:257)
at java.instrument/sun.instrument.TransformerManager.transform(TransformerManager.java:188)
at java.instrument/sun.instrument.InstrumentationImpl.transform(InstrumentationImpl.java:594)
at java.instrument/sun.instrument.InstrumentationImpl.retransformClasses0(Native Method)
at java.instrument/sun.instrument.InstrumentationImpl.retransformClasses(InstrumentationImpl.java:221)
at org.mockito.internal.creation.bytebuddy.InlineBytecodeGenerator.triggerRetransformation(InlineBytecodeGenerator.java:281)
... 42 more
... Removed 30 stack frames]]>
    </failure>
  </testcase> <!-- testLoginWithNumberFormatShowsErrorDialog -->
  <testcase classname="computerstore_test.unit.ComputerConstructorsTest" name="constructor_setsAllFields_correctly" time="0.057"/>
  <testcase classname="computerstore_test.unit.ComputerConstructorsTest" name="constructor_setsAllFields_correctly" time="0.0"/>
  <testcase classname="computerstore_test.unit.ComputerConstructorsTest" name="constructor_setsAllFields_correctly" time="0.0"/>
  <testcase classname="computerstore_test.unit.ComputerConstructorsTest" name="constructor_setsAllFields_correctly" time="0.0"/>
  <testcase classname="computerstore_test.unit.ComputerConstructorsTest" name="constructor_setsAllFields_correctly" time="0.001"/>
  <testcase classname="computerstore_test.unit.ComputerConstructorsTest" name="constructor_setsAllFields_correctly" time="0.0"/>
  <testcase classname="computerstore_test.unit.ComputerConstructorsTest" name="constructor_setsAllFields_correctly" time="0.0"/>
  <testcase classname="computerstore_test.unit.ComputerConstructorsTest" name="constructor_setsAllFields_correctly" time="0.0"/>
  <testcase classname="computerstore_test.unit.ComputerConstructorsTest" name="constructor_setsAllFields_correctly" time="0.0"/>
  <testcase classname="computerstore_test.unit.ComputerConstructorsTest" name="constructor_setsAllFields_correctly" time="0.001"/>
  <testcase classname="computerstore_test.unit.ComputerGettersAndSettersTest" name="cpuSetGet" time="0.003"/>
  <testcase classname="computerstore_test.unit.ComputerGettersAndSettersTest" name="cpuSetGet" time="0.0"/>
  <testcase classname="computerstore_test.unit.ComputerGettersAndSettersTest" name="cpuSetGet" time="0.001"/>
  <testcase classname="computerstore_test.unit.ComputerGettersAndSettersTest" name="cpuSetGet" time="0.0"/>
  <testcase classname="computerstore_test.unit.ComputerGettersAndSettersTest" name="cpuSetGet" time="0.0"/>
  <testcase classname="computerstore_test.unit.ComputerGettersAndSettersTest" name="cpuSetGet" time="0.0"/>
  <testcase classname="computerstore_test.unit.ComputerGettersAndSettersTest" name="gpuSetGet" time="0.001"/>
  <testcase classname="computerstore_test.unit.ComputerGettersAndSettersTest" name="gpuSetGet" time="0.0"/>
  <testcase classname="computerstore_test.unit.ComputerGettersAndSettersTest" name="gpuSetGet" time="0.0"/>
  <testcase classname="computerstore_test.unit.ComputerGettersAndSettersTest" name="gpuSetGet" time="0.0"/>
  <testcase classname="computerstore_test.unit.ComputerGettersAndSettersTest" name="gpuSetGet" time="0.0"/>
  <testcase classname="computerstore_test.unit.ComputerGettersAndSettersTest" name="gpuSetGet" time="0.0"/>
  <testcase classname="computerstore_test.unit.ComputerGettersAndSettersTest" name="gpuSetGet" time="0.0"/>
  <testcase classname="computerstore_test.unit.ComputerGettersAndSettersTest" name="gpuSetGet" time="0.0"/>
  <testcase classname="computerstore_test.unit.ComputerGettersAndSettersTest" name="motherboardSetGet" time="0.0"/>
  <testcase classname="computerstore_test.unit.ComputerGettersAndSettersTest" name="motherboardSetGet" time="0.0"/>
  <testcase classname="computerstore_test.unit.ComputerGettersAndSettersTest" name="motherboardSetGet" time="0.0"/>
  <testcase classname="computerstore_test.unit.ComputerGettersAndSettersTest" name="motherboardSetGet" time="0.0"/>
  <testcase classname="computerstore_test.unit.ComputerGettersAndSettersTest" name="ramSetGetHandlesValues" time="0.002"/>
  <testcase classname="computerstore_test.unit.ComputerGettersAndSettersTest" name="ramSetGetHandlesValues" time="0.001"/>
  <testcase classname="computerstore_test.unit.ComputerGettersAndSettersTest" name="ramSetGetHandlesValues" time="0.0"/>
  <testcase classname="computerstore_test.unit.ComputerGettersAndSettersTest" name="ramSetGetHandlesValues" time="0.0"/>
  <testcase classname="computerstore_test.unit.ComputerGettersAndSettersTest" name="ramSetGetHandlesValues" time="0.0"/>
  <testcase classname="computerstore_test.unit.ComputerGettersAndSettersTest" name="ramSetGetHandlesValues" time="0.001"/>
  <testcase classname="computerstore_test.unit.ComputerGettersAndSettersTest" name="ramSetGetHandlesValues" time="0.0"/>
  <testcase classname="computerstore_test.unit.ComputerGettersAndSettersTest" name="ramSetGetHandlesValues" time="0.0"/>
  <testcase classname="computerstore_test.unit.ComputerGettersAndSettersTest" name="ramSetGetHandlesValues" time="0.0"/>
  <testcase classname="computerstore_test.unit.ComputerGettersAndSettersTest" name="ramSetGetHandlesValues" time="0.0"/>
  <testcase classname="computerstore_test.unit.ComputerGettersAndSettersTest" name="ramSetGetHandlesValues" time="0.0"/>
  <testcase classname="computerstore_test.unit.ComputerGettersAndSettersTest" name="ramSetGetHandlesValues" time="0.0"/>
  <testcase classname="computerstore_test.unit.ComputerGettersAndSettersTest" name="ramSetGetHandlesValues" time="0.0"/>
  <testcase classname="computerstore_test.unit.ComputerGettersAndSettersTest" name="storageSetGet" time="0.0"/>
  <testcase classname="computerstore_test.unit.ComputerGettersAndSettersTest" name="storageSetGet" time="0.001"/>
  <testcase classname="computerstore_test.unit.ComputerGettersAndSettersTest" name="storageSetGet" time="0.0"/>
  <testcase classname="computerstore_test.unit.ComputerGettersAndSettersTest" name="storageSetGet" time="0.0"/>
  <testcase classname="computerstore_test.unit.ComputerGettersAndSettersTest" name="storageSetGet" time="0.0"/>
  <testcase classname="computerstore_test.unit.ComputerGettersAndSettersTest" name="storageSetGet" time="0.0"/>
  <testcase classname="computerstore_test.unit.ComputerGettersAndSettersTest" name="storageSetGet" time="0.0"/>
  <testcase classname="computerstore_test.unit.ComputerGettersAndSettersTest" name="storageSetGet" time="0.0"/>
  <testcase classname="computerstore_test.unit.ComputerGettersAndSettersTest" name="storageSetGet" time="0.0"/>
  <testcase classname="computerstore_test.unit.ComputerGettersAndSettersTest" name="storageSetGet" time="0.001"/>
  <testcase classname="computerstore_test.unit.ComputerGettersAndSettersTest" name="storageSetGet" time="0.0"/>
  <testcase classname="computerstore_test.unit.ComputerGettersAndSettersTest" name="storageSetGet" time="0.0"/>
</testsuite> <!-- Surefire test -->
